#
# A fatal error has been detected by the Java Runtime Environment:
#
#  EXCEPTION_ACCESS_VIOLATION (0xc0000005) at pc=0x00007ff948b3d1b9, pid=15828, tid=11172
#
# JRE version: Java(TM) SE Runtime Environment (15.0.2+7) (build 15.0.2+7-27)
# Java VM: Java HotSpot(TM) 64-Bit Server VM (15.0.2+7-27, mixed mode, sharing, tiered, compressed oops, g1 gc, windows-amd64)
# Problematic frame:
# C  [ig11icd64.dll+0x5bd1b9]
#
# No core dump will be written. Minidumps are not enabled by default on client versions of Windows
#
# If you would like to submit a bug report, please visit:
#   https://bugreport.java.com/bugreport/crash.jsp
#

---------------  S U M M A R Y ------------

Command Line: -Djava.library.path=C:\MyStuff\Java\CustomEngine\libs\natives -javaagent:C:\Users\Steven Zhu\AppData\Local\JetBrains\Toolbox\apps\IDEA-C\ch-0\213.4631.20\lib\idea_rt.jar=58232:C:\Users\Steven Zhu\AppData\Local\JetBrains\Toolbox\apps\IDEA-C\ch-0\213.4631.20\bin -Dfile.encoding=UTF-8 engine.core.tester.TestLoop

Host: Intel(R) Core(TM) i7-1065G7 CPU @ 1.30GHz, 8 cores, 15G,  Windows 10 , 64 bit Build 19041 (10.0.19041.1202)
Time: Tue Oct 26 08:13:23 2021 AUS Eastern Daylight Time elapsed time: 8.098896 seconds (0d 0h 0m 8s)

---------------  T H R E A D  ---------------

Current thread (0x000001c055fe8710):  VMThread "VM Thread" [stack: 0x0000003060400000,0x0000003060500000] [id=11172]

Stack: [0x0000003060400000,0x0000003060500000],  sp=0x00000030604fe810,  free space=1018k
Native frames: (J=compiled Java code, j=interpreted, Vv=VM code, C=native code)
C  [ig11icd64.dll+0x5bd1b9]


siginfo: EXCEPTION_ACCESS_VIOLATION (0xc0000005), reading address 0x00000000000352f8


Register to memory mapping:

RIP=0x00007ff948b3d1b9 ig11icd64.dll
RAX=0x000001c0584a9810 points into unknown readable memory: 0x0000000000000015 | 15 00 00 00 00 00 00 00
RBX=0x000001c0584a9700 points into unknown readable memory: 0x000001c056cd3be0 | e0 3b cd 56 c0 01 00 00
RCX=0x0 is NULL
RDX=0x000001c0584a97d0 points into unknown readable memory: 0x0000000000000000 | 00 00 00 00 00 00 00 00
RSP=0x00000030604fe810 points into unknown readable memory: 0x000001c056c84060 | 60 40 c8 56 c0 01 00 00
RBP=0x0 is NULL
RSI=0x000001c0584a9c18 points into unknown readable memory: 0x0000000000000000 | 00 00 00 00 00 00 00 00
RDI=0x000001c057f01160 points into unknown readable memory: 0x0000000000000000 | 00 00 00 00 00 00 00 00
R8 =0x0000000000000008 is an unknown value
R9 =0x0 is NULL
R10=0x0 is NULL
R11=0x0000000000000246 is an unknown value
R12=0x0 is NULL
R13=0x0 is NULL
R14=0x0 is NULL
R15=0x0 is NULL


Registers:
RAX=0x000001c0584a9810, RBX=0x000001c0584a9700, RCX=0x0000000000000000, RDX=0x000001c0584a97d0
RSP=0x00000030604fe810, RBP=0x0000000000000000, RSI=0x000001c0584a9c18, RDI=0x000001c057f01160
R8 =0x0000000000000008, R9 =0x0000000000000000, R10=0x0000000000000000, R11=0x0000000000000246
R12=0x0000000000000000, R13=0x0000000000000000, R14=0x0000000000000000, R15=0x0000000000000000
RIP=0x00007ff948b3d1b9, EFLAGS=0x0000000000010202

Top of Stack: (sp=0x00000030604fe810)
0x00000030604fe810:   000001c056c84060 00000030604fe850
0x00000030604fe820:   00000030604fe858 0000005400000000
0x00000030604fe830:   00007ff94951ae80 0000000000000016
0x00000030604fe840:   000001c0580be4d0 0000000000000058
0x00000030604fe850:   0000000000000000 00007ff948b1e6f2
0x00000030604fe860:   000001c056c84060 000001c057f01160
0x00000030604fe870:   00000030604fe960 0000000000000000
0x00000030604fe880:   0000000000000694 0000000000000000
0x00000030604fe890:   0000000000000000 0000000000000000
0x00000030604fe8a0:   0000000000140012 00007ff9cbfd9388
0x00000030604fe8b0:   0000000000000000 0000000000000000
0x00000030604fe8c0:   0000000000000000 0000000000000000
0x00000030604fe8d0:   0000000000000070 0000000000000000
0x00000030604fe8e0:   0000000000000000 0000000000000000
0x00000030604fe8f0:   0000000000000000 0000000000000000
0x00000030604fe900:   0000b802008a0000 0000000000000694 

Instructions: (pc=0x00007ff948b3d1b9)
0x00007ff948b3d0b9:   30 44 38 24 01 75 05 e8 b3 10 f9 ff 65 48 8b 04
0x00007ff948b3d0c9:   25 58 00 00 00 41 be 10 00 00 00 48 8b 04 30 4d
0x00007ff948b3d0d9:   8b 34 06 48 85 ed 0f 84 6f 03 00 00 66 66 66 0f
0x00007ff948b3d0e9:   1f 84 00 00 00 00 00 48 8b dd 48 8d b5 18 05 00
0x00007ff948b3d0f9:   00 48 8b 2e 45 84 ff 74 1d 48 8b 0b 48 8b d3 80
0x00007ff948b3d109:   bb 6a 05 00 00 00 0f 85 f2 02 00 00 e8 16 66 fe
0x00007ff948b3d119:   ff e9 f4 02 00 00 8b 8f d0 01 00 00 48 8b 05 24
0x00007ff948b3d129:   15 8e 00 83 b8 54 03 00 00 02 0f 85 f4 00 00 00
0x00007ff948b3d139:   48 8d 93 d0 00 00 00 83 f9 10 73 04 8b c1 eb 56
0x00007ff948b3d149:   44 8d 41 f0 41 8b c0 c1 e8 04 83 f8 03 73 20 0f
0x00007ff948b3d159:   ae e8 41 83 e0 0f 4c 8b 8c c2 00 04 00 00 4d 85
0x00007ff948b3d169:   c9 74 25 41 8b c0 48 c1 e0 06 49 03 c1 eb 2e 48
0x00007ff948b3d179:   8b 82 18 04 00 00 48 85 c0 74 0d 39 08 74 29 48
0x00007ff948b3d189:   8b 40 48 48 85 c0 75 f3 80 ba 20 04 00 00 00 74
0x00007ff948b3d199:   1d 8b c1 83 e0 0f 48 c1 e0 06 48 03 c2 48 85 c0
0x00007ff948b3d1a9:   74 0c 48 8b 48 08 eb 08 48 83 c0 08 eb ef 33 c9
0x00007ff948b3d1b9:   49 3b 8e f8 52 03 00 76 6b 48 8b 87 80 02 00 00
0x00007ff948b3d1c9:   48 89 06 48 89 9f 80 02 00 00 ff 87 88 02 00 00
0x00007ff948b3d1d9:   48 8b 4b 08 48 8b 01 ba 01 00 00 00 48 8b 80 d8
0x00007ff948b3d1e9:   02 00 00 ff 15 0e 74 58 00 0f b7 c8 48 2b c1 48
0x00007ff948b3d1f9:   05 00 00 01 00 48 01 87 90 02 00 00 48 8b 4b 08
0x00007ff948b3d209:   48 8b 01 ba 01 00 00 00 48 8b 80 d8 02 00 00 ff
0x00007ff948b3d219:   15 e2 73 58 00 48 01 87 a0 02 00 00 41 b4 01 e9
0x00007ff948b3d229:   e6 01 00 00 44 8b 9f d0 01 00 00 48 8b 87 e8 01
0x00007ff948b3d239:   00 00 4c 8b 10 8b 8f d0 01 00 00 48 8d 93 d0 00
0x00007ff948b3d249:   00 00 83 f9 10 73 04 8b c1 eb 57 44 8d 41 f0 41
0x00007ff948b3d259:   8b c0 c1 e8 04 83 f8 03 73 20 0f ae e8 41 83 e0
0x00007ff948b3d269:   0f 4c 8b 8c c2 00 04 00 00 4d 85 c9 74 26 41 8b
0x00007ff948b3d279:   c0 48 c1 e0 06 49 03 c1 eb 2f 48 8b 82 18 04 00
0x00007ff948b3d289:   00 48 85 c0 74 0e 90 39 08 74 3c 48 8b 40 48 48
0x00007ff948b3d299:   85 c0 75 f3 80 ba 20 04 00 00 00 74 1b 8b c1 83
0x00007ff948b3d2a9:   e0 0f 48 c1 e0 06 48 03 c2 48 85 c0 74 0a 4c 39 


Stack slot to memory mapping:
stack at sp + 0 slots: 0x000001c056c84060 points into unknown readable memory: 0xffffffffffffffff | ff ff ff ff ff ff ff ff
stack at sp + 1 slots: 0x00000030604fe850 points into unknown readable memory: 0x0000000000000000 | 00 00 00 00 00 00 00 00
stack at sp + 2 slots: 0x00000030604fe858 points into unknown readable memory: 0x00007ff948b1e6f2 | f2 e6 b1 48 f9 7f 00 00
stack at sp + 3 slots: 0x0000005400000000 is an unknown value
stack at sp + 4 slots: 0x00007ff94951ae80 ig11icd64.dll
stack at sp + 5 slots: 0x0000000000000016 is an unknown value
stack at sp + 6 slots: 0x000001c0580be4d0 points into unknown readable memory: 0x0000000000000000 | 00 00 00 00 00 00 00 00
stack at sp + 7 slots: 0x0000000000000058 is an unknown value

VM_Operation (0x000000305fefe400): Exit, mode: safepoint, requested by thread 0x000001c030b30fd0


---------------  P R O C E S S  ---------------

Threads class SMR info:
_java_thread_list=0x000001c05e1f0210, length=12, elements={
0x000001c030b30fd0, 0x000001c055fea640, 0x000001c055feb8c0, 0x000001c055ffe510,
0x000001c0569130a0, 0x000001c056914970, 0x000001c056915660, 0x000001c056916720,
0x000001c056996b70, 0x000001c055fcbbf0, 0x000001c056b32470, 0x000001c056c0a940
}

Java Threads: ( => current thread )
  0x000001c030b30fd0 JavaThread "main" [_thread_blocked, id=1756, stack(0x000000305fe00000,0x000000305ff00000)]
  0x000001c055fea640 JavaThread "Reference Handler" daemon [_thread_blocked, id=15392, stack(0x0000003060500000,0x0000003060600000)]
  0x000001c055feb8c0 JavaThread "Finalizer" daemon [_thread_blocked, id=1136, stack(0x0000003060600000,0x0000003060700000)]
  0x000001c055ffe510 JavaThread "Signal Dispatcher" daemon [_thread_blocked, id=12580, stack(0x0000003060700000,0x0000003060800000)]
  0x000001c0569130a0 JavaThread "Attach Listener" daemon [_thread_blocked, id=19992, stack(0x0000003060800000,0x0000003060900000)]
  0x000001c056914970 JavaThread "Service Thread" daemon [_thread_blocked, id=19816, stack(0x0000003060900000,0x0000003060a00000)]
  0x000001c056915660 JavaThread "C2 CompilerThread0" daemon [_thread_blocked, id=11884, stack(0x0000003060a00000,0x0000003060b00000)]
  0x000001c056916720 JavaThread "C1 CompilerThread0" daemon [_thread_blocked, id=16588, stack(0x0000003060b00000,0x0000003060c00000)]
  0x000001c056996b70 JavaThread "Sweeper thread" daemon [_thread_blocked, id=10872, stack(0x0000003060c00000,0x0000003060d00000)]
  0x000001c055fcbbf0 JavaThread "Common-Cleaner" daemon [_thread_blocked, id=22356, stack(0x0000003060d00000,0x0000003060e00000)]
  0x000001c056b32470 JavaThread "Monitor Ctrl-Break" daemon [_thread_in_native, id=22036, stack(0x0000003060e00000,0x0000003060f00000)]
  0x000001c056c0a940 JavaThread "Notification Thread" daemon [_thread_blocked, id=17532, stack(0x0000003060f00000,0x0000003061000000)]

Other Threads:
=>0x000001c055fe8710 VMThread "VM Thread" [stack: 0x0000003060400000,0x0000003060500000] [id=11172]
  0x000001c030b811e0 GCTaskThread "GC Thread#0" [stack: 0x000000305ff00000,0x0000003060000000] [id=24496]
  0x000001c030b93d30 ConcurrentGCThread "G1 Main Marker" [stack: 0x0000003060000000,0x0000003060100000] [id=5316]
  0x000001c030b94830 ConcurrentGCThread "G1 Conc#0" [stack: 0x0000003060100000,0x0000003060200000] [id=4668]
  0x000001c055e624c0 ConcurrentGCThread "G1 Refine#0" [stack: 0x0000003060200000,0x0000003060300000] [id=25324]
  0x000001c030c058d0 ConcurrentGCThread "G1 Young RemSet Sampling" [stack: 0x0000003060300000,0x0000003060400000] [id=7400]

Threads with active compile tasks:

VM state: at safepoint (shutting down)

VM Mutex/Monitor currently owned by a thread:  ([mutex/lock_event])
[0x000001c030b2c980] Threads_lock - owner thread: 0x000001c055fe8710
[0x000001c030b2cbc0] Heap_lock - owner thread: 0x000001c030b30fd0

Heap address: 0x0000000705200000, size: 4014 MB, Compressed Oops mode: Zero based, Oop shift amount: 3
CDS archive(s) mapped at: [0x0000000800000000-0x0000000800b50000-0x0000000800b50000), size 11862016, SharedBaseAddress: 0x0000000800000000, ArchiveRelocationMode: 0.
Compressed class space mapped at: 0x0000000800b50000-0x0000000840b50000, size: 1073741824
Narrow klass base: 0x0000000800000000, Narrow klass shift: 3, Narrow klass range: 0x100000000

GC Precious Log:
 CPUs: 8 total, 8 available
 Memory: 16049M
 Large Page Support: Disabled
 NUMA Support: Disabled
 Compressed Oops: Enabled (Zero based)
 Heap Region Size: 2M
 Heap Min Capacity: 8M
 Heap Initial Capacity: 252M
 Heap Max Capacity: 4014M
 Pre-touch: Disabled
 Parallel Workers: 8
 Concurrent Workers: 2
 Concurrent Refinement Workers: 8
 Periodic GC: Disabled

Heap:
 garbage-first heap   total 258048K, used 8192K [0x0000000705200000, 0x0000000800000000)
  region size 2048K, 5 young (10240K), 0 survivors (0K)
 Metaspace       used 3634K, capacity 6103K, committed 6400K, reserved 1056768K
  class space    used 249K, capacity 509K, committed 512K, reserved 1048576K

Heap Regions: E=young(eden), S=young(survivor), O=old, HS=humongous(starts), HC=humongous(continues), CS=collection set, F=free, OA=open archive, CA=closed archive, TAMS=top-at-mark-start (previous, next)
|   0|0x0000000705200000, 0x0000000705200000, 0x0000000705400000|  0%| F|  |TAMS 0x0000000705200000, 0x0000000705200000| Untracked 
|   1|0x0000000705400000, 0x0000000705400000, 0x0000000705600000|  0%| F|  |TAMS 0x0000000705400000, 0x0000000705400000| Untracked 
|   2|0x0000000705600000, 0x0000000705600000, 0x0000000705800000|  0%| F|  |TAMS 0x0000000705600000, 0x0000000705600000| Untracked 
|   3|0x0000000705800000, 0x0000000705800000, 0x0000000705a00000|  0%| F|  |TAMS 0x0000000705800000, 0x0000000705800000| Untracked 
|   4|0x0000000705a00000, 0x0000000705a00000, 0x0000000705c00000|  0%| F|  |TAMS 0x0000000705a00000, 0x0000000705a00000| Untracked 
|   5|0x0000000705c00000, 0x0000000705c00000, 0x0000000705e00000|  0%| F|  |TAMS 0x0000000705c00000, 0x0000000705c00000| Untracked 
|   6|0x0000000705e00000, 0x0000000705e00000, 0x0000000706000000|  0%| F|  |TAMS 0x0000000705e00000, 0x0000000705e00000| Untracked 
|   7|0x0000000706000000, 0x0000000706000000, 0x0000000706200000|  0%| F|  |TAMS 0x0000000706000000, 0x0000000706000000| Untracked 
|   8|0x0000000706200000, 0x0000000706200000, 0x0000000706400000|  0%| F|  |TAMS 0x0000000706200000, 0x0000000706200000| Untracked 
|   9|0x0000000706400000, 0x0000000706400000, 0x0000000706600000|  0%| F|  |TAMS 0x0000000706400000, 0x0000000706400000| Untracked 
|  10|0x0000000706600000, 0x0000000706600000, 0x0000000706800000|  0%| F|  |TAMS 0x0000000706600000, 0x0000000706600000| Untracked 
|  11|0x0000000706800000, 0x0000000706800000, 0x0000000706a00000|  0%| F|  |TAMS 0x0000000706800000, 0x0000000706800000| Untracked 
|  12|0x0000000706a00000, 0x0000000706a00000, 0x0000000706c00000|  0%| F|  |TAMS 0x0000000706a00000, 0x0000000706a00000| Untracked 
|  13|0x0000000706c00000, 0x0000000706c00000, 0x0000000706e00000|  0%| F|  |TAMS 0x0000000706c00000, 0x0000000706c00000| Untracked 
|  14|0x0000000706e00000, 0x0000000706e00000, 0x0000000707000000|  0%| F|  |TAMS 0x0000000706e00000, 0x0000000706e00000| Untracked 
|  15|0x0000000707000000, 0x0000000707000000, 0x0000000707200000|  0%| F|  |TAMS 0x0000000707000000, 0x0000000707000000| Untracked 
|  16|0x0000000707200000, 0x0000000707200000, 0x0000000707400000|  0%| F|  |TAMS 0x0000000707200000, 0x0000000707200000| Untracked 
|  17|0x0000000707400000, 0x0000000707400000, 0x0000000707600000|  0%| F|  |TAMS 0x0000000707400000, 0x0000000707400000| Untracked 
|  18|0x0000000707600000, 0x0000000707600000, 0x0000000707800000|  0%| F|  |TAMS 0x0000000707600000, 0x0000000707600000| Untracked 
|  19|0x0000000707800000, 0x0000000707800000, 0x0000000707a00000|  0%| F|  |TAMS 0x0000000707800000, 0x0000000707800000| Untracked 
|  20|0x0000000707a00000, 0x0000000707a00000, 0x0000000707c00000|  0%| F|  |TAMS 0x0000000707a00000, 0x0000000707a00000| Untracked 
|  21|0x0000000707c00000, 0x0000000707c00000, 0x0000000707e00000|  0%| F|  |TAMS 0x0000000707c00000, 0x0000000707c00000| Untracked 
|  22|0x0000000707e00000, 0x0000000707e00000, 0x0000000708000000|  0%| F|  |TAMS 0x0000000707e00000, 0x0000000707e00000| Untracked 
|  23|0x0000000708000000, 0x0000000708000000, 0x0000000708200000|  0%| F|  |TAMS 0x0000000708000000, 0x0000000708000000| Untracked 
|  24|0x0000000708200000, 0x0000000708200000, 0x0000000708400000|  0%| F|  |TAMS 0x0000000708200000, 0x0000000708200000| Untracked 
|  25|0x0000000708400000, 0x0000000708400000, 0x0000000708600000|  0%| F|  |TAMS 0x0000000708400000, 0x0000000708400000| Untracked 
|  26|0x0000000708600000, 0x0000000708600000, 0x0000000708800000|  0%| F|  |TAMS 0x0000000708600000, 0x0000000708600000| Untracked 
|  27|0x0000000708800000, 0x0000000708800000, 0x0000000708a00000|  0%| F|  |TAMS 0x0000000708800000, 0x0000000708800000| Untracked 
|  28|0x0000000708a00000, 0x0000000708a00000, 0x0000000708c00000|  0%| F|  |TAMS 0x0000000708a00000, 0x0000000708a00000| Untracked 
|  29|0x0000000708c00000, 0x0000000708c00000, 0x0000000708e00000|  0%| F|  |TAMS 0x0000000708c00000, 0x0000000708c00000| Untracked 
|  30|0x0000000708e00000, 0x0000000708e00000, 0x0000000709000000|  0%| F|  |TAMS 0x0000000708e00000, 0x0000000708e00000| Untracked 
|  31|0x0000000709000000, 0x0000000709000000, 0x0000000709200000|  0%| F|  |TAMS 0x0000000709000000, 0x0000000709000000| Untracked 
|  32|0x0000000709200000, 0x0000000709200000, 0x0000000709400000|  0%| F|  |TAMS 0x0000000709200000, 0x0000000709200000| Untracked 
|  33|0x0000000709400000, 0x0000000709400000, 0x0000000709600000|  0%| F|  |TAMS 0x0000000709400000, 0x0000000709400000| Untracked 
|  34|0x0000000709600000, 0x0000000709600000, 0x0000000709800000|  0%| F|  |TAMS 0x0000000709600000, 0x0000000709600000| Untracked 
|  35|0x0000000709800000, 0x0000000709800000, 0x0000000709a00000|  0%| F|  |TAMS 0x0000000709800000, 0x0000000709800000| Untracked 
|  36|0x0000000709a00000, 0x0000000709a00000, 0x0000000709c00000|  0%| F|  |TAMS 0x0000000709a00000, 0x0000000709a00000| Untracked 
|  37|0x0000000709c00000, 0x0000000709c00000, 0x0000000709e00000|  0%| F|  |TAMS 0x0000000709c00000, 0x0000000709c00000| Untracked 
|  38|0x0000000709e00000, 0x0000000709e00000, 0x000000070a000000|  0%| F|  |TAMS 0x0000000709e00000, 0x0000000709e00000| Untracked 
|  39|0x000000070a000000, 0x000000070a000000, 0x000000070a200000|  0%| F|  |TAMS 0x000000070a000000, 0x000000070a000000| Untracked 
|  40|0x000000070a200000, 0x000000070a200000, 0x000000070a400000|  0%| F|  |TAMS 0x000000070a200000, 0x000000070a200000| Untracked 
|  41|0x000000070a400000, 0x000000070a400000, 0x000000070a600000|  0%| F|  |TAMS 0x000000070a400000, 0x000000070a400000| Untracked 
|  42|0x000000070a600000, 0x000000070a600000, 0x000000070a800000|  0%| F|  |TAMS 0x000000070a600000, 0x000000070a600000| Untracked 
|  43|0x000000070a800000, 0x000000070a800000, 0x000000070aa00000|  0%| F|  |TAMS 0x000000070a800000, 0x000000070a800000| Untracked 
|  44|0x000000070aa00000, 0x000000070aa00000, 0x000000070ac00000|  0%| F|  |TAMS 0x000000070aa00000, 0x000000070aa00000| Untracked 
|  45|0x000000070ac00000, 0x000000070ac00000, 0x000000070ae00000|  0%| F|  |TAMS 0x000000070ac00000, 0x000000070ac00000| Untracked 
|  46|0x000000070ae00000, 0x000000070ae00000, 0x000000070b000000|  0%| F|  |TAMS 0x000000070ae00000, 0x000000070ae00000| Untracked 
|  47|0x000000070b000000, 0x000000070b000000, 0x000000070b200000|  0%| F|  |TAMS 0x000000070b000000, 0x000000070b000000| Untracked 
|  48|0x000000070b200000, 0x000000070b200000, 0x000000070b400000|  0%| F|  |TAMS 0x000000070b200000, 0x000000070b200000| Untracked 
|  49|0x000000070b400000, 0x000000070b400000, 0x000000070b600000|  0%| F|  |TAMS 0x000000070b400000, 0x000000070b400000| Untracked 
|  50|0x000000070b600000, 0x000000070b600000, 0x000000070b800000|  0%| F|  |TAMS 0x000000070b600000, 0x000000070b600000| Untracked 
|  51|0x000000070b800000, 0x000000070b800000, 0x000000070ba00000|  0%| F|  |TAMS 0x000000070b800000, 0x000000070b800000| Untracked 
|  52|0x000000070ba00000, 0x000000070ba00000, 0x000000070bc00000|  0%| F|  |TAMS 0x000000070ba00000, 0x000000070ba00000| Untracked 
|  53|0x000000070bc00000, 0x000000070bc00000, 0x000000070be00000|  0%| F|  |TAMS 0x000000070bc00000, 0x000000070bc00000| Untracked 
|  54|0x000000070be00000, 0x000000070be00000, 0x000000070c000000|  0%| F|  |TAMS 0x000000070be00000, 0x000000070be00000| Untracked 
|  55|0x000000070c000000, 0x000000070c000000, 0x000000070c200000|  0%| F|  |TAMS 0x000000070c000000, 0x000000070c000000| Untracked 
|  56|0x000000070c200000, 0x000000070c200000, 0x000000070c400000|  0%| F|  |TAMS 0x000000070c200000, 0x000000070c200000| Untracked 
|  57|0x000000070c400000, 0x000000070c400000, 0x000000070c600000|  0%| F|  |TAMS 0x000000070c400000, 0x000000070c400000| Untracked 
|  58|0x000000070c600000, 0x000000070c600000, 0x000000070c800000|  0%| F|  |TAMS 0x000000070c600000, 0x000000070c600000| Untracked 
|  59|0x000000070c800000, 0x000000070c800000, 0x000000070ca00000|  0%| F|  |TAMS 0x000000070c800000, 0x000000070c800000| Untracked 
|  60|0x000000070ca00000, 0x000000070ca00000, 0x000000070cc00000|  0%| F|  |TAMS 0x000000070ca00000, 0x000000070ca00000| Untracked 
|  61|0x000000070cc00000, 0x000000070cc00000, 0x000000070ce00000|  0%| F|  |TAMS 0x000000070cc00000, 0x000000070cc00000| Untracked 
|  62|0x000000070ce00000, 0x000000070ce00000, 0x000000070d000000|  0%| F|  |TAMS 0x000000070ce00000, 0x000000070ce00000| Untracked 
|  63|0x000000070d000000, 0x000000070d000000, 0x000000070d200000|  0%| F|  |TAMS 0x000000070d000000, 0x000000070d000000| Untracked 
|  64|0x000000070d200000, 0x000000070d200000, 0x000000070d400000|  0%| F|  |TAMS 0x000000070d200000, 0x000000070d200000| Untracked 
|  65|0x000000070d400000, 0x000000070d400000, 0x000000070d600000|  0%| F|  |TAMS 0x000000070d400000, 0x000000070d400000| Untracked 
|  66|0x000000070d600000, 0x000000070d600000, 0x000000070d800000|  0%| F|  |TAMS 0x000000070d600000, 0x000000070d600000| Untracked 
|  67|0x000000070d800000, 0x000000070d800000, 0x000000070da00000|  0%| F|  |TAMS 0x000000070d800000, 0x000000070d800000| Untracked 
|  68|0x000000070da00000, 0x000000070da00000, 0x000000070dc00000|  0%| F|  |TAMS 0x000000070da00000, 0x000000070da00000| Untracked 
|  69|0x000000070dc00000, 0x000000070dc00000, 0x000000070de00000|  0%| F|  |TAMS 0x000000070dc00000, 0x000000070dc00000| Untracked 
|  70|0x000000070de00000, 0x000000070de00000, 0x000000070e000000|  0%| F|  |TAMS 0x000000070de00000, 0x000000070de00000| Untracked 
|  71|0x000000070e000000, 0x000000070e000000, 0x000000070e200000|  0%| F|  |TAMS 0x000000070e000000, 0x000000070e000000| Untracked 
|  72|0x000000070e200000, 0x000000070e200000, 0x000000070e400000|  0%| F|  |TAMS 0x000000070e200000, 0x000000070e200000| Untracked 
|  73|0x000000070e400000, 0x000000070e400000, 0x000000070e600000|  0%| F|  |TAMS 0x000000070e400000, 0x000000070e400000| Untracked 
|  74|0x000000070e600000, 0x000000070e600000, 0x000000070e800000|  0%| F|  |TAMS 0x000000070e600000, 0x000000070e600000| Untracked 
|  75|0x000000070e800000, 0x000000070e800000, 0x000000070ea00000|  0%| F|  |TAMS 0x000000070e800000, 0x000000070e800000| Untracked 
|  76|0x000000070ea00000, 0x000000070ea00000, 0x000000070ec00000|  0%| F|  |TAMS 0x000000070ea00000, 0x000000070ea00000| Untracked 
|  77|0x000000070ec00000, 0x000000070ec00000, 0x000000070ee00000|  0%| F|  |TAMS 0x000000070ec00000, 0x000000070ec00000| Untracked 
|  78|0x000000070ee00000, 0x000000070ee00000, 0x000000070f000000|  0%| F|  |TAMS 0x000000070ee00000, 0x000000070ee00000| Untracked 
|  79|0x000000070f000000, 0x000000070f000000, 0x000000070f200000|  0%| F|  |TAMS 0x000000070f000000, 0x000000070f000000| Untracked 
|  80|0x000000070f200000, 0x000000070f200000, 0x000000070f400000|  0%| F|  |TAMS 0x000000070f200000, 0x000000070f200000| Untracked 
|  81|0x000000070f400000, 0x000000070f400000, 0x000000070f600000|  0%| F|  |TAMS 0x000000070f400000, 0x000000070f400000| Untracked 
|  82|0x000000070f600000, 0x000000070f600000, 0x000000070f800000|  0%| F|  |TAMS 0x000000070f600000, 0x000000070f600000| Untracked 
|  83|0x000000070f800000, 0x000000070f800000, 0x000000070fa00000|  0%| F|  |TAMS 0x000000070f800000, 0x000000070f800000| Untracked 
|  84|0x000000070fa00000, 0x000000070fa00000, 0x000000070fc00000|  0%| F|  |TAMS 0x000000070fa00000, 0x000000070fa00000| Untracked 
|  85|0x000000070fc00000, 0x000000070fc00000, 0x000000070fe00000|  0%| F|  |TAMS 0x000000070fc00000, 0x000000070fc00000| Untracked 
|  86|0x000000070fe00000, 0x000000070fe00000, 0x0000000710000000|  0%| F|  |TAMS 0x000000070fe00000, 0x000000070fe00000| Untracked 
|  87|0x0000000710000000, 0x0000000710000000, 0x0000000710200000|  0%| F|  |TAMS 0x0000000710000000, 0x0000000710000000| Untracked 
|  88|0x0000000710200000, 0x0000000710200000, 0x0000000710400000|  0%| F|  |TAMS 0x0000000710200000, 0x0000000710200000| Untracked 
|  89|0x0000000710400000, 0x0000000710400000, 0x0000000710600000|  0%| F|  |TAMS 0x0000000710400000, 0x0000000710400000| Untracked 
|  90|0x0000000710600000, 0x0000000710600000, 0x0000000710800000|  0%| F|  |TAMS 0x0000000710600000, 0x0000000710600000| Untracked 
|  91|0x0000000710800000, 0x0000000710800000, 0x0000000710a00000|  0%| F|  |TAMS 0x0000000710800000, 0x0000000710800000| Untracked 
|  92|0x0000000710a00000, 0x0000000710a00000, 0x0000000710c00000|  0%| F|  |TAMS 0x0000000710a00000, 0x0000000710a00000| Untracked 
|  93|0x0000000710c00000, 0x0000000710c00000, 0x0000000710e00000|  0%| F|  |TAMS 0x0000000710c00000, 0x0000000710c00000| Untracked 
|  94|0x0000000710e00000, 0x0000000710e00000, 0x0000000711000000|  0%| F|  |TAMS 0x0000000710e00000, 0x0000000710e00000| Untracked 
|  95|0x0000000711000000, 0x0000000711000000, 0x0000000711200000|  0%| F|  |TAMS 0x0000000711000000, 0x0000000711000000| Untracked 
|  96|0x0000000711200000, 0x0000000711200000, 0x0000000711400000|  0%| F|  |TAMS 0x0000000711200000, 0x0000000711200000| Untracked 
|  97|0x0000000711400000, 0x0000000711400000, 0x0000000711600000|  0%| F|  |TAMS 0x0000000711400000, 0x0000000711400000| Untracked 
|  98|0x0000000711600000, 0x0000000711600000, 0x0000000711800000|  0%| F|  |TAMS 0x0000000711600000, 0x0000000711600000| Untracked 
|  99|0x0000000711800000, 0x0000000711800000, 0x0000000711a00000|  0%| F|  |TAMS 0x0000000711800000, 0x0000000711800000| Untracked 
| 100|0x0000000711a00000, 0x0000000711a00000, 0x0000000711c00000|  0%| F|  |TAMS 0x0000000711a00000, 0x0000000711a00000| Untracked 
| 101|0x0000000711c00000, 0x0000000711c00000, 0x0000000711e00000|  0%| F|  |TAMS 0x0000000711c00000, 0x0000000711c00000| Untracked 
| 102|0x0000000711e00000, 0x0000000711e00000, 0x0000000712000000|  0%| F|  |TAMS 0x0000000711e00000, 0x0000000711e00000| Untracked 
| 103|0x0000000712000000, 0x0000000712000000, 0x0000000712200000|  0%| F|  |TAMS 0x0000000712000000, 0x0000000712000000| Untracked 
| 104|0x0000000712200000, 0x0000000712200000, 0x0000000712400000|  0%| F|  |TAMS 0x0000000712200000, 0x0000000712200000| Untracked 
| 105|0x0000000712400000, 0x0000000712400000, 0x0000000712600000|  0%| F|  |TAMS 0x0000000712400000, 0x0000000712400000| Untracked 
| 106|0x0000000712600000, 0x0000000712600000, 0x0000000712800000|  0%| F|  |TAMS 0x0000000712600000, 0x0000000712600000| Untracked 
| 107|0x0000000712800000, 0x0000000712800000, 0x0000000712a00000|  0%| F|  |TAMS 0x0000000712800000, 0x0000000712800000| Untracked 
| 108|0x0000000712a00000, 0x0000000712a00000, 0x0000000712c00000|  0%| F|  |TAMS 0x0000000712a00000, 0x0000000712a00000| Untracked 
| 109|0x0000000712c00000, 0x0000000712c00000, 0x0000000712e00000|  0%| F|  |TAMS 0x0000000712c00000, 0x0000000712c00000| Untracked 
| 110|0x0000000712e00000, 0x0000000712e00000, 0x0000000713000000|  0%| F|  |TAMS 0x0000000712e00000, 0x0000000712e00000| Untracked 
| 111|0x0000000713000000, 0x0000000713000000, 0x0000000713200000|  0%| F|  |TAMS 0x0000000713000000, 0x0000000713000000| Untracked 
| 112|0x0000000713200000, 0x0000000713200000, 0x0000000713400000|  0%| F|  |TAMS 0x0000000713200000, 0x0000000713200000| Untracked 
| 113|0x0000000713400000, 0x0000000713400000, 0x0000000713600000|  0%| F|  |TAMS 0x0000000713400000, 0x0000000713400000| Untracked 
| 114|0x0000000713600000, 0x0000000713600000, 0x0000000713800000|  0%| F|  |TAMS 0x0000000713600000, 0x0000000713600000| Untracked 
| 115|0x0000000713800000, 0x0000000713800000, 0x0000000713a00000|  0%| F|  |TAMS 0x0000000713800000, 0x0000000713800000| Untracked 
| 116|0x0000000713a00000, 0x0000000713a00000, 0x0000000713c00000|  0%| F|  |TAMS 0x0000000713a00000, 0x0000000713a00000| Untracked 
| 117|0x0000000713c00000, 0x0000000713c00000, 0x0000000713e00000|  0%| F|  |TAMS 0x0000000713c00000, 0x0000000713c00000| Untracked 
| 118|0x0000000713e00000, 0x0000000713e00000, 0x0000000714000000|  0%| F|  |TAMS 0x0000000713e00000, 0x0000000713e00000| Untracked 
| 119|0x0000000714000000, 0x0000000714000000, 0x0000000714200000|  0%| F|  |TAMS 0x0000000714000000, 0x0000000714000000| Untracked 
| 120|0x0000000714200000, 0x0000000714200000, 0x0000000714400000|  0%| F|  |TAMS 0x0000000714200000, 0x0000000714200000| Untracked 
| 121|0x0000000714400000, 0x0000000714553f20, 0x0000000714600000| 66%| E|  |TAMS 0x0000000714400000, 0x0000000714400000| Complete 
| 122|0x0000000714600000, 0x0000000714800000, 0x0000000714800000|100%| E|CS|TAMS 0x0000000714600000, 0x0000000714600000| Complete 
| 123|0x0000000714800000, 0x0000000714a00000, 0x0000000714a00000|100%| E|CS|TAMS 0x0000000714800000, 0x0000000714800000| Complete 
| 124|0x0000000714a00000, 0x0000000714c00000, 0x0000000714c00000|100%| E|CS|TAMS 0x0000000714a00000, 0x0000000714a00000| Complete 
| 125|0x0000000714c00000, 0x0000000714e00000, 0x0000000714e00000|100%| E|CS|TAMS 0x0000000714c00000, 0x0000000714c00000| Complete 

Card table byte_map: [0x000001c04a7b0000,0x000001c04af90000] _byte_map_base: 0x000001c046f87000

Marking Bits (Prev, Next): (CMBitMap*) 0x000001c030b83900, (CMBitMap*) 0x000001c030b83940
 Prev Bits: [0x000001c04b770000, 0x000001c04f628000)
 Next Bits: [0x000001c04f630000, 0x000001c0534e8000)

Polling page: 0x000001c03a520000

Metaspace:

Usage:
  Non-class:      5.46 MB capacity,     3.31 MB ( 61%) used,     2.15 MB ( 39%) free+waste,     4.25 KB ( <1%) overhead. 
      Class:    509.00 KB capacity,   249.06 KB ( 49%) used,   258.19 KB ( 51%) free+waste,     1.75 KB ( <1%) overhead. 
       Both:      5.96 MB capacity,     3.55 MB ( 60%) used,     2.40 MB ( 40%) free+waste,     6.00 KB ( <1%) overhead. 

Virtual space:
  Non-class space:        8.00 MB reserved,       5.75 MB ( 72%) committed 
      Class space:        1.00 GB reserved,     512.00 KB ( <1%) committed 
             Both:        1.01 GB reserved,       6.25 MB ( <1%) committed 

Chunk freelists:
   Non-Class:  102.00 KB
       Class:  3.00 KB
        Both:  105.00 KB

MaxMetaspaceSize: 17179869184.00 GB
CompressedClassSpaceSize: 1.00 GB

CodeHeap 'non-profiled nmethods': size=120000Kb used=208Kb max_used=208Kb free=119791Kb
 bounds [0x000001c042010000, 0x000001c042280000, 0x000001c049540000]
CodeHeap 'profiled nmethods': size=120000Kb used=1163Kb max_used=1163Kb free=118837Kb
 bounds [0x000001c03aae0000, 0x000001c03ad50000, 0x000001c042010000]
CodeHeap 'non-nmethods': size=5760Kb used=1249Kb max_used=1264Kb free=4510Kb
 bounds [0x000001c03a540000, 0x000001c03a7b0000, 0x000001c03aae0000]
 total_blobs=1244 nmethods=726 adapters=431
 compilation: enabled
              stopped_count=0, restarted_count=0
 full_count=0

Compilation events (20 events):
Event: 7.514 Thread 0x000001c056916720 nmethod 710 0x000001c03abff790 code [0x000001c03abff960, 0x000001c03abffc88]
Event: 7.514 Thread 0x000001c056916720  711       3       sun.invoke.util.Wrapper::findPrimitiveType (25 bytes)
Event: 7.514 Thread 0x000001c056915660 nmethod 688 0x000001c042042110 code [0x000001c0420422a0, 0x000001c042042478]
Event: 7.514 Thread 0x000001c056915660  717       4       java.lang.StringLatin1::replace (198 bytes)
Event: 7.515 Thread 0x000001c056916720 nmethod 711 0x000001c03abffe90 code [0x000001c03ac00100, 0x000001c03ac00c28]
Event: 7.515 Thread 0x000001c056916720  718       3       jdk.internal.org.objectweb.asm.Frame::push (109 bytes)
Event: 7.516 Thread 0x000001c056916720 nmethod 718 0x000001c03ac01090 code [0x000001c03ac01260, 0x000001c03ac01808]
Event: 7.516 Thread 0x000001c056916720  712       1       java.lang.invoke.LambdaForm$BasicType::basicTypeClass (5 bytes)
Event: 7.516 Thread 0x000001c056916720 nmethod 712 0x000001c042042c10 code [0x000001c042042da0, 0x000001c042042e58]
Event: 7.516 Thread 0x000001c056916720  713       1       java.lang.invoke.MethodTypeForm::basicType (5 bytes)
Event: 7.516 Thread 0x000001c056916720 nmethod 713 0x000001c042042f10 code [0x000001c0420430a0, 0x000001c042043158]
Event: 7.516 Thread 0x000001c056916720  721       3       java.lang.invoke.MethodType::parameterSlotCount (8 bytes)
Event: 7.516 Thread 0x000001c056916720 nmethod 721 0x000001c03ac01a10 code [0x000001c03ac01ba0, 0x000001c03ac01cb8]
Event: 7.517 Thread 0x000001c056916720  723       3       java.util.Objects::requireNonNull (14 bytes)
Event: 7.517 Thread 0x000001c056916720 nmethod 723 0x000001c03ac01d90 code [0x000001c03ac01f40, 0x000001c03ac02108]
Event: 7.517 Thread 0x000001c056916720  725       3       java.lang.invoke.LambdaForm::parameterType (9 bytes)
Event: 7.518 Thread 0x000001c056916720 nmethod 725 0x000001c03ac02210 code [0x000001c03ac023c0, 0x000001c03ac02508]
Event: 7.519 Thread 0x000001c056916720  726       3       java.nio.ByteBuffer::arrayOffset (35 bytes)
Event: 7.519 Thread 0x000001c056916720 nmethod 726 0x000001c03ac02610 code [0x000001c03ac027e0, 0x000001c03ac02ab8]
Event: 7.533 Thread 0x000001c056915660 nmethod 717 0x000001c042043810 code [0x000001c0420439c0, 0x000001c042043ea8]

GC Heap History (0 events):
No events

Deoptimization events (20 events):
Event: 1.886 Thread 0x000001c030b30fd0 Uncommon trap: trap_request=0xffffffde fr.pc=0x000001c04201d698 relative=0x00000000000007b8
Event: 1.886 Thread 0x000001c030b30fd0 Uncommon trap: reason=class_check action=maybe_recompile pc=0x000001c04201d698 method=java.util.HashMap.putVal(ILjava/lang/Object;Ljava/lang/Object;ZZ)Ljava/lang/Object; @ 152 c2
Event: 1.886 Thread 0x000001c030b30fd0 DEOPT PACKING pc=0x000001c04201d698 sp=0x000000305fefe030
Event: 1.886 Thread 0x000001c030b30fd0 DEOPT UNPACKING pc=0x000001c03a54852f sp=0x000000305fefdfb0 mode 2
Event: 1.895 Thread 0x000001c030b30fd0 Uncommon trap: trap_request=0xffffffde fr.pc=0x000001c04201d698 relative=0x00000000000007b8
Event: 1.895 Thread 0x000001c030b30fd0 Uncommon trap: reason=class_check action=maybe_recompile pc=0x000001c04201d698 method=java.util.HashMap.putVal(ILjava/lang/Object;Ljava/lang/Object;ZZ)Ljava/lang/Object; @ 152 c2
Event: 1.895 Thread 0x000001c030b30fd0 DEOPT PACKING pc=0x000001c04201d698 sp=0x000000305fefe030
Event: 1.895 Thread 0x000001c030b30fd0 DEOPT UNPACKING pc=0x000001c03a54852f sp=0x000000305fefdfb0 mode 2
Event: 3.787 Thread 0x000001c030b30fd0 Uncommon trap: trap_request=0xffffff45 fr.pc=0x000001c04201e294 relative=0x0000000000000074
Event: 3.787 Thread 0x000001c030b30fd0 Uncommon trap: reason=unstable_if action=reinterpret pc=0x000001c04201e294 method=java.lang.String.isLatin1()Z @ 10 c2
Event: 3.787 Thread 0x000001c030b30fd0 DEOPT PACKING pc=0x000001c04201e294 sp=0x000000305fefef60
Event: 3.787 Thread 0x000001c030b30fd0 DEOPT UNPACKING pc=0x000001c03a54852f sp=0x000000305fefeea0 mode 2
Event: 6.830 Thread 0x000001c030b30fd0 Uncommon trap: trap_request=0xffffff45 fr.pc=0x000001c042039424 relative=0x0000000000000384
Event: 6.830 Thread 0x000001c030b30fd0 Uncommon trap: reason=unstable_if action=reinterpret pc=0x000001c042039424 method=java.lang.StringLatin1.indexOf([BI[BII)I @ 91 c2
Event: 6.830 Thread 0x000001c030b30fd0 DEOPT PACKING pc=0x000001c042039424 sp=0x000000305fefd350
Event: 6.830 Thread 0x000001c030b30fd0 DEOPT UNPACKING pc=0x000001c03a54852f sp=0x000000305fefd2b0 mode 2
Event: 7.506 Thread 0x000001c030b30fd0 Uncommon trap: trap_request=0xffffff45 fr.pc=0x000001c0420304b4 relative=0x0000000000000034
Event: 7.506 Thread 0x000001c030b30fd0 Uncommon trap: reason=unstable_if action=reinterpret pc=0x000001c0420304b4 method=java.util.Objects.requireNonNull(Ljava/lang/Object;)Ljava/lang/Object; @ 1 c2
Event: 7.506 Thread 0x000001c030b30fd0 DEOPT PACKING pc=0x000001c0420304b4 sp=0x000000305fefe690
Event: 7.506 Thread 0x000001c030b30fd0 DEOPT UNPACKING pc=0x000001c03a54852f sp=0x000000305fefe630 mode 2

Classes unloaded (0 events):
No events

Classes redefined (0 events):
No events

Internal exceptions (3 events):
Event: 3.804 Thread 0x000001c056b32470 Exception <a 'java/lang/NoSuchMethodError'{0x0000000714a7b5d0}: 'java.lang.Object java.lang.invoke.DirectMethodHandle$Holder.invokeStatic(java.lang.Object)'> (0x0000000714a7b5d0) 
thrown [./open/src/hotspot/share/interpreter/linkResolver.cpp, line 782]
Event: 3.805 Thread 0x000001c056b32470 Exception <a 'java/lang/NoSuchMethodError'{0x0000000714a7eee0}: 'java.lang.Object java.lang.invoke.DirectMethodHandle$Holder.invokeStaticInit(java.lang.Object)'> (0x0000000714a7eee0) 
thrown [./open/src/hotspot/share/interpreter/linkResolver.cpp, line 782]
Event: 3.821 Thread 0x000001c056b32470 Exception <a 'java/lang/NoSuchMethodError'{0x0000000714a8c258}: 'void java.lang.invoke.DirectMethodHandle$Holder.invokeStatic(java.lang.Object, java.lang.Object)'> (0x0000000714a8c258) 
thrown [./open/src/hotspot/share/interpreter/linkResolver.cpp, line 782]

Events (20 events):
Event: 7.443 loading class java/awt/image/WritableRaster
Event: 7.444 loading class java/awt/image/Raster
Event: 7.444 loading class java/awt/image/Raster done
Event: 7.444 loading class java/awt/image/WritableRaster done
Event: 7.444 loading class sun/awt/image/SunWritableRaster done
Event: 7.448 loading class java/util/zip/DataFormatException
Event: 7.448 loading class java/util/zip/DataFormatException done
Event: 7.448 loading class java/io/EOFException
Event: 7.448 loading class java/io/EOFException done
Event: 7.506 loading class java/lang/Throwable$WrappedPrintStream
Event: 7.506 loading class java/lang/Throwable$PrintStreamOrWriter
Event: 7.506 loading class java/lang/Throwable$PrintStreamOrWriter done
Event: 7.506 loading class java/lang/Throwable$WrappedPrintStream done
Event: 7.507 loading class java/lang/StackTraceElement$HashedModules
Event: 7.507 loading class java/lang/StackTraceElement$HashedModules done
Event: 7.516 loading class java/lang/invoke/BoundMethodHandle$Species_LLLLL
Event: 7.517 loading class java/lang/invoke/BoundMethodHandle$Species_LLLLL done
Event: 7.519 Thread 0x000001c05842c8b0 Thread added: 0x000001c05842c8b0
Event: 7.574 Thread 0x000001c05842c8b0 Thread exited: 0x000001c05842c8b0
Event: 7.575 Executing VM operation: Exit


Dynamic libraries:
0x00007ff69ea60000 - 0x00007ff69ea6f000 	C:\Program Files\Java\jdk-15.0.2\bin\java.exe
0x00007ff9d57b0000 - 0x00007ff9d59a5000 	C:\WINDOWS\SYSTEM32\ntdll.dll
0x00007ff9d4560000 - 0x00007ff9d461e000 	C:\WINDOWS\System32\KERNEL32.DLL
0x00007ff9d2ed0000 - 0x00007ff9d3199000 	C:\WINDOWS\System32\KERNELBASE.dll
0x00007ff9d35e0000 - 0x00007ff9d36e0000 	C:\WINDOWS\System32\ucrtbase.dll
0x00007ff9bcdf0000 - 0x00007ff9bce08000 	C:\Program Files\Java\jdk-15.0.2\bin\jli.dll
0x00007ff9d5630000 - 0x00007ff9d56dc000 	C:\WINDOWS\System32\ADVAPI32.dll
0x00007ff9bcdd0000 - 0x00007ff9bcde9000 	C:\Program Files\Java\jdk-15.0.2\bin\VCRUNTIME140.dll
0x00007ff9d4790000 - 0x00007ff9d482e000 	C:\WINDOWS\System32\msvcrt.dll
0x00007ff9d43e0000 - 0x00007ff9d447b000 	C:\WINDOWS\System32\sechost.dll
0x00007ff9d4650000 - 0x00007ff9d477a000 	C:\WINDOWS\System32\RPCRT4.dll
0x00007ff9d52a0000 - 0x00007ff9d5441000 	C:\WINDOWS\System32\USER32.dll
0x00007ff9d31a0000 - 0x00007ff9d31c2000 	C:\WINDOWS\System32\win32u.dll
0x00007ff9c5210000 - 0x00007ff9c54aa000 	C:\WINDOWS\WinSxS\amd64_microsoft.windows.common-controls_6595b64144ccf1df_6.0.19041.1110_none_60b5254171f9507e\COMCTL32.dll
0x00007ff9d56e0000 - 0x00007ff9d570b000 	C:\WINDOWS\System32\GDI32.dll
0x00007ff9d31d0000 - 0x00007ff9d32db000 	C:\WINDOWS\System32\gdi32full.dll
0x00007ff9d3330000 - 0x00007ff9d33cd000 	C:\WINDOWS\System32\msvcp_win.dll
0x00007ff9c7080000 - 0x00007ff9c708a000 	C:\WINDOWS\SYSTEM32\VERSION.dll
0x00007ff9d4620000 - 0x00007ff9d4650000 	C:\WINDOWS\System32\IMM32.DLL
0x00007ff9c3eb0000 - 0x00007ff9c3ebc000 	C:\Program Files\Java\jdk-15.0.2\bin\vcruntime140_1.dll
0x00007ff98f360000 - 0x00007ff98f3f1000 	C:\Program Files\Java\jdk-15.0.2\bin\msvcp140.dll
0x00007ff962b00000 - 0x00007ff96365e000 	C:\Program Files\Java\jdk-15.0.2\bin\server\jvm.dll
0x00007ff9d4780000 - 0x00007ff9d4788000 	C:\WINDOWS\System32\PSAPI.DLL
0x00007ff9cb3a0000 - 0x00007ff9cb3a9000 	C:\WINDOWS\SYSTEM32\WSOCK32.dll
0x00007ff9d48e0000 - 0x00007ff9d494b000 	C:\WINDOWS\System32\WS2_32.dll
0x00007ff9ba170000 - 0x00007ff9ba197000 	C:\WINDOWS\SYSTEM32\WINMM.dll
0x00007ff9d19c0000 - 0x00007ff9d19d2000 	C:\WINDOWS\SYSTEM32\kernel.appcore.dll
0x00007ff9bcdc0000 - 0x00007ff9bcdca000 	C:\Program Files\Java\jdk-15.0.2\bin\jimage.dll
0x00007ff9d1540000 - 0x00007ff9d1724000 	C:\WINDOWS\SYSTEM32\DBGHELP.DLL
0x00007ff9be2a0000 - 0x00007ff9be2cc000 	C:\WINDOWS\SYSTEM32\dbgcore.DLL
0x00007ff9d3710000 - 0x00007ff9d3793000 	C:\WINDOWS\System32\bcryptPrimitives.dll
0x00007ff9b7300000 - 0x00007ff9b730e000 	C:\Program Files\Java\jdk-15.0.2\bin\instrument.dll
0x00007ff9b7310000 - 0x00007ff9b7335000 	C:\Program Files\Java\jdk-15.0.2\bin\java.dll
0x00007ff9d3ca0000 - 0x00007ff9d43df000 	C:\WINDOWS\System32\SHELL32.dll
0x00007ff9cdba0000 - 0x00007ff9ce330000 	C:\WINDOWS\SYSTEM32\windows.storage.dll
0x00007ff9d4ec0000 - 0x00007ff9d5215000 	C:\WINDOWS\System32\combase.dll
0x00007ff9d28b0000 - 0x00007ff9d28dc000 	C:\WINDOWS\SYSTEM32\Wldp.dll
0x00007ff9d4830000 - 0x00007ff9d48dd000 	C:\WINDOWS\System32\SHCORE.dll
0x00007ff9d39b0000 - 0x00007ff9d3a05000 	C:\WINDOWS\System32\shlwapi.dll
0x00007ff9d2e10000 - 0x00007ff9d2e2f000 	C:\WINDOWS\SYSTEM32\profapi.dll
0x00007ff9acf00000 - 0x00007ff9acf18000 	C:\Program Files\Java\jdk-15.0.2\bin\zip.dll
0x00007ff9b3bd0000 - 0x00007ff9b3be9000 	C:\Program Files\Java\jdk-15.0.2\bin\net.dll
0x00007ff9ca080000 - 0x00007ff9ca188000 	C:\WINDOWS\SYSTEM32\WINHTTP.dll
0x00007ff9d2610000 - 0x00007ff9d267a000 	C:\WINDOWS\system32\mswsock.dll
0x00007ff9b3bb0000 - 0x00007ff9b3bc2000 	C:\Program Files\Java\jdk-15.0.2\bin\nio.dll
0x00007ff9acec0000 - 0x00007ff9aceda000 	C:\Users\Steven Zhu\AppData\Local\JetBrains\Toolbox\apps\IDEA-C\ch-0\213.4631.20\bin\breakgen64.dll
0x00007ff9bcdb0000 - 0x00007ff9bcdc0000 	C:\Program Files\Java\jdk-15.0.2\bin\verify.dll
0x0000000180000000 - 0x0000000180051000 	C:\MyStuff\Java\CustomEngine\libs\natives\lwjgl64.dll
0x00007ff9b0660000 - 0x00007ff9b0785000 	C:\WINDOWS\SYSTEM32\OPENGL32.dll
0x00007ff9c71f0000 - 0x00007ff9c721c000 	C:\WINDOWS\SYSTEM32\GLU32.dll
0x00007ff9c9b10000 - 0x00007ff9c9bbe000 	C:\WINDOWS\SYSTEM32\mscms.dll
0x00007ff9d2dd0000 - 0x00007ff9d2dfe000 	C:\WINDOWS\SYSTEM32\USERENV.dll
0x00007ff9c9af0000 - 0x00007ff9c9b01000 	C:\WINDOWS\SYSTEM32\ColorAdapterClient.dll
0x00007ff9d3a10000 - 0x00007ff9d3add000 	C:\WINDOWS\System32\OLEAUT32.dll
0x00007ff9d4960000 - 0x00007ff9d4a09000 	C:\WINDOWS\System32\clbcatq.dll
0x00007ff9c4fc0000 - 0x00007ff9c5004000 	C:\Windows\System32\Windows.Internal.Graphics.Display.DisplayColorManagement.dll
0x00007ff9d32e0000 - 0x00007ff9d332e000 	C:\WINDOWS\System32\cfgmgr32.dll
0x00007ff9cd3b0000 - 0x00007ff9cd44e000 	C:\WINDOWS\system32\uxtheme.dll
0x00007ff9d5510000 - 0x00007ff9d5625000 	C:\WINDOWS\System32\MSCTF.dll
0x00007ff9c7300000 - 0x00007ff9c73f9000 	C:\Windows\System32\AppXDeploymentClient.dll
0x00007ff948580000 - 0x00007ff9495e7000 	C:\WINDOWS\System32\DriverStore\FileRepository\iigd_dch.inf_amd64_4f49892c99b2ed8d\ig11icd64.dll
0x00007ff9d3b70000 - 0x00007ff9d3c9a000 	C:\WINDOWS\System32\ole32.dll
0x00007ff9cd5c0000 - 0x00007ff9cd5ef000 	C:\WINDOWS\system32\dwmapi.dll
0x00007ff9d17a0000 - 0x00007ff9d1894000 	C:\WINDOWS\system32\dxgi.dll
0x00007ff971560000 - 0x00007ff97194c000 	C:\WINDOWS\System32\DriverStore\FileRepository\iigd_dch.inf_amd64_4f49892c99b2ed8d\igdml64.dll
0x00007ff9c2580000 - 0x00007ff9c2848000 	C:\WINDOWS\System32\DriverStore\FileRepository\iigd_dch.inf_amd64_4f49892c99b2ed8d\igdgmm64.dll
0x00007ff9bf390000 - 0x00007ff9bf489000 	C:\WINDOWS\SYSTEM32\textinputframework.dll
0x00007ff9ccb80000 - 0x00007ff9ccc72000 	C:\WINDOWS\System32\CoreMessaging.dll
0x00007ff9cc2b0000 - 0x00007ff9cc60e000 	C:\WINDOWS\System32\CoreUIComponents.dll
0x00007ff9d1bc0000 - 0x00007ff9d1bf3000 	C:\WINDOWS\SYSTEM32\ntmarta.dll
0x00007ff9cbee0000 - 0x00007ff9cc034000 	C:\WINDOWS\SYSTEM32\wintypes.dll
0x00007ff9bf9b0000 - 0x00007ff9c2577000 	C:\WINDOWS\System32\DriverStore\FileRepository\iigd_dch.inf_amd64_4f49892c99b2ed8d\igc64.dll
0x00007ff9d2c90000 - 0x00007ff9d2cdb000 	C:\WINDOWS\SYSTEM32\powrprof.dll
0x00007ff9d2c70000 - 0x00007ff9d2c82000 	C:\WINDOWS\SYSTEM32\UMPDC.dll
0x00007ff9798f0000 - 0x00007ff979a70000 	C:\Program Files\Java\jdk-15.0.2\bin\awt.dll
0x00007ff9cce10000 - 0x00007ff9ccea0000 	C:\WINDOWS\SYSTEM32\apphelp.dll

dbghelp: loaded successfully - version: 4.0.5 - missing functions: none
symbol engine: initialized successfully - sym options: 0x614 - pdb path: .;C:\Program Files\Java\jdk-15.0.2\bin;C:\WINDOWS\SYSTEM32;C:\WINDOWS\WinSxS\amd64_microsoft.windows.common-controls_6595b64144ccf1df_6.0.19041.1110_none_60b5254171f9507e;C:\Program Files\Java\jdk-15.0.2\bin\server;C:\Users\Steven Zhu\AppData\Local\JetBrains\Toolbox\apps\IDEA-C\ch-0\213.4631.20\bin;C:\MyStuff\Java\CustomEngine\libs\natives;C:\WINDOWS\System32\DriverStore\FileRepository\iigd_dch.inf_amd64_4f49892c99b2ed8d

VM Arguments:
jvm_args: -Djava.library.path=C:\MyStuff\Java\CustomEngine\libs\natives -javaagent:C:\Users\Steven Zhu\AppData\Local\JetBrains\Toolbox\apps\IDEA-C\ch-0\213.4631.20\lib\idea_rt.jar=58232:C:\Users\Steven Zhu\AppData\Local\JetBrains\Toolbox\apps\IDEA-C\ch-0\213.4631.20\bin -Dfile.encoding=UTF-8 
java_command: engine.core.tester.TestLoop
java_class_path (initial): C:\MyStuff\Java\CustomEngine\out\production\3DEngine;C:\MyStuff\Java\CustomEngine\libs\jars\lwjgl-glfw-natives-windows.jar;C:\MyStuff\Java\CustomEngine\libs\jars\lwjgl-glfw.jar;C:\MyStuff\Java\CustomEngine\libs\jars\lwjgl-nanovg-natives-windows.jar;C:\MyStuff\Java\CustomEngine\libs\jars\lwjgl-nanovg.jar;C:\MyStuff\Java\CustomEngine\libs\jars\lwjgl-natives-windows.jar;C:\MyStuff\Java\CustomEngine\libs\jars\lwjgl-tinyfd-natives-windows.jar;C:\MyStuff\Java\CustomEngine\libs\jars\lwjgl-tinyfd.jar;C:\MyStuff\Java\CustomEngine\libs\jars\lwjgl.jar;C:\MyStuff\Java\CustomEngine\libs\jars\lwjgl_util.jar;C:\MyStuff\Java\CustomEngine\libs\jars\slick-util.jar;C:\MyStuff\Java\CustomEngine\libs\jars\slick.jar
Launcher Type: SUN_STANDARD

[Global flags]
     intx CICompilerCount                          = 4                                         {product} {ergonomic}
     uint ConcGCThreads                            = 2                                         {product} {ergonomic}
     uint G1ConcRefinementThreads                  = 8                                         {product} {ergonomic}
   size_t G1HeapRegionSize                         = 2097152                                   {product} {ergonomic}
    uintx GCDrainStackTargetSize                   = 64                                        {product} {ergonomic}
   size_t InitialHeapSize                          = 264241152                                 {product} {ergonomic}
   size_t MarkStackSize                            = 4194304                                   {product} {ergonomic}
   size_t MaxHeapSize                              = 4208984064                                {product} {ergonomic}
   size_t MaxNewSize                               = 2524971008                                {product} {ergonomic}
   size_t MinHeapDeltaBytes                        = 2097152                                   {product} {ergonomic}
   size_t MinHeapSize                              = 8388608                                   {product} {ergonomic}
    uintx NonNMethodCodeHeapSize                   = 5839372                                {pd product} {ergonomic}
    uintx NonProfiledCodeHeapSize                  = 122909434                              {pd product} {ergonomic}
    uintx ProfiledCodeHeapSize                     = 122909434                              {pd product} {ergonomic}
    uintx ReservedCodeCacheSize                    = 251658240                              {pd product} {ergonomic}
     bool SegmentedCodeCache                       = true                                      {product} {ergonomic}
   size_t SoftMaxHeapSize                          = 4208984064                             {manageable} {ergonomic}
     bool UseCompressedClassPointers               = true                                 {lp64_product} {ergonomic}
     bool UseCompressedOops                        = true                                 {lp64_product} {ergonomic}
     bool UseG1GC                                  = true                                      {product} {ergonomic}
     bool UseLargePagesIndividualAllocation        = false                                  {pd product} {ergonomic}

Logging:
Log output configuration:
 #0: stdout all=off uptime,level,tags
 #1: stderr all=off uptime,level,tags

Environment Variables:
JAVA_HOME=C:\Program Files\Java\jdk-16
PATH=C:\Program Files (x86)\Common Files\Oracle\Java\javapath;C:\Program Files\Java\jdk-16\bin;C:\Program Files (x86)\ActiveState Komodo IDE 12\;C:\WINDOWS\system32;C:\WINDOWS;C:\WINDOWS\System32\Wbem;C:\WINDOWS\System32\WindowsPowerShell\v1.0\;C:\WINDOWS\System32\OpenSSH\;C:\Program Files\dotnet\;C:\Program Files\Microsoft SQL Server\130\Tools\Binn\;C:\Program Files\Microsoft SQL Server\Client SDK\ODBC\170\Tools\Binn\;C:\Program Files\nodejs\;C:\Program Files\Git\cmd;C:\Program Files\WorldPainter;C:\Program Files (x86)\Gpg4win\..\GnuPG\bin;C:\msys64\mingw64\bin;C:\Users\Steven Zhu\.cargo\bin;C:\Users\Steven Zhu\AppData\Local\Microsoft\WindowsApps;C:\Users\Steven Zhu\AppData\Local\Programs\Microsoft VS Code\bin;C:\Users\Steven Zhu\.dotnet\tools;C:\Users\Steven Zhu\.deno\bin;C:\Users\Steven Zhu\AppData\Roaming\npm;C:\Users\Steven Zhu\.dotnet\tools;C:\Users\Steven Zhu\AppData\Local\GitHubDesktop\bin;C:\Users\Steven Zhu\AppData\Local\atom\bin
USERNAME=Steven Zhu
OS=Windows_NT
PROCESSOR_IDENTIFIER=Intel64 Family 6 Model 126 Stepping 5, GenuineIntel



---------------  S Y S T E M  ---------------

OS:
 Windows 10 , 64 bit Build 19041 (10.0.19041.1202)
OS uptime: 2 days 23:57 hours

CPU: total 8 (initial active 8) (4 cores per cpu, 2 threads per core) family 6 model 126 stepping 5 microcode 0x78, cmov, cx8, fxsr, mmx, sse, sse2, sse3, ssse3, sse4.1, sse4.2, popcnt, vzeroupper, avx, avx2, aes, clmul, erms, 3dnowpref, lzcnt, ht, tsc, tscinvbit, bmi1, bmi2, adx, avx512f, avx512dq, avx512cd, avx512bw, avx512vl, avx512_vpopcntdq, avx512_vpclmulqdq, avx512_vbmi, avx512_vbmi2, avx512_vaes, avx512_vnni, sha, fma, clflush, clflushopt

Memory: 4k page, system-wide physical 16049M (3220M free)
TotalPageFile size 23985M (AvailPageFile size 9563M)
current process WorkingSet (physical memory assigned to process): 138M, peak: 142M
current process commit charge ("private bytes"): 419M, peak: 420M

vm_info: Java HotSpot(TM) 64-Bit Server VM (15.0.2+7-27) for windows-amd64 JRE (15.0.2+7-27), built on Dec  7 2020 20:07:01 by "mach5one" with unknown MS VC++:1925

END.
