#
# A fatal error has been detected by the Java Runtime Environment:
#
#  EXCEPTION_ACCESS_VIOLATION (0xc0000005) at pc=0x00007ffb0420d1b9, pid=47500, tid=79920
#
# JRE version: Java(TM) SE Runtime Environment (15.0.2+7) (build 15.0.2+7-27)
# Java VM: Java HotSpot(TM) 64-Bit Server VM (15.0.2+7-27, mixed mode, sharing, tiered, compressed oops, g1 gc, windows-amd64)
# Problematic frame:
# C  [ig11icd64.dll+0x5bd1b9]
#
# No core dump will be written. Minidumps are not enabled by default on client versions of Windows
#
# If you would like to submit a bug report, please visit:
#   https://bugreport.java.com/bugreport/crash.jsp
#

---------------  S U M M A R Y ------------

Command Line: -agentlib:jdwp=transport=dt_socket,address=127.0.0.1:51852,suspend=y,server=n -Djava.library.path=C:\MyStuff\Java\CustomEngine\libs\natives -javaagent:C:\Users\STEVEN~1\AppData\Local\Temp\captureAgent507jars\debugger-agent.jar -Dfile.encoding=UTF-8 engine.tester.TestLoop

Host: Intel(R) Core(TM) i7-1065G7 CPU @ 1.30GHz, 8 cores, 15G,  Windows 10 , 64 bit Build 19041 (10.0.19041.1151)
Time: Sun Aug 22 10:56:50 2021 AUS Eastern Standard Time elapsed time: 3924.747358 seconds (0d 1h 5m 24s)

---------------  T H R E A D  ---------------

Current thread (0x0000015c1d87b4b0):  VMThread "VM Thread" [stack: 0x0000002a13b00000,0x0000002a13c00000] [id=79920]

Stack: [0x0000002a13b00000,0x0000002a13c00000],  sp=0x0000002a13bfe8a0,  free space=1018k
Native frames: (J=compiled Java code, j=interpreted, Vv=VM code, C=native code)
C  [ig11icd64.dll+0x5bd1b9]


siginfo: EXCEPTION_ACCESS_VIOLATION (0xc0000005), reading address 0x00000000000352f8


Register to memory mapping:

RIP=0x00007ffb0420d1b9 ig11icd64.dll
RAX=0x0000015c25dedb60 points into unknown readable memory: 0x00000000e0fbc9f2 | f2 c9 fb e0 00 00 00 00
RBX=0x0000015c25deda50 points into unknown readable memory: 0x0000015c1e500ec0 | c0 0e 50 1e 5c 01 00 00
RCX=0x0 is NULL
RDX=0x0000015c25dedb20 points into unknown readable memory: 0x0000000000000000 | 00 00 00 00 00 00 00 00
RSP=0x0000002a13bfe8a0 points into unknown readable memory: 0x0000015c1e543a60 | 60 3a 54 1e 5c 01 00 00
RBP=0x0000015c25cefbf0 points into unknown readable memory: 0x0000015c1e500ec0 | c0 0e 50 1e 5c 01 00 00
RSI=0x0000015c25dedf68 points into unknown readable memory: 0x0000015c25cefbf0 | f0 fb ce 25 5c 01 00 00
RDI=0x0000015c1e9687f0 points into unknown readable memory: 0x0000000000000000 | 00 00 00 00 00 00 00 00
R8 =0x0000000000000008 is an unknown value
R9 =0x0 is NULL
R10=0x0 is NULL
R11=0x0000000000000246 is an unknown value
R12=0x0 is NULL
R13=0x0 is NULL
R14=0x0 is NULL
R15=0x0 is NULL


Registers:
RAX=0x0000015c25dedb60, RBX=0x0000015c25deda50, RCX=0x0000000000000000, RDX=0x0000015c25dedb20
RSP=0x0000002a13bfe8a0, RBP=0x0000015c25cefbf0, RSI=0x0000015c25dedf68, RDI=0x0000015c1e9687f0
R8 =0x0000000000000008, R9 =0x0000000000000000, R10=0x0000000000000000, R11=0x0000000000000246
R12=0x0000000000000000, R13=0x0000000000000000, R14=0x0000000000000000, R15=0x0000000000000000
RIP=0x00007ffb0420d1b9, EFLAGS=0x0000000000010206

Top of Stack: (sp=0x0000002a13bfe8a0)
0x0000002a13bfe8a0:   0000015c1e543a60 0000002a13bfe8e0
0x0000002a13bfe8b0:   0000002a13bfe8e8 0000005400000000
0x0000002a13bfe8c0:   00007ffb04beae80 00000000e0fbd9b6
0x0000002a13bfe8d0:   0000015c1ec82ed0 0000000000000058
0x0000002a13bfe8e0:   0000000000000000 00007ffb041ee6f2
0x0000002a13bfe8f0:   0000015c1e543a60 0000015c1e9687f0
0x0000002a13bfe900:   0000002a13bfe9f0 0000000000000000
0x0000002a13bfe910:   0000000000000aa4 0000000000000000
0x0000002a13bfe920:   0000000000000000 0000000000000000
0x0000002a13bfe930:   0000000000140000 00007ffbad349398
0x0000002a13bfe940:   0000000000000000 0000000000000000
0x0000002a13bfe950:   00006fcb68ed1926 0000000000000000
0x0000002a13bfe960:   0000015c1ec824e0 0000000000000000
0x0000002a13bfe970:   0000015c1ec86970 00007ffb03c86248
0x0000002a13bfe980:   0000002a13bfea40 0000015c1ec86978
0x0000002a13bfe990:   0000b802021b0000 0000000000000aa4 

Instructions: (pc=0x00007ffb0420d1b9)
0x00007ffb0420d0b9:   30 44 38 24 01 75 05 e8 b3 10 f9 ff 65 48 8b 04
0x00007ffb0420d0c9:   25 58 00 00 00 41 be 10 00 00 00 48 8b 04 30 4d
0x00007ffb0420d0d9:   8b 34 06 48 85 ed 0f 84 6f 03 00 00 66 66 66 0f
0x00007ffb0420d0e9:   1f 84 00 00 00 00 00 48 8b dd 48 8d b5 18 05 00
0x00007ffb0420d0f9:   00 48 8b 2e 45 84 ff 74 1d 48 8b 0b 48 8b d3 80
0x00007ffb0420d109:   bb 6a 05 00 00 00 0f 85 f2 02 00 00 e8 16 66 fe
0x00007ffb0420d119:   ff e9 f4 02 00 00 8b 8f d0 01 00 00 48 8b 05 24
0x00007ffb0420d129:   15 8e 00 83 b8 54 03 00 00 02 0f 85 f4 00 00 00
0x00007ffb0420d139:   48 8d 93 d0 00 00 00 83 f9 10 73 04 8b c1 eb 56
0x00007ffb0420d149:   44 8d 41 f0 41 8b c0 c1 e8 04 83 f8 03 73 20 0f
0x00007ffb0420d159:   ae e8 41 83 e0 0f 4c 8b 8c c2 00 04 00 00 4d 85
0x00007ffb0420d169:   c9 74 25 41 8b c0 48 c1 e0 06 49 03 c1 eb 2e 48
0x00007ffb0420d179:   8b 82 18 04 00 00 48 85 c0 74 0d 39 08 74 29 48
0x00007ffb0420d189:   8b 40 48 48 85 c0 75 f3 80 ba 20 04 00 00 00 74
0x00007ffb0420d199:   1d 8b c1 83 e0 0f 48 c1 e0 06 48 03 c2 48 85 c0
0x00007ffb0420d1a9:   74 0c 48 8b 48 08 eb 08 48 83 c0 08 eb ef 33 c9
0x00007ffb0420d1b9:   49 3b 8e f8 52 03 00 76 6b 48 8b 87 80 02 00 00
0x00007ffb0420d1c9:   48 89 06 48 89 9f 80 02 00 00 ff 87 88 02 00 00
0x00007ffb0420d1d9:   48 8b 4b 08 48 8b 01 ba 01 00 00 00 48 8b 80 d8
0x00007ffb0420d1e9:   02 00 00 ff 15 0e 74 58 00 0f b7 c8 48 2b c1 48
0x00007ffb0420d1f9:   05 00 00 01 00 48 01 87 90 02 00 00 48 8b 4b 08
0x00007ffb0420d209:   48 8b 01 ba 01 00 00 00 48 8b 80 d8 02 00 00 ff
0x00007ffb0420d219:   15 e2 73 58 00 48 01 87 a0 02 00 00 41 b4 01 e9
0x00007ffb0420d229:   e6 01 00 00 44 8b 9f d0 01 00 00 48 8b 87 e8 01
0x00007ffb0420d239:   00 00 4c 8b 10 8b 8f d0 01 00 00 48 8d 93 d0 00
0x00007ffb0420d249:   00 00 83 f9 10 73 04 8b c1 eb 57 44 8d 41 f0 41
0x00007ffb0420d259:   8b c0 c1 e8 04 83 f8 03 73 20 0f ae e8 41 83 e0
0x00007ffb0420d269:   0f 4c 8b 8c c2 00 04 00 00 4d 85 c9 74 26 41 8b
0x00007ffb0420d279:   c0 48 c1 e0 06 49 03 c1 eb 2f 48 8b 82 18 04 00
0x00007ffb0420d289:   00 48 85 c0 74 0e 90 39 08 74 3c 48 8b 40 48 48
0x00007ffb0420d299:   85 c0 75 f3 80 ba 20 04 00 00 00 74 1b 8b c1 83
0x00007ffb0420d2a9:   e0 0f 48 c1 e0 06 48 03 c2 48 85 c0 74 0a 4c 39 


Stack slot to memory mapping:
stack at sp + 0 slots: 0x0000015c1e543a60 points into unknown readable memory: 0xffffffffffffffff | ff ff ff ff ff ff ff ff
stack at sp + 1 slots: 0x0000002a13bfe8e0 points into unknown readable memory: 0x0000000000000000 | 00 00 00 00 00 00 00 00
stack at sp + 2 slots: 0x0000002a13bfe8e8 points into unknown readable memory: 0x00007ffb041ee6f2 | f2 e6 1e 04 fb 7f 00 00
stack at sp + 3 slots: 0x0000005400000000 is an unknown value
stack at sp + 4 slots: 0x00007ffb04beae80 ig11icd64.dll
stack at sp + 5 slots: 0x00000000e0fbd9b6 is an unknown value
stack at sp + 6 slots: 0x0000015c1ec82ed0 points into unknown readable memory: 0x0000000000000000 | 00 00 00 00 00 00 00 00
stack at sp + 7 slots: 0x0000000000000058 is an unknown value

VM_Operation (0x0000002a132fee40): Exit, mode: safepoint, requested by thread 0x0000015c1e3296a0


---------------  P R O C E S S  ---------------

Threads class SMR info:
_java_thread_list=0x0000015c2615c930, length=13, elements={
0x0000015c78341a20, 0x0000015c1d87cc40, 0x0000015c1d87f730, 0x0000015c1e198900,
0x0000015c1e19a8e0, 0x0000015c1e19caa0, 0x0000015c1e1a0a50, 0x0000015c1e1ab370,
0x0000015c1e27ee10, 0x0000015c1e3593f0, 0x0000015c1e4d1860, 0x0000015c25cae030,
0x0000015c1e3296a0
}

Java Threads: ( => current thread )
  0x0000015c78341a20 JavaThread "main" [_thread_blocked, id=83204, stack(0x0000002a13500000,0x0000002a13600000)]
  0x0000015c1d87cc40 JavaThread "Reference Handler" daemon [_thread_blocked, id=42840, stack(0x0000002a13c00000,0x0000002a13d00000)]
  0x0000015c1d87f730 JavaThread "Finalizer" daemon [_thread_blocked, id=66996, stack(0x0000002a13d00000,0x0000002a13e00000)]
  0x0000015c1e198900 JavaThread "Attach Listener" daemon [_thread_blocked, id=85080, stack(0x0000002a13f00000,0x0000002a14000000)]
  0x0000015c1e19a8e0 JavaThread "Service Thread" daemon [_thread_blocked, id=81144, stack(0x0000002a14000000,0x0000002a14100000)]
  0x0000015c1e19caa0 JavaThread "C2 CompilerThread0" daemon [_thread_blocked, id=73548, stack(0x0000002a14100000,0x0000002a14200000)]
  0x0000015c1e1a0a50 JavaThread "C1 CompilerThread0" daemon [_thread_blocked, id=85912, stack(0x0000002a14200000,0x0000002a14300000)]
  0x0000015c1e1ab370 JavaThread "Sweeper thread" daemon [_thread_blocked, id=79564, stack(0x0000002a14300000,0x0000002a14400000)]
  0x0000015c1e27ee10 JavaThread "Common-Cleaner" daemon [_thread_blocked, id=81552, stack(0x0000002a14400000,0x0000002a14500000)]
  0x0000015c1e3593f0 JavaThread "JDWP Event Helper Thread" daemon [_thread_blocked, id=28892, stack(0x0000002a14600000,0x0000002a14700000)]
  0x0000015c1e4d1860 JavaThread "Notification Thread" daemon [_thread_blocked, id=84652, stack(0x0000002a14800000,0x0000002a14900000)]
  0x0000015c25cae030 JavaThread "LWJGL Timer" daemon [_thread_blocked, id=68400, stack(0x0000002a14f00000,0x0000002a15000000)]
  0x0000015c1e3296a0 JavaThread "SIGINT handler" daemon [_thread_blocked, id=85060, stack(0x0000002a13200000,0x0000002a13300000)]

Other Threads:
=>0x0000015c1d87b4b0 VMThread "VM Thread" [stack: 0x0000002a13b00000,0x0000002a13c00000] [id=79920]
  0x0000015c78392920 GCTaskThread "GC Thread#0" [stack: 0x0000002a13600000,0x0000002a13700000] [id=83872]
  0x0000015c1e9684c0 GCTaskThread "GC Thread#1" [stack: 0x0000002a15000000,0x0000002a15100000] [id=84164]
  0x0000015c1e966b40 GCTaskThread "GC Thread#2" [stack: 0x0000002a15100000,0x0000002a15200000] [id=71504]
  0x0000015c1e969b10 GCTaskThread "GC Thread#3" [stack: 0x0000002a15200000,0x0000002a15300000] [id=81328]
  0x0000015c1e967e60 GCTaskThread "GC Thread#4" [stack: 0x0000002a15300000,0x0000002a15400000] [id=64964]
  0x0000015c1e9674d0 GCTaskThread "GC Thread#5" [stack: 0x0000002a15400000,0x0000002a15500000] [id=79932]
  0x0000015c783a54a0 ConcurrentGCThread "G1 Main Marker" [stack: 0x0000002a13700000,0x0000002a13800000] [id=85832]
  0x0000015c783a6740 ConcurrentGCThread "G1 Conc#0" [stack: 0x0000002a13800000,0x0000002a13900000] [id=6232]
  0x0000015c1d6f20c0 ConcurrentGCThread "G1 Refine#0" [stack: 0x0000002a13900000,0x0000002a13a00000] [id=81392]
  0x0000015c1d6f2bd0 ConcurrentGCThread "G1 Young RemSet Sampling" [stack: 0x0000002a13a00000,0x0000002a13b00000] [id=61660]

Threads with active compile tasks:

VM state: at safepoint (shutting down)

VM Mutex/Monitor currently owned by a thread:  ([mutex/lock_event])
[0x0000015c7833d7c0] Threads_lock - owner thread: 0x0000015c1d87b4b0
[0x0000015c7833ca40] Heap_lock - owner thread: 0x0000015c1e3296a0

Heap address: 0x0000000705000000, size: 4016 MB, Compressed Oops mode: Zero based, Oop shift amount: 3
CDS archive(s) mapped at: [0x0000000800000000-0x0000000800b50000-0x0000000800b50000), size 11862016, SharedBaseAddress: 0x0000000800000000, ArchiveRelocationMode: 0.
Compressed class space mapped at: 0x0000000800b50000-0x0000000840b50000, size: 1073741824
Narrow klass base: 0x0000000800000000, Narrow klass shift: 3, Narrow klass range: 0x100000000

GC Precious Log:
 CPUs: 8 total, 8 available
 Memory: 16057M
 Large Page Support: Disabled
 NUMA Support: Disabled
 Compressed Oops: Enabled (Zero based)
 Heap Region Size: 2M
 Heap Min Capacity: 8M
 Heap Initial Capacity: 252M
 Heap Max Capacity: 4016M
 Pre-touch: Disabled
 Parallel Workers: 8
 Concurrent Workers: 2
 Concurrent Refinement Workers: 8
 Periodic GC: Disabled

Heap:
 garbage-first heap   total 258048K, used 43006K [0x0000000705000000, 0x0000000800000000)
  region size 2048K, 22 young (45056K), 1 survivors (2048K)
 Metaspace       used 3691K, capacity 6294K, committed 6400K, reserved 1056768K
  class space    used 234K, capacity 510K, committed 512K, reserved 1048576K

Heap Regions: E=young(eden), S=young(survivor), O=old, HS=humongous(starts), HC=humongous(continues), CS=collection set, F=free, OA=open archive, CA=closed archive, TAMS=top-at-mark-start (previous, next)
|   0|0x0000000705000000, 0x00000007051fd000, 0x0000000705200000| 99%| O|  |TAMS 0x0000000705000000, 0x0000000705000000| Untracked 
|   1|0x0000000705200000, 0x0000000705200000, 0x0000000705400000|  0%| F|  |TAMS 0x0000000705200000, 0x0000000705200000| Untracked 
|   2|0x0000000705400000, 0x0000000705400000, 0x0000000705600000|  0%| F|  |TAMS 0x0000000705400000, 0x0000000705400000| Untracked 
|   3|0x0000000705600000, 0x0000000705600000, 0x0000000705800000|  0%| F|  |TAMS 0x0000000705600000, 0x0000000705600000| Untracked 
|   4|0x0000000705800000, 0x0000000705800000, 0x0000000705a00000|  0%| F|  |TAMS 0x0000000705800000, 0x0000000705800000| Untracked 
|   5|0x0000000705a00000, 0x0000000705a00000, 0x0000000705c00000|  0%| F|  |TAMS 0x0000000705a00000, 0x0000000705a00000| Untracked 
|   6|0x0000000705c00000, 0x0000000705c00000, 0x0000000705e00000|  0%| F|  |TAMS 0x0000000705c00000, 0x0000000705c00000| Untracked 
|   7|0x0000000705e00000, 0x0000000705e00000, 0x0000000706000000|  0%| F|  |TAMS 0x0000000705e00000, 0x0000000705e00000| Untracked 
|   8|0x0000000706000000, 0x0000000706000000, 0x0000000706200000|  0%| F|  |TAMS 0x0000000706000000, 0x0000000706000000| Untracked 
|   9|0x0000000706200000, 0x0000000706200000, 0x0000000706400000|  0%| F|  |TAMS 0x0000000706200000, 0x0000000706200000| Untracked 
|  10|0x0000000706400000, 0x0000000706400000, 0x0000000706600000|  0%| F|  |TAMS 0x0000000706400000, 0x0000000706400000| Untracked 
|  11|0x0000000706600000, 0x0000000706600000, 0x0000000706800000|  0%| F|  |TAMS 0x0000000706600000, 0x0000000706600000| Untracked 
|  12|0x0000000706800000, 0x0000000706800000, 0x0000000706a00000|  0%| F|  |TAMS 0x0000000706800000, 0x0000000706800000| Untracked 
|  13|0x0000000706a00000, 0x0000000706a00000, 0x0000000706c00000|  0%| F|  |TAMS 0x0000000706a00000, 0x0000000706a00000| Untracked 
|  14|0x0000000706c00000, 0x0000000706c00000, 0x0000000706e00000|  0%| F|  |TAMS 0x0000000706c00000, 0x0000000706c00000| Untracked 
|  15|0x0000000706e00000, 0x0000000706e00000, 0x0000000707000000|  0%| F|  |TAMS 0x0000000706e00000, 0x0000000706e00000| Untracked 
|  16|0x0000000707000000, 0x0000000707000000, 0x0000000707200000|  0%| F|  |TAMS 0x0000000707000000, 0x0000000707000000| Untracked 
|  17|0x0000000707200000, 0x0000000707200000, 0x0000000707400000|  0%| F|  |TAMS 0x0000000707200000, 0x0000000707200000| Untracked 
|  18|0x0000000707400000, 0x0000000707400000, 0x0000000707600000|  0%| F|  |TAMS 0x0000000707400000, 0x0000000707400000| Untracked 
|  19|0x0000000707600000, 0x0000000707600000, 0x0000000707800000|  0%| F|  |TAMS 0x0000000707600000, 0x0000000707600000| Untracked 
|  20|0x0000000707800000, 0x0000000707800000, 0x0000000707a00000|  0%| F|  |TAMS 0x0000000707800000, 0x0000000707800000| Untracked 
|  21|0x0000000707a00000, 0x0000000707a00000, 0x0000000707c00000|  0%| F|  |TAMS 0x0000000707a00000, 0x0000000707a00000| Untracked 
|  22|0x0000000707c00000, 0x0000000707c00000, 0x0000000707e00000|  0%| F|  |TAMS 0x0000000707c00000, 0x0000000707c00000| Untracked 
|  23|0x0000000707e00000, 0x0000000707e00000, 0x0000000708000000|  0%| F|  |TAMS 0x0000000707e00000, 0x0000000707e00000| Untracked 
|  24|0x0000000708000000, 0x0000000708000000, 0x0000000708200000|  0%| F|  |TAMS 0x0000000708000000, 0x0000000708000000| Untracked 
|  25|0x0000000708200000, 0x0000000708200000, 0x0000000708400000|  0%| F|  |TAMS 0x0000000708200000, 0x0000000708200000| Untracked 
|  26|0x0000000708400000, 0x0000000708400000, 0x0000000708600000|  0%| F|  |TAMS 0x0000000708400000, 0x0000000708400000| Untracked 
|  27|0x0000000708600000, 0x0000000708600000, 0x0000000708800000|  0%| F|  |TAMS 0x0000000708600000, 0x0000000708600000| Untracked 
|  28|0x0000000708800000, 0x0000000708800000, 0x0000000708a00000|  0%| F|  |TAMS 0x0000000708800000, 0x0000000708800000| Untracked 
|  29|0x0000000708a00000, 0x0000000708a00000, 0x0000000708c00000|  0%| F|  |TAMS 0x0000000708a00000, 0x0000000708a00000| Untracked 
|  30|0x0000000708c00000, 0x0000000708c00000, 0x0000000708e00000|  0%| F|  |TAMS 0x0000000708c00000, 0x0000000708c00000| Untracked 
|  31|0x0000000708e00000, 0x0000000708e00000, 0x0000000709000000|  0%| F|  |TAMS 0x0000000708e00000, 0x0000000708e00000| Untracked 
|  32|0x0000000709000000, 0x0000000709000000, 0x0000000709200000|  0%| F|  |TAMS 0x0000000709000000, 0x0000000709000000| Untracked 
|  33|0x0000000709200000, 0x0000000709200000, 0x0000000709400000|  0%| F|  |TAMS 0x0000000709200000, 0x0000000709200000| Untracked 
|  34|0x0000000709400000, 0x0000000709400000, 0x0000000709600000|  0%| F|  |TAMS 0x0000000709400000, 0x0000000709400000| Untracked 
|  35|0x0000000709600000, 0x0000000709600000, 0x0000000709800000|  0%| F|  |TAMS 0x0000000709600000, 0x0000000709600000| Untracked 
|  36|0x0000000709800000, 0x0000000709800000, 0x0000000709a00000|  0%| F|  |TAMS 0x0000000709800000, 0x0000000709800000| Untracked 
|  37|0x0000000709a00000, 0x0000000709a00000, 0x0000000709c00000|  0%| F|  |TAMS 0x0000000709a00000, 0x0000000709a00000| Untracked 
|  38|0x0000000709c00000, 0x0000000709c00000, 0x0000000709e00000|  0%| F|  |TAMS 0x0000000709c00000, 0x0000000709c00000| Untracked 
|  39|0x0000000709e00000, 0x0000000709e00000, 0x000000070a000000|  0%| F|  |TAMS 0x0000000709e00000, 0x0000000709e00000| Untracked 
|  40|0x000000070a000000, 0x000000070a000000, 0x000000070a200000|  0%| F|  |TAMS 0x000000070a000000, 0x000000070a000000| Untracked 
|  41|0x000000070a200000, 0x000000070a200000, 0x000000070a400000|  0%| F|  |TAMS 0x000000070a200000, 0x000000070a200000| Untracked 
|  42|0x000000070a400000, 0x000000070a400000, 0x000000070a600000|  0%| F|  |TAMS 0x000000070a400000, 0x000000070a400000| Untracked 
|  43|0x000000070a600000, 0x000000070a600000, 0x000000070a800000|  0%| F|  |TAMS 0x000000070a600000, 0x000000070a600000| Untracked 
|  44|0x000000070a800000, 0x000000070a800000, 0x000000070aa00000|  0%| F|  |TAMS 0x000000070a800000, 0x000000070a800000| Untracked 
|  45|0x000000070aa00000, 0x000000070aa00000, 0x000000070ac00000|  0%| F|  |TAMS 0x000000070aa00000, 0x000000070aa00000| Untracked 
|  46|0x000000070ac00000, 0x000000070ac00000, 0x000000070ae00000|  0%| F|  |TAMS 0x000000070ac00000, 0x000000070ac00000| Untracked 
|  47|0x000000070ae00000, 0x000000070ae00000, 0x000000070b000000|  0%| F|  |TAMS 0x000000070ae00000, 0x000000070ae00000| Untracked 
|  48|0x000000070b000000, 0x000000070b000000, 0x000000070b200000|  0%| F|  |TAMS 0x000000070b000000, 0x000000070b000000| Untracked 
|  49|0x000000070b200000, 0x000000070b200000, 0x000000070b400000|  0%| F|  |TAMS 0x000000070b200000, 0x000000070b200000| Untracked 
|  50|0x000000070b400000, 0x000000070b400000, 0x000000070b600000|  0%| F|  |TAMS 0x000000070b400000, 0x000000070b400000| Untracked 
|  51|0x000000070b600000, 0x000000070b602850, 0x000000070b800000|  0%| S|CS|TAMS 0x000000070b600000, 0x000000070b600000| Complete 
|  52|0x000000070b800000, 0x000000070b800000, 0x000000070ba00000|  0%| F|  |TAMS 0x000000070b800000, 0x000000070b800000| Untracked 
|  53|0x000000070ba00000, 0x000000070ba00000, 0x000000070bc00000|  0%| F|  |TAMS 0x000000070ba00000, 0x000000070ba00000| Untracked 
|  54|0x000000070bc00000, 0x000000070bc00000, 0x000000070be00000|  0%| F|  |TAMS 0x000000070bc00000, 0x000000070bc00000| Untracked 
|  55|0x000000070be00000, 0x000000070be00000, 0x000000070c000000|  0%| F|  |TAMS 0x000000070be00000, 0x000000070be00000| Untracked 
|  56|0x000000070c000000, 0x000000070c000000, 0x000000070c200000|  0%| F|  |TAMS 0x000000070c000000, 0x000000070c000000| Untracked 
|  57|0x000000070c200000, 0x000000070c200000, 0x000000070c400000|  0%| F|  |TAMS 0x000000070c200000, 0x000000070c200000| Untracked 
|  58|0x000000070c400000, 0x000000070c400000, 0x000000070c600000|  0%| F|  |TAMS 0x000000070c400000, 0x000000070c400000| Untracked 
|  59|0x000000070c600000, 0x000000070c600000, 0x000000070c800000|  0%| F|  |TAMS 0x000000070c600000, 0x000000070c600000| Untracked 
|  60|0x000000070c800000, 0x000000070c800000, 0x000000070ca00000|  0%| F|  |TAMS 0x000000070c800000, 0x000000070c800000| Untracked 
|  61|0x000000070ca00000, 0x000000070ca00000, 0x000000070cc00000|  0%| F|  |TAMS 0x000000070ca00000, 0x000000070ca00000| Untracked 
|  62|0x000000070cc00000, 0x000000070cc00000, 0x000000070ce00000|  0%| F|  |TAMS 0x000000070cc00000, 0x000000070cc00000| Untracked 
|  63|0x000000070ce00000, 0x000000070ce00000, 0x000000070d000000|  0%| F|  |TAMS 0x000000070ce00000, 0x000000070ce00000| Untracked 
|  64|0x000000070d000000, 0x000000070d000000, 0x000000070d200000|  0%| F|  |TAMS 0x000000070d000000, 0x000000070d000000| Untracked 
|  65|0x000000070d200000, 0x000000070d200000, 0x000000070d400000|  0%| F|  |TAMS 0x000000070d200000, 0x000000070d200000| Untracked 
|  66|0x000000070d400000, 0x000000070d400000, 0x000000070d600000|  0%| F|  |TAMS 0x000000070d400000, 0x000000070d400000| Untracked 
|  67|0x000000070d600000, 0x000000070d600000, 0x000000070d800000|  0%| F|  |TAMS 0x000000070d600000, 0x000000070d600000| Untracked 
|  68|0x000000070d800000, 0x000000070d800000, 0x000000070da00000|  0%| F|  |TAMS 0x000000070d800000, 0x000000070d800000| Untracked 
|  69|0x000000070da00000, 0x000000070da00000, 0x000000070dc00000|  0%| F|  |TAMS 0x000000070da00000, 0x000000070da00000| Untracked 
|  70|0x000000070dc00000, 0x000000070dc00000, 0x000000070de00000|  0%| F|  |TAMS 0x000000070dc00000, 0x000000070dc00000| Untracked 
|  71|0x000000070de00000, 0x000000070de00000, 0x000000070e000000|  0%| F|  |TAMS 0x000000070de00000, 0x000000070de00000| Untracked 
|  72|0x000000070e000000, 0x000000070e000000, 0x000000070e200000|  0%| F|  |TAMS 0x000000070e000000, 0x000000070e000000| Untracked 
|  73|0x000000070e200000, 0x000000070e200000, 0x000000070e400000|  0%| F|  |TAMS 0x000000070e200000, 0x000000070e200000| Untracked 
|  74|0x000000070e400000, 0x000000070e400000, 0x000000070e600000|  0%| F|  |TAMS 0x000000070e400000, 0x000000070e400000| Untracked 
|  75|0x000000070e600000, 0x000000070e600000, 0x000000070e800000|  0%| F|  |TAMS 0x000000070e600000, 0x000000070e600000| Untracked 
|  76|0x000000070e800000, 0x000000070e800000, 0x000000070ea00000|  0%| F|  |TAMS 0x000000070e800000, 0x000000070e800000| Untracked 
|  77|0x000000070ea00000, 0x000000070ea00000, 0x000000070ec00000|  0%| F|  |TAMS 0x000000070ea00000, 0x000000070ea00000| Untracked 
|  78|0x000000070ec00000, 0x000000070ec00000, 0x000000070ee00000|  0%| F|  |TAMS 0x000000070ec00000, 0x000000070ec00000| Untracked 
|  79|0x000000070ee00000, 0x000000070ee00000, 0x000000070f000000|  0%| F|  |TAMS 0x000000070ee00000, 0x000000070ee00000| Untracked 
|  80|0x000000070f000000, 0x000000070f000000, 0x000000070f200000|  0%| F|  |TAMS 0x000000070f000000, 0x000000070f000000| Untracked 
|  81|0x000000070f200000, 0x000000070f200000, 0x000000070f400000|  0%| F|  |TAMS 0x000000070f200000, 0x000000070f200000| Untracked 
|  82|0x000000070f400000, 0x000000070f400000, 0x000000070f600000|  0%| F|  |TAMS 0x000000070f400000, 0x000000070f400000| Untracked 
|  83|0x000000070f600000, 0x000000070f600000, 0x000000070f800000|  0%| F|  |TAMS 0x000000070f600000, 0x000000070f600000| Untracked 
|  84|0x000000070f800000, 0x000000070f800000, 0x000000070fa00000|  0%| F|  |TAMS 0x000000070f800000, 0x000000070f800000| Untracked 
|  85|0x000000070fa00000, 0x000000070fa00000, 0x000000070fc00000|  0%| F|  |TAMS 0x000000070fa00000, 0x000000070fa00000| Untracked 
|  86|0x000000070fc00000, 0x000000070fc00000, 0x000000070fe00000|  0%| F|  |TAMS 0x000000070fc00000, 0x000000070fc00000| Untracked 
|  87|0x000000070fe00000, 0x000000070fe00000, 0x0000000710000000|  0%| F|  |TAMS 0x000000070fe00000, 0x000000070fe00000| Untracked 
|  88|0x0000000710000000, 0x0000000710000000, 0x0000000710200000|  0%| F|  |TAMS 0x0000000710000000, 0x0000000710000000| Untracked 
|  89|0x0000000710200000, 0x0000000710200000, 0x0000000710400000|  0%| F|  |TAMS 0x0000000710200000, 0x0000000710200000| Untracked 
|  90|0x0000000710400000, 0x0000000710400000, 0x0000000710600000|  0%| F|  |TAMS 0x0000000710400000, 0x0000000710400000| Untracked 
|  91|0x0000000710600000, 0x0000000710600000, 0x0000000710800000|  0%| F|  |TAMS 0x0000000710600000, 0x0000000710600000| Untracked 
|  92|0x0000000710800000, 0x0000000710800000, 0x0000000710a00000|  0%| F|  |TAMS 0x0000000710800000, 0x0000000710800000| Untracked 
|  93|0x0000000710a00000, 0x0000000710a00000, 0x0000000710c00000|  0%| F|  |TAMS 0x0000000710a00000, 0x0000000710a00000| Untracked 
|  94|0x0000000710c00000, 0x0000000710c00000, 0x0000000710e00000|  0%| F|  |TAMS 0x0000000710c00000, 0x0000000710c00000| Untracked 
|  95|0x0000000710e00000, 0x0000000710e00000, 0x0000000711000000|  0%| F|  |TAMS 0x0000000710e00000, 0x0000000710e00000| Untracked 
|  96|0x0000000711000000, 0x0000000711000000, 0x0000000711200000|  0%| F|  |TAMS 0x0000000711000000, 0x0000000711000000| Untracked 
|  97|0x0000000711200000, 0x0000000711200000, 0x0000000711400000|  0%| F|  |TAMS 0x0000000711200000, 0x0000000711200000| Untracked 
|  98|0x0000000711400000, 0x0000000711400000, 0x0000000711600000|  0%| F|  |TAMS 0x0000000711400000, 0x0000000711400000| Untracked 
|  99|0x0000000711600000, 0x0000000711600000, 0x0000000711800000|  0%| F|  |TAMS 0x0000000711600000, 0x0000000711600000| Untracked 
| 100|0x0000000711800000, 0x0000000711800000, 0x0000000711a00000|  0%| F|  |TAMS 0x0000000711800000, 0x0000000711800000| Untracked 
| 101|0x0000000711a00000, 0x0000000711a00000, 0x0000000711c00000|  0%| F|  |TAMS 0x0000000711a00000, 0x0000000711a00000| Untracked 
| 102|0x0000000711c00000, 0x0000000711c00000, 0x0000000711e00000|  0%| F|  |TAMS 0x0000000711c00000, 0x0000000711c00000| Untracked 
| 103|0x0000000711e00000, 0x0000000711e00000, 0x0000000712000000|  0%| F|  |TAMS 0x0000000711e00000, 0x0000000711e00000| Untracked 
| 104|0x0000000712000000, 0x0000000712000000, 0x0000000712200000|  0%| F|  |TAMS 0x0000000712000000, 0x0000000712000000| Untracked 
| 105|0x0000000712200000, 0x0000000712200800, 0x0000000712400000|  0%| E|  |TAMS 0x0000000712200000, 0x0000000712200000| Complete 
| 106|0x0000000712400000, 0x0000000712600000, 0x0000000712600000|100%| E|CS|TAMS 0x0000000712400000, 0x0000000712400000| Complete 
| 107|0x0000000712600000, 0x0000000712800000, 0x0000000712800000|100%| E|CS|TAMS 0x0000000712600000, 0x0000000712600000| Complete 
| 108|0x0000000712800000, 0x0000000712a00000, 0x0000000712a00000|100%| E|CS|TAMS 0x0000000712800000, 0x0000000712800000| Complete 
| 109|0x0000000712a00000, 0x0000000712c00000, 0x0000000712c00000|100%| E|CS|TAMS 0x0000000712a00000, 0x0000000712a00000| Complete 
| 110|0x0000000712c00000, 0x0000000712e00000, 0x0000000712e00000|100%| E|CS|TAMS 0x0000000712c00000, 0x0000000712c00000| Complete 
| 111|0x0000000712e00000, 0x0000000713000000, 0x0000000713000000|100%| E|CS|TAMS 0x0000000712e00000, 0x0000000712e00000| Complete 
| 112|0x0000000713000000, 0x0000000713200000, 0x0000000713200000|100%| E|CS|TAMS 0x0000000713000000, 0x0000000713000000| Complete 
| 113|0x0000000713200000, 0x0000000713400000, 0x0000000713400000|100%| E|CS|TAMS 0x0000000713200000, 0x0000000713200000| Complete 
| 114|0x0000000713400000, 0x0000000713600000, 0x0000000713600000|100%| E|CS|TAMS 0x0000000713400000, 0x0000000713400000| Complete 
| 115|0x0000000713600000, 0x0000000713800000, 0x0000000713800000|100%| E|CS|TAMS 0x0000000713600000, 0x0000000713600000| Complete 
| 116|0x0000000713800000, 0x0000000713a00000, 0x0000000713a00000|100%| E|CS|TAMS 0x0000000713800000, 0x0000000713800000| Complete 
| 117|0x0000000713a00000, 0x0000000713c00000, 0x0000000713c00000|100%| E|CS|TAMS 0x0000000713a00000, 0x0000000713a00000| Complete 
| 118|0x0000000713c00000, 0x0000000713e00000, 0x0000000713e00000|100%| E|CS|TAMS 0x0000000713c00000, 0x0000000713c00000| Complete 
| 119|0x0000000713e00000, 0x0000000714000000, 0x0000000714000000|100%| E|CS|TAMS 0x0000000713e00000, 0x0000000713e00000| Complete 
| 120|0x0000000714000000, 0x0000000714200000, 0x0000000714200000|100%| E|CS|TAMS 0x0000000714000000, 0x0000000714000000| Complete 
| 121|0x0000000714200000, 0x0000000714400000, 0x0000000714400000|100%| E|CS|TAMS 0x0000000714200000, 0x0000000714200000| Complete 
| 122|0x0000000714400000, 0x0000000714600000, 0x0000000714600000|100%| E|CS|TAMS 0x0000000714400000, 0x0000000714400000| Complete 
| 123|0x0000000714600000, 0x0000000714800000, 0x0000000714800000|100%| E|CS|TAMS 0x0000000714600000, 0x0000000714600000| Complete 
| 124|0x0000000714800000, 0x0000000714a00000, 0x0000000714a00000|100%| E|CS|TAMS 0x0000000714800000, 0x0000000714800000| Complete 
| 125|0x0000000714a00000, 0x0000000714c00000, 0x0000000714c00000|100%| E|CS|TAMS 0x0000000714a00000, 0x0000000714a00000| Complete 

Card table byte_map: [0x0000015c7ae40000,0x0000015c7b620000] _byte_map_base: 0x0000015c77618000

Marking Bits (Prev, Next): (CMBitMap*) 0x0000015c78395040, (CMBitMap*) 0x0000015c78395080
 Prev Bits: [0x0000015c7be00000, 0x0000015c7fcc0000)
 Next Bits: [0x0000015c17160000, 0x0000015c1b020000)

Polling page: 0x0000015c78420000

Metaspace:

Usage:
  Non-class:      5.65 MB capacity,     3.38 MB ( 60%) used,     2.27 MB ( 40%) free+waste,     4.69 KB ( <1%) overhead. 
      Class:    510.00 KB capacity,   234.84 KB ( 46%) used,   273.34 KB ( 54%) free+waste,     1.81 KB ( <1%) overhead. 
       Both:      6.15 MB capacity,     3.60 MB ( 59%) used,     2.54 MB ( 41%) free+waste,     6.50 KB ( <1%) overhead. 

Virtual space:
  Non-class space:        8.00 MB reserved,       5.75 MB ( 72%) committed 
      Class space:        1.00 GB reserved,     512.00 KB ( <1%) committed 
             Both:        1.01 GB reserved,       6.25 MB ( <1%) committed 

Chunk freelists:
   Non-Class:  104.00 KB
       Class:  2.00 KB
        Both:  106.00 KB

MaxMetaspaceSize: 17179869184.00 GB
CompressedClassSpaceSize: 1.00 GB

CodeHeap 'non-profiled nmethods': size=120000Kb used=708Kb max_used=708Kb free=119291Kb
 bounds [0x0000015c0fc30000, 0x0000015c0fea0000, 0x0000015c17160000]
CodeHeap 'profiled nmethods': size=120000Kb used=1761Kb max_used=1761Kb free=118238Kb
 bounds [0x0000015c08700000, 0x0000015c08970000, 0x0000015c0fc30000]
CodeHeap 'non-nmethods': size=5760Kb used=1319Kb max_used=1354Kb free=4440Kb
 bounds [0x0000015c08160000, 0x0000015c083d0000, 0x0000015c08700000]
 total_blobs=1659 nmethods=1163 adapters=409
 compilation: enabled
              stopped_count=0, restarted_count=0
 full_count=0

Compilation events (20 events):
Event: 1290.597 Thread 0x0000015c1e19caa0 1154       4       org.lwjgl.util.vector.Vector3f::lengthSquared (30 bytes)
Event: 1290.598 Thread 0x0000015c1e19caa0 nmethod 1154 0x0000015c0fcdce10 code [0x0000015c0fcdcf80, 0x0000015c0fcdcff8]
Event: 1838.597 Thread 0x0000015c1e19caa0 1155       4       sun.nio.cs.UTF_8$Encoder::encodeArrayLoop (489 bytes)
Event: 1838.609 Thread 0x0000015c1e19caa0 nmethod 1155 0x0000015c0fcdd110 code [0x0000015c0fcdd2c0, 0x0000015c0fcddb38]
Event: 1904.597 Thread 0x0000015c1e19caa0 1156       4       java.lang.String::checkBoundsOffCount (64 bytes)
Event: 1904.598 Thread 0x0000015c1e19caa0 nmethod 1156 0x0000015c0fcde210 code [0x0000015c0fcde380, 0x0000015c0fcde418]
Event: 2322.598 Thread 0x0000015c1e19caa0 1157       4       java.nio.Buffer::<init> (105 bytes)
Event: 2322.600 Thread 0x0000015c1e19caa0 nmethod 1157 0x0000015c0fcde510 code [0x0000015c0fcde6a0, 0x0000015c0fcde878]
Event: 2368.598 Thread 0x0000015c1e19caa0 1158       4       java.nio.CharBuffer::position (6 bytes)
Event: 2368.599 Thread 0x0000015c1e19caa0 nmethod 1158 0x0000015c0fcde990 code [0x0000015c0fcdeb00, 0x0000015c0fcdebd8]
Event: 2506.599 Thread 0x0000015c1e19caa0 1159       4       java.lang.String::getChars (54 bytes)
Event: 2506.602 Thread 0x0000015c1e19caa0 nmethod 1159 0x0000015c0fcded10 code [0x0000015c0fcdeea0, 0x0000015c0fcdf318]
Event: 2687.596 Thread 0x0000015c1e19caa0 1160   !   4       java.io.BufferedWriter::write (117 bytes)
Event: 2687.601 Thread 0x0000015c1e19caa0 nmethod 1160 0x0000015c0fcdf610 code [0x0000015c0fcdf7c0, 0x0000015c0fce0118]
Event: 2687.601 Thread 0x0000015c1e19caa0 1161  s    4       java.io.BufferedOutputStream::flush (12 bytes)
Event: 2687.602 Thread 0x0000015c1e19caa0 nmethod 1161 0x0000015c0fce0710 code [0x0000015c0fce08c0, 0x0000015c0fce0c48]
Event: 3331.179 Thread 0x0000015c1e1a0a50 1162       3       org.lwjgl.opengl.WindowsDisplay::handleMessage (29 bytes)
Event: 3331.180 Thread 0x0000015c1e1a0a50 nmethod 1162 0x0000015c088b5610 code [0x0000015c088b57c0, 0x0000015c088b59b8]
Event: 3331.180 Thread 0x0000015c1e1a0a50 1163       3       org.lwjgl.opengl.WindowsDisplay::doHandleMessage (966 bytes)
Event: 3331.184 Thread 0x0000015c1e1a0a50 nmethod 1163 0x0000015c088b5b10 code [0x0000015c088b5f80, 0x0000015c088b7f18]

GC Heap History (20 events):
Event: 2295.160 GC heap before
{Heap before GC invocations=14 (full 0):
 garbage-first heap   total 258048K, used 151612K [0x0000000705000000, 0x0000000800000000)
  region size 2048K, 75 young (153600K), 2 survivors (4096K)
 Metaspace       used 3674K, capacity 6294K, committed 6400K, reserved 1056768K
  class space    used 234K, capacity 510K, committed 512K, reserved 1048576K
}
Event: 2295.162 GC heap after
{Heap after GC invocations=15 (full 0):
 garbage-first heap   total 258048K, used 2108K [0x0000000705000000, 0x0000000800000000)
  region size 2048K, 2 young (4096K), 2 survivors (4096K)
 Metaspace       used 3674K, capacity 6294K, committed 6400K, reserved 1056768K
  class space    used 234K, capacity 510K, committed 512K, reserved 1048576K
}
Event: 2449.963 GC heap before
{Heap before GC invocations=15 (full 0):
 garbage-first heap   total 258048K, used 151612K [0x0000000705000000, 0x0000000800000000)
  region size 2048K, 75 young (153600K), 2 survivors (4096K)
 Metaspace       used 3674K, capacity 6294K, committed 6400K, reserved 1056768K
  class space    used 234K, capacity 510K, committed 512K, reserved 1048576K
}
Event: 2449.966 GC heap after
{Heap after GC invocations=16 (full 0):
 garbage-first heap   total 258048K, used 2103K [0x0000000705000000, 0x0000000800000000)
  region size 2048K, 1 young (2048K), 1 survivors (2048K)
 Metaspace       used 3674K, capacity 6294K, committed 6400K, reserved 1056768K
  class space    used 234K, capacity 510K, committed 512K, reserved 1048576K
}
Event: 2611.141 GC heap before
{Heap before GC invocations=16 (full 0):
 garbage-first heap   total 258048K, used 153655K [0x0000000705000000, 0x0000000800000000)
  region size 2048K, 75 young (153600K), 1 survivors (2048K)
 Metaspace       used 3674K, capacity 6294K, committed 6400K, reserved 1056768K
  class space    used 234K, capacity 510K, committed 512K, reserved 1048576K
}
Event: 2611.142 GC heap after
{Heap after GC invocations=17 (full 0):
 garbage-first heap   total 258048K, used 2111K [0x0000000705000000, 0x0000000800000000)
  region size 2048K, 1 young (2048K), 1 survivors (2048K)
 Metaspace       used 3674K, capacity 6294K, committed 6400K, reserved 1056768K
  class space    used 234K, capacity 510K, committed 512K, reserved 1048576K
}
Event: 2787.828 GC heap before
{Heap before GC invocations=17 (full 0):
 garbage-first heap   total 258048K, used 153663K [0x0000000705000000, 0x0000000800000000)
  region size 2048K, 75 young (153600K), 1 survivors (2048K)
 Metaspace       used 3674K, capacity 6294K, committed 6400K, reserved 1056768K
  class space    used 234K, capacity 510K, committed 512K, reserved 1048576K
}
Event: 2787.829 GC heap after
{Heap after GC invocations=18 (full 0):
 garbage-first heap   total 258048K, used 2051K [0x0000000705000000, 0x0000000800000000)
  region size 2048K, 1 young (2048K), 1 survivors (2048K)
 Metaspace       used 3674K, capacity 6294K, committed 6400K, reserved 1056768K
  class space    used 234K, capacity 510K, committed 512K, reserved 1048576K
}
Event: 2972.212 GC heap before
{Heap before GC invocations=18 (full 0):
 garbage-first heap   total 258048K, used 153603K [0x0000000705000000, 0x0000000800000000)
  region size 2048K, 75 young (153600K), 1 survivors (2048K)
 Metaspace       used 3674K, capacity 6294K, committed 6400K, reserved 1056768K
  class space    used 234K, capacity 510K, committed 512K, reserved 1048576K
}
Event: 2972.213 GC heap after
{Heap after GC invocations=19 (full 0):
 garbage-first heap   total 258048K, used 2043K [0x0000000705000000, 0x0000000800000000)
  region size 2048K, 1 young (2048K), 1 survivors (2048K)
 Metaspace       used 3674K, capacity 6294K, committed 6400K, reserved 1056768K
  class space    used 234K, capacity 510K, committed 512K, reserved 1048576K
}
Event: 3145.567 GC heap before
{Heap before GC invocations=19 (full 0):
 garbage-first heap   total 258048K, used 153595K [0x0000000705000000, 0x0000000800000000)
  region size 2048K, 75 young (153600K), 1 survivors (2048K)
 Metaspace       used 3674K, capacity 6294K, committed 6400K, reserved 1056768K
  class space    used 234K, capacity 510K, committed 512K, reserved 1048576K
}
Event: 3145.568 GC heap after
{Heap after GC invocations=20 (full 0):
 garbage-first heap   total 258048K, used 2046K [0x0000000705000000, 0x0000000800000000)
  region size 2048K, 1 young (2048K), 1 survivors (2048K)
 Metaspace       used 3674K, capacity 6294K, committed 6400K, reserved 1056768K
  class space    used 234K, capacity 510K, committed 512K, reserved 1048576K
}
Event: 3331.181 GC heap before
{Heap before GC invocations=20 (full 0):
 garbage-first heap   total 258048K, used 153598K [0x0000000705000000, 0x0000000800000000)
  region size 2048K, 75 young (153600K), 1 survivors (2048K)
 Metaspace       used 3683K, capacity 6294K, committed 6400K, reserved 1056768K
  class space    used 234K, capacity 510K, committed 512K, reserved 1048576K
}
Event: 3331.181 GC heap after
{Heap after GC invocations=21 (full 0):
 garbage-first heap   total 258048K, used 2042K [0x0000000705000000, 0x0000000800000000)
  region size 2048K, 1 young (2048K), 1 survivors (2048K)
 Metaspace       used 3683K, capacity 6294K, committed 6400K, reserved 1056768K
  class space    used 234K, capacity 510K, committed 512K, reserved 1048576K
}
Event: 3503.143 GC heap before
{Heap before GC invocations=21 (full 0):
 garbage-first heap   total 258048K, used 153594K [0x0000000705000000, 0x0000000800000000)
  region size 2048K, 75 young (153600K), 1 survivors (2048K)
 Metaspace       used 3686K, capacity 6294K, committed 6400K, reserved 1056768K
  class space    used 234K, capacity 510K, committed 512K, reserved 1048576K
}
Event: 3503.144 GC heap after
{Heap after GC invocations=22 (full 0):
 garbage-first heap   total 258048K, used 2048K [0x0000000705000000, 0x0000000800000000)
  region size 2048K, 1 young (2048K), 1 survivors (2048K)
 Metaspace       used 3686K, capacity 6294K, committed 6400K, reserved 1056768K
  class space    used 234K, capacity 510K, committed 512K, reserved 1048576K
}
Event: 3692.234 GC heap before
{Heap before GC invocations=22 (full 0):
 garbage-first heap   total 258048K, used 153600K [0x0000000705000000, 0x0000000800000000)
  region size 2048K, 75 young (153600K), 1 survivors (2048K)
 Metaspace       used 3686K, capacity 6294K, committed 6400K, reserved 1056768K
  class space    used 234K, capacity 510K, committed 512K, reserved 1048576K
}
Event: 3692.235 GC heap after
{Heap after GC invocations=23 (full 0):
 garbage-first heap   total 258048K, used 2048K [0x0000000705000000, 0x0000000800000000)
  region size 2048K, 1 young (2048K), 1 survivors (2048K)
 Metaspace       used 3686K, capacity 6294K, committed 6400K, reserved 1056768K
  class space    used 234K, capacity 510K, committed 512K, reserved 1048576K
}
Event: 3874.916 GC heap before
{Heap before GC invocations=23 (full 0):
 garbage-first heap   total 258048K, used 153600K [0x0000000705000000, 0x0000000800000000)
  region size 2048K, 75 young (153600K), 1 survivors (2048K)
 Metaspace       used 3686K, capacity 6294K, committed 6400K, reserved 1056768K
  class space    used 234K, capacity 510K, committed 512K, reserved 1048576K
}
Event: 3874.916 GC heap after
{Heap after GC invocations=24 (full 0):
 garbage-first heap   total 258048K, used 2046K [0x0000000705000000, 0x0000000800000000)
  region size 2048K, 1 young (2048K), 1 survivors (2048K)
 Metaspace       used 3686K, capacity 6294K, committed 6400K, reserved 1056768K
  class space    used 234K, capacity 510K, committed 512K, reserved 1048576K
}

Deoptimization events (20 events):
Event: 48.063 Thread 0x0000015c78341a20 DEOPT PACKING pc=0x0000015c0fc915ec sp=0x0000002a135ff180
Event: 48.063 Thread 0x0000015c78341a20 DEOPT UNPACKING pc=0x0000015c0816852f sp=0x0000002a135ff008 mode 2
Event: 48.063 Thread 0x0000015c78341a20 Uncommon trap: trap_request=0xffffff45 fr.pc=0x0000015c0fc8aa0c relative=0x00000000000002ec
Event: 48.063 Thread 0x0000015c78341a20 Uncommon trap: reason=unstable_if action=reinterpret pc=0x0000015c0fc8aa0c method=java.util.HashMap$HashIterator.<init>(Ljava/util/HashMap;)V @ 45 c2
Event: 48.063 Thread 0x0000015c78341a20 DEOPT PACKING pc=0x0000015c0fc8aa0c sp=0x0000002a135ff0d0
Event: 48.063 Thread 0x0000015c78341a20 DEOPT UNPACKING pc=0x0000015c0816852f sp=0x0000002a135fefe0 mode 2
Event: 48.065 Thread 0x0000015c78341a20 Uncommon trap: trap_request=0xffffff45 fr.pc=0x0000015c0fc80ac4 relative=0x00000000000003a4
Event: 48.065 Thread 0x0000015c78341a20 Uncommon trap: reason=unstable_if action=reinterpret pc=0x0000015c0fc80ac4 method=java.util.HashMap$HashIterator.<init>(Ljava/util/HashMap;)V @ 45 c2
Event: 48.065 Thread 0x0000015c78341a20 DEOPT PACKING pc=0x0000015c0fc80ac4 sp=0x0000002a135ff090
Event: 48.065 Thread 0x0000015c78341a20 DEOPT UNPACKING pc=0x0000015c0816852f sp=0x0000002a135ff048 mode 2
Event: 135.535 Thread 0x0000015c78341a20 DEOPT PACKING pc=0x0000015c08890003 sp=0x0000002a135ff060
Event: 135.535 Thread 0x0000015c78341a20 DEOPT UNPACKING pc=0x0000015c081af6cf sp=0x0000002a135fe7b0 mode 0
Event: 151.613 Thread 0x0000015c78341a20 DEOPT PACKING pc=0x0000015c08890003 sp=0x0000002a135ff060
Event: 151.613 Thread 0x0000015c78341a20 DEOPT UNPACKING pc=0x0000015c081af6cf sp=0x0000002a135fe7b0 mode 0
Event: 167.703 Thread 0x0000015c78341a20 DEOPT PACKING pc=0x0000015c08890003 sp=0x0000002a135ff060
Event: 167.703 Thread 0x0000015c78341a20 DEOPT UNPACKING pc=0x0000015c081af6cf sp=0x0000002a135fe7b0 mode 0
Event: 183.789 Thread 0x0000015c78341a20 DEOPT PACKING pc=0x0000015c08890003 sp=0x0000002a135ff060
Event: 183.789 Thread 0x0000015c78341a20 DEOPT UNPACKING pc=0x0000015c081af6cf sp=0x0000002a135fe7b0 mode 0
Event: 215.942 Thread 0x0000015c78341a20 DEOPT PACKING pc=0x0000015c08890003 sp=0x0000002a135ff060
Event: 215.942 Thread 0x0000015c78341a20 DEOPT UNPACKING pc=0x0000015c081af6cf sp=0x0000002a135fe7b0 mode 0

Classes unloaded (0 events):
No events

Classes redefined (0 events):
No events

Internal exceptions (2 events):
Event: 0.767 Thread 0x0000015c78341a20 Exception <a 'java/lang/NoSuchMethodError'{0x00000007143f5160}: 'int java.lang.invoke.DirectMethodHandle$Holder.invokeVirtual(java.lang.Object, java.lang.Object)'> (0x00000007143f5160) 
thrown [./open/src/hotspot/share/interpreter/linkResolver.cpp, line 782]
Event: 0.770 Thread 0x0000015c78341a20 Exception <a 'java/lang/NoSuchMethodError'{0x0000000714002310}: 'java.lang.Object java.lang.invoke.Invokers$Holder.invokeExact_MT(java.lang.Object, java.lang.Object, java.lang.Object, java.lang.Object, java.lang.Object, java.lang.Object)'> (0x0000000714002310) 
thrown [./open/src/hotspot/share/interpreter/linkResolver.cpp, line 782]

Events (20 events):
Event: 3692.234 Executing VM operation: G1CollectForAllocation
Event: 3692.235 Executing VM operation: G1CollectForAllocation done
Event: 3874.916 Executing VM operation: G1CollectForAllocation
Event: 3874.916 Executing VM operation: G1CollectForAllocation done
Event: 3914.307 Loaded shared library C:\MyStuff\Java\CustomEngine\libs\natives\lwjgl64.dll
Event: 3924.432 Executing VM operation: ChangeBreakpoints
Event: 3924.432 Executing VM operation: ChangeBreakpoints done
Event: 3924.433 Thread 0x0000015c1e3598e0 Thread exited: 0x0000015c1e3598e0
Event: 3924.433 Executing VM operation: ChangeBreakpoints
Event: 3924.433 Executing VM operation: ChangeBreakpoints done
Event: 3924.433 Executing VM operation: ChangeBreakpoints
Event: 3924.433 Executing VM operation: ChangeBreakpoints done
Event: 3924.436 Thread 0x0000015c1e3296a0 Thread exited: 0x0000015c1e3296a0
Event: 3924.710 loading class jdk/internal/misc/Signal$1
Event: 3924.711 loading class jdk/internal/misc/Signal$1 done
Event: 3924.711 Thread 0x0000015c1e3296a0 Thread added: 0x0000015c1e3296a0
Event: 3924.712 Thread 0x0000015c1e3598e0 Thread added: 0x0000015c1e3598e0
Event: 3924.734 Thread 0x0000015c1e3598e0 Thread exited: 0x0000015c1e3598e0
Event: 3924.734 Executing VM operation: Exit
Event: 3924.734 Thread 0x0000015c1e196b30 Thread exited: 0x0000015c1e196b30


Dynamic libraries:
0x00007ff69eba0000 - 0x00007ff69ebaf000 	C:\Program Files\Java\jdk-15.0.2\bin\java.exe
0x00007ffbb7590000 - 0x00007ffbb7785000 	C:\WINDOWS\SYSTEM32\ntdll.dll
0x00007ffbb5880000 - 0x00007ffbb593d000 	C:\WINDOWS\System32\KERNEL32.DLL
0x00007ffbb4d80000 - 0x00007ffbb5049000 	C:\WINDOWS\System32\KERNELBASE.dll
0x00007ffbb54f0000 - 0x00007ffbb55f0000 	C:\WINDOWS\System32\ucrtbase.dll
0x00007ffba9730000 - 0x00007ffba9748000 	C:\Program Files\Java\jdk-15.0.2\bin\jli.dll
0x00007ffba9710000 - 0x00007ffba9729000 	C:\Program Files\Java\jdk-15.0.2\bin\VCRUNTIME140.dll
0x00007ffbb7110000 - 0x00007ffbb71bc000 	C:\WINDOWS\System32\ADVAPI32.dll
0x00007ffbb5b70000 - 0x00007ffbb5c0e000 	C:\WINDOWS\System32\msvcrt.dll
0x00007ffbb6ee0000 - 0x00007ffbb6f7b000 	C:\WINDOWS\System32\sechost.dll
0x00007ffbb7300000 - 0x00007ffbb742a000 	C:\WINDOWS\System32\RPCRT4.dll
0x00007ffbb64b0000 - 0x00007ffbb6650000 	C:\WINDOWS\System32\USER32.dll
0x00007ffbb4cc0000 - 0x00007ffbb4ce2000 	C:\WINDOWS\System32\win32u.dll
0x00007ffbb6000000 - 0x00007ffbb602a000 	C:\WINDOWS\System32\GDI32.dll
0x00007ffb9fd40000 - 0x00007ffb9ffda000 	C:\WINDOWS\WinSxS\amd64_microsoft.windows.common-controls_6595b64144ccf1df_6.0.19041.1110_none_60b5254171f9507e\COMCTL32.dll
0x00007ffbb5160000 - 0x00007ffbb526b000 	C:\WINDOWS\System32\gdi32full.dll
0x00007ffbb5420000 - 0x00007ffbb54bd000 	C:\WINDOWS\System32\msvcp_win.dll
0x00007ffbab200000 - 0x00007ffbab20a000 	C:\WINDOWS\SYSTEM32\VERSION.dll
0x00007ffbb5a70000 - 0x00007ffbb5aa0000 	C:\WINDOWS\System32\IMM32.DLL
0x00007ffba9700000 - 0x00007ffba970c000 	C:\Program Files\Java\jdk-15.0.2\bin\vcruntime140_1.dll
0x00007ffb601a0000 - 0x00007ffb60231000 	C:\Program Files\Java\jdk-15.0.2\bin\msvcp140.dll
0x00007ffb1c8d0000 - 0x00007ffb1d42e000 	C:\Program Files\Java\jdk-15.0.2\bin\server\jvm.dll
0x00007ffbb55f0000 - 0x00007ffbb55f8000 	C:\WINDOWS\System32\PSAPI.DLL
0x00007ffb9ab80000 - 0x00007ffb9aba7000 	C:\WINDOWS\SYSTEM32\WINMM.dll
0x00007ffba96a0000 - 0x00007ffba96a9000 	C:\WINDOWS\SYSTEM32\WSOCK32.dll
0x00007ffbb70a0000 - 0x00007ffbb710b000 	C:\WINDOWS\System32\WS2_32.dll
0x00007ffbb3550000 - 0x00007ffbb3562000 	C:\WINDOWS\SYSTEM32\kernel.appcore.dll
0x00007ffba96f0000 - 0x00007ffba96fa000 	C:\Program Files\Java\jdk-15.0.2\bin\jimage.dll
0x00007ffbb3340000 - 0x00007ffbb3524000 	C:\WINDOWS\SYSTEM32\DBGHELP.DLL
0x00007ffb9f350000 - 0x00007ffb9f37c000 	C:\WINDOWS\SYSTEM32\dbgcore.DLL
0x00007ffbb4cf0000 - 0x00007ffbb4d73000 	C:\WINDOWS\System32\bcryptPrimitives.dll
0x00007ffb73a80000 - 0x00007ffb73ab9000 	C:\Program Files\Java\jdk-15.0.2\bin\jdwp.dll
0x00007ffb9f390000 - 0x00007ffb9f39e000 	C:\Program Files\Java\jdk-15.0.2\bin\instrument.dll
0x00007ffb8f800000 - 0x00007ffb8f825000 	C:\Program Files\Java\jdk-15.0.2\bin\java.dll
0x00007ffbb66c0000 - 0x00007ffbb6dff000 	C:\WINDOWS\System32\SHELL32.dll
0x00007ffbaf9a0000 - 0x00007ffbb0130000 	C:\WINDOWS\SYSTEM32\windows.storage.dll
0x00007ffbb5ca0000 - 0x00007ffbb5ff5000 	C:\WINDOWS\System32\combase.dll
0x00007ffbb4720000 - 0x00007ffbb474c000 	C:\WINDOWS\SYSTEM32\Wldp.dll
0x00007ffbb5600000 - 0x00007ffbb56ae000 	C:\WINDOWS\System32\SHCORE.dll
0x00007ffbb72a0000 - 0x00007ffbb72f5000 	C:\WINDOWS\System32\shlwapi.dll
0x00007ffbb4c00000 - 0x00007ffbb4c1f000 	C:\WINDOWS\SYSTEM32\profapi.dll
0x00007ffb961f0000 - 0x00007ffb961fb000 	C:\Program Files\Java\jdk-15.0.2\bin\dt_socket.dll
0x00007ffbb4100000 - 0x00007ffbb413b000 	C:\WINDOWS\SYSTEM32\IPHLPAPI.DLL
0x00007ffbb4410000 - 0x00007ffbb447a000 	C:\WINDOWS\system32\mswsock.dll
0x00007ffb7a5b0000 - 0x00007ffb7a5c8000 	C:\Program Files\Java\jdk-15.0.2\bin\zip.dll
0x00007ffb86850000 - 0x00007ffb86869000 	C:\Program Files\Java\jdk-15.0.2\bin\net.dll
0x00007ffbab640000 - 0x00007ffbab748000 	C:\WINDOWS\SYSTEM32\WINHTTP.dll
0x00007ffb84f90000 - 0x00007ffb84fa2000 	C:\Program Files\Java\jdk-15.0.2\bin\nio.dll
0x00007ffb8f7f0000 - 0x00007ffb8f800000 	C:\Program Files\Java\jdk-15.0.2\bin\verify.dll
0x0000000180000000 - 0x0000000180051000 	C:\MyStuff\Java\CustomEngine\libs\natives\lwjgl64.dll
0x00007ffb80000000 - 0x00007ffb80125000 	C:\WINDOWS\SYSTEM32\OPENGL32.dll
0x00007ffb7f580000 - 0x00007ffb7f5ac000 	C:\WINDOWS\SYSTEM32\GLU32.dll
0x00007ffbaba10000 - 0x00007ffbababe000 	C:\WINDOWS\SYSTEM32\mscms.dll
0x00007ffbab980000 - 0x00007ffbab991000 	C:\WINDOWS\SYSTEM32\ColorAdapterClient.dll
0x00007ffbb4bc0000 - 0x00007ffbb4bee000 	C:\WINDOWS\SYSTEM32\USERENV.dll
0x00007ffbb5aa0000 - 0x00007ffbb5b6d000 	C:\WINDOWS\System32\OLEAUT32.dll
0x00007ffbb7490000 - 0x00007ffbb7539000 	C:\WINDOWS\System32\clbcatq.dll
0x00007ffba8aa0000 - 0x00007ffba8ae4000 	C:\Windows\System32\Windows.Internal.Graphics.Display.DisplayColorManagement.dll
0x00007ffbb5270000 - 0x00007ffbb52be000 	C:\WINDOWS\System32\cfgmgr32.dll
0x00007ffbaf1d0000 - 0x00007ffbaf26e000 	C:\WINDOWS\system32\uxtheme.dll
0x00007ffbb6f80000 - 0x00007ffbb7095000 	C:\WINDOWS\System32\MSCTF.dll
0x00007ffba9560000 - 0x00007ffba9659000 	C:\Windows\System32\AppXDeploymentClient.dll
0x00007ffb03c50000 - 0x00007ffb04cb7000 	C:\WINDOWS\System32\DriverStore\FileRepository\iigd_dch.inf_amd64_4f49892c99b2ed8d\ig11icd64.dll
0x00007ffbb5940000 - 0x00007ffbb5a6a000 	C:\WINDOWS\System32\ole32.dll
0x00007ffbaf2d0000 - 0x00007ffbaf2ff000 	C:\WINDOWS\system32\dwmapi.dll
0x00007ffbb35c0000 - 0x00007ffbb36b4000 	C:\WINDOWS\system32\dxgi.dll
0x00007ffb1df80000 - 0x00007ffb1e36c000 	C:\WINDOWS\System32\DriverStore\FileRepository\iigd_dch.inf_amd64_4f49892c99b2ed8d\igdml64.dll
0x00007ffba7d30000 - 0x00007ffba7ff8000 	C:\WINDOWS\System32\DriverStore\FileRepository\iigd_dch.inf_amd64_4f49892c99b2ed8d\igdgmm64.dll
0x00007ffba7470000 - 0x00007ffba7569000 	C:\WINDOWS\SYSTEM32\textinputframework.dll
0x00007ffbaeaa0000 - 0x00007ffbaeb92000 	C:\WINDOWS\System32\CoreMessaging.dll
0x00007ffbae3c0000 - 0x00007ffbae71e000 	C:\WINDOWS\System32\CoreUIComponents.dll
0x00007ffbb39c0000 - 0x00007ffbb39f3000 	C:\WINDOWS\SYSTEM32\ntmarta.dll
0x00007ffbad250000 - 0x00007ffbad3a4000 	C:\WINDOWS\SYSTEM32\wintypes.dll
0x00007ffba2420000 - 0x00007ffba4fe7000 	C:\WINDOWS\System32\DriverStore\FileRepository\iigd_dch.inf_amd64_4f49892c99b2ed8d\igc64.dll
0x00007ffbb46d0000 - 0x00007ffbb471b000 	C:\WINDOWS\SYSTEM32\powrprof.dll
0x00007ffbb46b0000 - 0x00007ffbb46c2000 	C:\WINDOWS\SYSTEM32\UMPDC.dll
0x00007ffb737b0000 - 0x00007ffb73930000 	C:\Program Files\Java\jdk-15.0.2\bin\awt.dll
0x00007ffbaedd0000 - 0x00007ffbaee60000 	C:\WINDOWS\SYSTEM32\apphelp.dll

dbghelp: loaded successfully - version: 4.0.5 - missing functions: none
symbol engine: initialized successfully - sym options: 0x614 - pdb path: .;C:\Program Files\Java\jdk-15.0.2\bin;C:\WINDOWS\SYSTEM32;C:\WINDOWS\WinSxS\amd64_microsoft.windows.common-controls_6595b64144ccf1df_6.0.19041.1110_none_60b5254171f9507e;C:\Program Files\Java\jdk-15.0.2\bin\server;C:\MyStuff\Java\CustomEngine\libs\natives;C:\WINDOWS\System32\DriverStore\FileRepository\iigd_dch.inf_amd64_4f49892c99b2ed8d

VM Arguments:
jvm_args: -agentlib:jdwp=transport=dt_socket,address=127.0.0.1:51852,suspend=y,server=n -Djava.library.path=C:\MyStuff\Java\CustomEngine\libs\natives -javaagent:C:\Users\STEVEN~1\AppData\Local\Temp\captureAgent507jars\debugger-agent.jar -Dfile.encoding=UTF-8 
java_command: engine.tester.TestLoop
java_class_path (initial): C:\MyStuff\Java\CustomEngine\out\production\3DEngine;C:\MyStuff\Java\CustomEngine\libs\jars\lwjgl-glfw-natives-windows.jar;C:\MyStuff\Java\CustomEngine\libs\jars\lwjgl-glfw.jar;C:\MyStuff\Java\CustomEngine\libs\jars\lwjgl-nanovg-natives-windows.jar;C:\MyStuff\Java\CustomEngine\libs\jars\lwjgl-nanovg.jar;C:\MyStuff\Java\CustomEngine\libs\jars\lwjgl-natives-windows.jar;C:\MyStuff\Java\CustomEngine\libs\jars\lwjgl-tinyfd-natives-windows.jar;C:\MyStuff\Java\CustomEngine\libs\jars\lwjgl-tinyfd.jar;C:\MyStuff\Java\CustomEngine\libs\jars\lwjgl.jar;C:\MyStuff\Java\CustomEngine\libs\jars\lwjgl_util.jar;C:\MyStuff\Java\CustomEngine\libs\jars\LWJGUI.jar;C:\MyStuff\Java\CustomEngine\libs\jars\slick-util.jar;C:\MyStuff\Java\CustomEngine\libs\jars\slick.jar;C:\Users\Steven Zhu\AppData\Local\JetBrains\Toolbox\apps\IDEA-C\ch-0\212.5080.39\lib\idea_rt.jar
Launcher Type: SUN_STANDARD

[Global flags]
     intx CICompilerCount                          = 4                                         {product} {ergonomic}
     uint ConcGCThreads                            = 2                                         {product} {ergonomic}
     uint G1ConcRefinementThreads                  = 8                                         {product} {ergonomic}
   size_t G1HeapRegionSize                         = 2097152                                   {product} {ergonomic}
    uintx GCDrainStackTargetSize                   = 64                                        {product} {ergonomic}
   size_t InitialHeapSize                          = 264241152                                 {product} {ergonomic}
   size_t MarkStackSize                            = 4194304                                   {product} {ergonomic}
   size_t MaxHeapSize                              = 4211081216                                {product} {ergonomic}
   size_t MaxNewSize                               = 2524971008                                {product} {ergonomic}
   size_t MinHeapDeltaBytes                        = 2097152                                   {product} {ergonomic}
   size_t MinHeapSize                              = 8388608                                   {product} {ergonomic}
    uintx NonNMethodCodeHeapSize                   = 5839372                                {pd product} {ergonomic}
    uintx NonProfiledCodeHeapSize                  = 122909434                              {pd product} {ergonomic}
    uintx ProfiledCodeHeapSize                     = 122909434                              {pd product} {ergonomic}
    uintx ReservedCodeCacheSize                    = 251658240                              {pd product} {ergonomic}
     bool SegmentedCodeCache                       = true                                      {product} {ergonomic}
   size_t SoftMaxHeapSize                          = 4211081216                             {manageable} {ergonomic}
     bool UseCompressedClassPointers               = true                                 {lp64_product} {ergonomic}
     bool UseCompressedOops                        = true                                 {lp64_product} {ergonomic}
     bool UseG1GC                                  = true                                      {product} {ergonomic}
     bool UseLargePagesIndividualAllocation        = false                                  {pd product} {ergonomic}

Logging:
Log output configuration:
 #0: stdout all=off uptime,level,tags
 #1: stderr all=off uptime,level,tags

Environment Variables:
JAVA_HOME=C:\Program Files\Java\jdk-16
PATH=C:\Program Files\Java\jdk-16\bin;C:\Program Files (x86)\ActiveState Komodo IDE 12\;C:\WINDOWS\system32;C:\WINDOWS;C:\WINDOWS\System32\Wbem;C:\WINDOWS\System32\WindowsPowerShell\v1.0\;C:\WINDOWS\System32\OpenSSH\;C:\Program Files\dotnet\;C:\Program Files\Microsoft SQL Server\130\Tools\Binn\;C:\Program Files\Microsoft SQL Server\Client SDK\ODBC\170\Tools\Binn\;C:\Program Files\nodejs\;C:\Program Files\Git\cmd;;C:\Program Files\WorldPainter;C:\Users\Steven Zhu\.cargo\bin;C:\Users\Steven Zhu\AppData\Local\Microsoft\WindowsApps;C:\Users\Steven Zhu\AppData\Local\Programs\Microsoft VS Code\bin;C:\Users\Steven Zhu\.dotnet\tools;C:\Users\Steven Zhu\.deno\bin;C:\Users\Steven Zhu\AppData\Roaming\npm;C:\Users\Steven Zhu\.dotnet\tools;C:\Users\Steven Zhu\AppData\Local\GitHubDesktop\bin;C:\Users\Steven Zhu\AppData\Local\atom\bin
USERNAME=Steven Zhu
OS=Windows_NT
PROCESSOR_IDENTIFIER=Intel64 Family 6 Model 126 Stepping 5, GenuineIntel



---------------  S Y S T E M  ---------------

OS:
 Windows 10 , 64 bit Build 19041 (10.0.19041.1151)
OS uptime: 6 days 2:41 hours

CPU: total 8 (initial active 8) (4 cores per cpu, 2 threads per core) family 6 model 126 stepping 5 microcode 0xa0, cmov, cx8, fxsr, mmx, sse, sse2, sse3, ssse3, sse4.1, sse4.2, popcnt, vzeroupper, avx, avx2, aes, clmul, erms, 3dnowpref, lzcnt, ht, tsc, tscinvbit, bmi1, bmi2, adx, avx512f, avx512dq, avx512cd, avx512bw, avx512vl, avx512_vpopcntdq, avx512_vpclmulqdq, avx512_vbmi, avx512_vbmi2, avx512_vaes, avx512_vnni, sha, fma, clflush, clflushopt

Memory: 4k page, system-wide physical 16057M (4734M free)
TotalPageFile size 23481M (AvailPageFile size 4500M)
current process WorkingSet (physical memory assigned to process): 239M, peak: 283M
current process commit charge ("private bytes"): 400M, peak: 419M

vm_info: Java HotSpot(TM) 64-Bit Server VM (15.0.2+7-27) for windows-amd64 JRE (15.0.2+7-27), built on Dec  7 2020 20:07:01 by "mach5one" with unknown MS VC++:1925

END.
