#
# A fatal error has been detected by the Java Runtime Environment:
#
#  EXCEPTION_ACCESS_VIOLATION (0xc0000005) at pc=0x00007ffdd3f3d1b9, pid=536, tid=13132
#
# JRE version: Java(TM) SE Runtime Environment (15.0.2+7) (build 15.0.2+7-27)
# Java VM: Java HotSpot(TM) 64-Bit Server VM (15.0.2+7-27, mixed mode, sharing, tiered, compressed oops, g1 gc, windows-amd64)
# Problematic frame:
# C  [ig11icd64.dll+0x5bd1b9]
#
# No core dump will be written. Minidumps are not enabled by default on client versions of Windows
#
# If you would like to submit a bug report, please visit:
#   https://bugreport.java.com/bugreport/crash.jsp
#

---------------  S U M M A R Y ------------

Command Line: -Djava.library.path=C:\MyStuff\Java\CustomEngine\libs\natives -javaagent:C:\Users\Steven Zhu\AppData\Local\JetBrains\Toolbox\apps\IDEA-C\ch-0\213.5449.25\lib\idea_rt.jar=63389:C:\Users\Steven Zhu\AppData\Local\JetBrains\Toolbox\apps\IDEA-C\ch-0\213.5449.25\bin -Dfile.encoding=UTF-8 engine.core.tester.TestLoop

Host: Intel(R) Core(TM) i7-1065G7 CPU @ 1.30GHz, 8 cores, 15G,  Windows 10 , 64 bit Build 19041 (10.0.19041.1202)
Time: Thu Nov  4 12:24:47 2021 AUS Eastern Daylight Time elapsed time: 21.512351 seconds (0d 0h 0m 21s)

---------------  T H R E A D  ---------------

Current thread (0x00000231e88f5730):  VMThread "VM Thread" [stack: 0x0000009fd7d00000,0x0000009fd7e00000] [id=13132]

Stack: [0x0000009fd7d00000,0x0000009fd7e00000],  sp=0x0000009fd7dfe3c0,  free space=1016k
Native frames: (J=compiled Java code, j=interpreted, Vv=VM code, C=native code)
C  [ig11icd64.dll+0x5bd1b9]


siginfo: EXCEPTION_ACCESS_VIOLATION (0xc0000005), reading address 0x00000000000352f8


Register to memory mapping:

RIP=0x00007ffdd3f3d1b9 ig11icd64.dll
RAX=0x00000233ca87fbf0 points into unknown readable memory: 0x0000000000027161 | 61 71 02 00 00 00 00 00
RBX=0x00000233ca87fae0 points into unknown readable memory: 0x00000231e954f9b0 | b0 f9 54 e9 31 02 00 00
RCX=0x0 is NULL
RDX=0x00000233ca87fbb0 points into unknown readable memory: 0x0000000000000000 | 00 00 00 00 00 00 00 00
RSP=0x0000009fd7dfe3c0 points into unknown readable memory: 0x00000231e9585860 | 60 58 58 e9 31 02 00 00
RBP=0x00000233ca87ce60 points into unknown readable memory: 0x00000231e954f9b0 | b0 f9 54 e9 31 02 00 00
RSI=0x00000233ca87fff8 points into unknown readable memory: 0x00000233ca87ce60 | 60 ce 87 ca 33 02 00 00
RDI=0x00000231ea8c6600 points into unknown readable memory: 0x0000000000000000 | 00 00 00 00 00 00 00 00
R8 =0x0000000000000008 is an unknown value
R9 =0x0 is NULL
R10=0x0 is NULL
R11=0x0000000000000246 is an unknown value
R12=0x0 is NULL
R13=0x0 is NULL
R14=0x0 is NULL
R15=0x0 is NULL


Registers:
RAX=0x00000233ca87fbf0, RBX=0x00000233ca87fae0, RCX=0x0000000000000000, RDX=0x00000233ca87fbb0
RSP=0x0000009fd7dfe3c0, RBP=0x00000233ca87ce60, RSI=0x00000233ca87fff8, RDI=0x00000231ea8c6600
R8 =0x0000000000000008, R9 =0x0000000000000000, R10=0x0000000000000000, R11=0x0000000000000246
R12=0x0000000000000000, R13=0x0000000000000000, R14=0x0000000000000000, R15=0x0000000000000000
RIP=0x00007ffdd3f3d1b9, EFLAGS=0x0000000000010206

Top of Stack: (sp=0x0000009fd7dfe3c0)
0x0000009fd7dfe3c0:   00000231e9585860 c69a01678d99008a
0x0000009fd7dfe3d0:   0000009fd7dfe408 0000005400000000
0x0000009fd7dfe3e0:   00007ffdd491ae80 000000000002718d
0x0000009fd7dfe3f0:   00000231eaa824d0 0000000000000058
0x0000009fd7dfe400:   0000000000000000 00007ffdd3f1e6f2
0x0000009fd7dfe410:   00000231e9585860 00000231ea8c6600
0x0000009fd7dfe420:   0000009fd7dfe510 0000000000000000
0x0000009fd7dfe430:   00000000001cc268 0000000000000000
0x0000009fd7dfe440:   7ab5012289b40128 e2b7005d51b60148
0x0000009fd7dfe450:   14ba01c99eb900bf 8bbd013ab3bc0065
0x0000009fd7dfe460:   41bf00bf0bbf012b 21c200a9f1bf00fd
0x0000009fd7dfe470:   81c3011afec200d1 d7c90105c0c50121
0x0000009fd7dfe480:   8fca014117ca00ca cccc0101c1cc0052
0x0000009fd7dfe490:   d3d0012740d00138 2ad10062fed00122
0x0000009fd7dfe4a0:   30d3009658d10152 8ed6014b83d3011c
0x0000009fd7dfe4b0:   0000b802210a0000 00000000001cc268 

Instructions: (pc=0x00007ffdd3f3d1b9)
0x00007ffdd3f3d0b9:   30 44 38 24 01 75 05 e8 b3 10 f9 ff 65 48 8b 04
0x00007ffdd3f3d0c9:   25 58 00 00 00 41 be 10 00 00 00 48 8b 04 30 4d
0x00007ffdd3f3d0d9:   8b 34 06 48 85 ed 0f 84 6f 03 00 00 66 66 66 0f
0x00007ffdd3f3d0e9:   1f 84 00 00 00 00 00 48 8b dd 48 8d b5 18 05 00
0x00007ffdd3f3d0f9:   00 48 8b 2e 45 84 ff 74 1d 48 8b 0b 48 8b d3 80
0x00007ffdd3f3d109:   bb 6a 05 00 00 00 0f 85 f2 02 00 00 e8 16 66 fe
0x00007ffdd3f3d119:   ff e9 f4 02 00 00 8b 8f d0 01 00 00 48 8b 05 24
0x00007ffdd3f3d129:   15 8e 00 83 b8 54 03 00 00 02 0f 85 f4 00 00 00
0x00007ffdd3f3d139:   48 8d 93 d0 00 00 00 83 f9 10 73 04 8b c1 eb 56
0x00007ffdd3f3d149:   44 8d 41 f0 41 8b c0 c1 e8 04 83 f8 03 73 20 0f
0x00007ffdd3f3d159:   ae e8 41 83 e0 0f 4c 8b 8c c2 00 04 00 00 4d 85
0x00007ffdd3f3d169:   c9 74 25 41 8b c0 48 c1 e0 06 49 03 c1 eb 2e 48
0x00007ffdd3f3d179:   8b 82 18 04 00 00 48 85 c0 74 0d 39 08 74 29 48
0x00007ffdd3f3d189:   8b 40 48 48 85 c0 75 f3 80 ba 20 04 00 00 00 74
0x00007ffdd3f3d199:   1d 8b c1 83 e0 0f 48 c1 e0 06 48 03 c2 48 85 c0
0x00007ffdd3f3d1a9:   74 0c 48 8b 48 08 eb 08 48 83 c0 08 eb ef 33 c9
0x00007ffdd3f3d1b9:   49 3b 8e f8 52 03 00 76 6b 48 8b 87 80 02 00 00
0x00007ffdd3f3d1c9:   48 89 06 48 89 9f 80 02 00 00 ff 87 88 02 00 00
0x00007ffdd3f3d1d9:   48 8b 4b 08 48 8b 01 ba 01 00 00 00 48 8b 80 d8
0x00007ffdd3f3d1e9:   02 00 00 ff 15 0e 74 58 00 0f b7 c8 48 2b c1 48
0x00007ffdd3f3d1f9:   05 00 00 01 00 48 01 87 90 02 00 00 48 8b 4b 08
0x00007ffdd3f3d209:   48 8b 01 ba 01 00 00 00 48 8b 80 d8 02 00 00 ff
0x00007ffdd3f3d219:   15 e2 73 58 00 48 01 87 a0 02 00 00 41 b4 01 e9
0x00007ffdd3f3d229:   e6 01 00 00 44 8b 9f d0 01 00 00 48 8b 87 e8 01
0x00007ffdd3f3d239:   00 00 4c 8b 10 8b 8f d0 01 00 00 48 8d 93 d0 00
0x00007ffdd3f3d249:   00 00 83 f9 10 73 04 8b c1 eb 57 44 8d 41 f0 41
0x00007ffdd3f3d259:   8b c0 c1 e8 04 83 f8 03 73 20 0f ae e8 41 83 e0
0x00007ffdd3f3d269:   0f 4c 8b 8c c2 00 04 00 00 4d 85 c9 74 26 41 8b
0x00007ffdd3f3d279:   c0 48 c1 e0 06 49 03 c1 eb 2f 48 8b 82 18 04 00
0x00007ffdd3f3d289:   00 48 85 c0 74 0e 90 39 08 74 3c 48 8b 40 48 48
0x00007ffdd3f3d299:   85 c0 75 f3 80 ba 20 04 00 00 00 74 1b 8b c1 83
0x00007ffdd3f3d2a9:   e0 0f 48 c1 e0 06 48 03 c2 48 85 c0 74 0a 4c 39 


Stack slot to memory mapping:
stack at sp + 0 slots: 0x00000231e9585860 points into unknown readable memory: 0xffffffffffffffff | ff ff ff ff ff ff ff ff
stack at sp + 1 slots: 0xc69a01678d99008a is an unknown value
stack at sp + 2 slots: 0x0000009fd7dfe408 points into unknown readable memory: 0x00007ffdd3f1e6f2 | f2 e6 f1 d3 fd 7f 00 00
stack at sp + 3 slots: 0x0000005400000000 is an unknown value
stack at sp + 4 slots: 0x00007ffdd491ae80 ig11icd64.dll
stack at sp + 5 slots: 0x000000000002718d is an unknown value
stack at sp + 6 slots: 0x00000231eaa824d0 points into unknown readable memory: 0x0000000000000000 | 00 00 00 00 00 00 00 00
stack at sp + 7 slots: 0x0000000000000058 is an unknown value

VM_Operation (0x0000009fd94fef90): Exit, mode: safepoint, requested by thread 0x000002328c7ae860


---------------  P R O C E S S  ---------------

Threads class SMR info:
_java_thread_list=0x00000231ead015a0, length=12, elements={
0x00000231c53f3870, 0x00000231e88f7750, 0x00000231e88fa330, 0x00000231e9216df0,
0x00000231e92198b0, 0x00000231e921a690, 0x00000231e921b180, 0x00000231e921db80,
0x00000231e88df260, 0x00000231e94d50b0, 0x00000231e94d5580, 0x000002328c7ae860
}

Java Threads: ( => current thread )
  0x00000231c53f3870 JavaThread "main" [_thread_blocked, id=33456, stack(0x0000009fd7700000,0x0000009fd7800000)]
  0x00000231e88f7750 JavaThread "Reference Handler" daemon [_thread_blocked, id=22384, stack(0x0000009fd7e00000,0x0000009fd7f00000)]
  0x00000231e88fa330 JavaThread "Finalizer" daemon [_thread_blocked, id=14724, stack(0x0000009fd7f00000,0x0000009fd8000000)]
  0x00000231e9216df0 JavaThread "Attach Listener" daemon [_thread_blocked, id=1632, stack(0x0000009fd8100000,0x0000009fd8200000)]
  0x00000231e92198b0 JavaThread "Service Thread" daemon [_thread_blocked, id=20200, stack(0x0000009fd8200000,0x0000009fd8300000)]
  0x00000231e921a690 JavaThread "C2 CompilerThread0" daemon [_thread_blocked, id=14384, stack(0x0000009fd8300000,0x0000009fd8400000)]
  0x00000231e921b180 JavaThread "C1 CompilerThread0" daemon [_thread_blocked, id=13700, stack(0x0000009fd8400000,0x0000009fd8500000)]
  0x00000231e921db80 JavaThread "Sweeper thread" daemon [_thread_blocked, id=23304, stack(0x0000009fd8500000,0x0000009fd8600000)]
  0x00000231e88df260 JavaThread "Common-Cleaner" daemon [_thread_blocked, id=27092, stack(0x0000009fd8600000,0x0000009fd8700000)]
  0x00000231e94d50b0 JavaThread "Monitor Ctrl-Break" daemon [_thread_in_native, id=23184, stack(0x0000009fd8700000,0x0000009fd8800000)]
  0x00000231e94d5580 JavaThread "Notification Thread" daemon [_thread_blocked, id=29576, stack(0x0000009fd8800000,0x0000009fd8900000)]
  0x000002328c7ae860 JavaThread "SIGINT handler" daemon [_thread_blocked, id=30464, stack(0x0000009fd9400000,0x0000009fd9500000)]

Other Threads:
=>0x00000231e88f5730 VMThread "VM Thread" [stack: 0x0000009fd7d00000,0x0000009fd7e00000] [id=13132]
  0x00000231c54428f0 GCTaskThread "GC Thread#0" [stack: 0x0000009fd7800000,0x0000009fd7900000] [id=25312]
  0x00000231ea8c4fb0 GCTaskThread "GC Thread#1" [stack: 0x0000009fd8f00000,0x0000009fd9000000] [id=6676]
  0x00000231ea8c6f90 GCTaskThread "GC Thread#2" [stack: 0x0000009fd9000000,0x0000009fd9100000] [id=28288]
  0x00000231ea8c4620 GCTaskThread "GC Thread#3" [stack: 0x0000009fd9100000,0x0000009fd9200000] [id=20212]
  0x00000231ea8c52e0 GCTaskThread "GC Thread#4" [stack: 0x0000009fd9200000,0x0000009fd9300000] [id=2288]
  0x00000231ea8c42f0 GCTaskThread "GC Thread#5" [stack: 0x0000009fd9300000,0x0000009fd9400000] [id=31048]
  0x00000231c5453510 ConcurrentGCThread "G1 Main Marker" [stack: 0x0000009fd7900000,0x0000009fd7a00000] [id=24624]
  0x00000231c5454100 ConcurrentGCThread "G1 Conc#0" [stack: 0x0000009fd7a00000,0x0000009fd7b00000] [id=25724]
  0x00000231e87720c0 ConcurrentGCThread "G1 Refine#0" [stack: 0x0000009fd7b00000,0x0000009fd7c00000] [id=19240]
  0x00000231e8772ad0 ConcurrentGCThread "G1 Young RemSet Sampling" [stack: 0x0000009fd7c00000,0x0000009fd7d00000] [id=17796]

Threads with active compile tasks:

VM state: at safepoint (shutting down)

VM Mutex/Monitor currently owned by a thread:  ([mutex/lock_event])
[0x00000231c53f0420] Threads_lock - owner thread: 0x00000231e88f5730
[0x00000231c53f00c0] Heap_lock - owner thread: 0x000002328c7ae860

Heap address: 0x0000000705200000, size: 4014 MB, Compressed Oops mode: Zero based, Oop shift amount: 3
CDS archive(s) mapped at: [0x0000000800000000-0x0000000800b50000-0x0000000800b50000), size 11862016, SharedBaseAddress: 0x0000000800000000, ArchiveRelocationMode: 0.
Compressed class space mapped at: 0x0000000800b50000-0x0000000840b50000, size: 1073741824
Narrow klass base: 0x0000000800000000, Narrow klass shift: 3, Narrow klass range: 0x100000000

GC Precious Log:
 CPUs: 8 total, 8 available
 Memory: 16049M
 Large Page Support: Disabled
 NUMA Support: Disabled
 Compressed Oops: Enabled (Zero based)
 Heap Region Size: 2M
 Heap Min Capacity: 8M
 Heap Initial Capacity: 252M
 Heap Max Capacity: 4014M
 Pre-touch: Disabled
 Parallel Workers: 8
 Concurrent Workers: 2
 Concurrent Refinement Workers: 8
 Periodic GC: Disabled

Heap:
 garbage-first heap   total 258048K, used 95429K [0x0000000705200000, 0x0000000800000000)
  region size 2048K, 48 young (98304K), 2 survivors (4096K)
 Metaspace       used 3776K, capacity 6146K, committed 6400K, reserved 1056768K
  class space    used 241K, capacity 502K, committed 512K, reserved 1048576K

Heap Regions: E=young(eden), S=young(survivor), O=old, HS=humongous(starts), HC=humongous(continues), CS=collection set, F=free, OA=open archive, CA=closed archive, TAMS=top-at-mark-start (previous, next)
|   0|0x0000000705200000, 0x0000000705200000, 0x0000000705400000|  0%| F|  |TAMS 0x0000000705200000, 0x0000000705200000| Untracked 
|   1|0x0000000705400000, 0x0000000705400000, 0x0000000705600000|  0%| F|  |TAMS 0x0000000705400000, 0x0000000705400000| Untracked 
|   2|0x0000000705600000, 0x0000000705600000, 0x0000000705800000|  0%| F|  |TAMS 0x0000000705600000, 0x0000000705600000| Untracked 
|   3|0x0000000705800000, 0x0000000705800000, 0x0000000705a00000|  0%| F|  |TAMS 0x0000000705800000, 0x0000000705800000| Untracked 
|   4|0x0000000705a00000, 0x0000000705a00000, 0x0000000705c00000|  0%| F|  |TAMS 0x0000000705a00000, 0x0000000705a00000| Untracked 
|   5|0x0000000705c00000, 0x0000000705c00000, 0x0000000705e00000|  0%| F|  |TAMS 0x0000000705c00000, 0x0000000705c00000| Untracked 
|   6|0x0000000705e00000, 0x0000000705e00000, 0x0000000706000000|  0%| F|  |TAMS 0x0000000705e00000, 0x0000000705e00000| Untracked 
|   7|0x0000000706000000, 0x0000000706000000, 0x0000000706200000|  0%| F|  |TAMS 0x0000000706000000, 0x0000000706000000| Untracked 
|   8|0x0000000706200000, 0x0000000706200000, 0x0000000706400000|  0%| F|  |TAMS 0x0000000706200000, 0x0000000706200000| Untracked 
|   9|0x0000000706400000, 0x0000000706400000, 0x0000000706600000|  0%| F|  |TAMS 0x0000000706400000, 0x0000000706400000| Untracked 
|  10|0x0000000706600000, 0x0000000706600000, 0x0000000706800000|  0%| F|  |TAMS 0x0000000706600000, 0x0000000706600000| Untracked 
|  11|0x0000000706800000, 0x0000000706800000, 0x0000000706a00000|  0%| F|  |TAMS 0x0000000706800000, 0x0000000706800000| Untracked 
|  12|0x0000000706a00000, 0x0000000706a00000, 0x0000000706c00000|  0%| F|  |TAMS 0x0000000706a00000, 0x0000000706a00000| Untracked 
|  13|0x0000000706c00000, 0x0000000706c00000, 0x0000000706e00000|  0%| F|  |TAMS 0x0000000706c00000, 0x0000000706c00000| Untracked 
|  14|0x0000000706e00000, 0x0000000706e00000, 0x0000000707000000|  0%| F|  |TAMS 0x0000000706e00000, 0x0000000706e00000| Untracked 
|  15|0x0000000707000000, 0x0000000707000000, 0x0000000707200000|  0%| F|  |TAMS 0x0000000707000000, 0x0000000707000000| Untracked 
|  16|0x0000000707200000, 0x0000000707200000, 0x0000000707400000|  0%| F|  |TAMS 0x0000000707200000, 0x0000000707200000| Untracked 
|  17|0x0000000707400000, 0x0000000707400000, 0x0000000707600000|  0%| F|  |TAMS 0x0000000707400000, 0x0000000707400000| Untracked 
|  18|0x0000000707600000, 0x0000000707600000, 0x0000000707800000|  0%| F|  |TAMS 0x0000000707600000, 0x0000000707600000| Untracked 
|  19|0x0000000707800000, 0x0000000707800000, 0x0000000707a00000|  0%| F|  |TAMS 0x0000000707800000, 0x0000000707800000| Untracked 
|  20|0x0000000707a00000, 0x0000000707a00000, 0x0000000707c00000|  0%| F|  |TAMS 0x0000000707a00000, 0x0000000707a00000| Untracked 
|  21|0x0000000707c00000, 0x0000000707c00000, 0x0000000707e00000|  0%| F|  |TAMS 0x0000000707c00000, 0x0000000707c00000| Untracked 
|  22|0x0000000707e00000, 0x0000000707e00000, 0x0000000708000000|  0%| F|  |TAMS 0x0000000707e00000, 0x0000000707e00000| Untracked 
|  23|0x0000000708000000, 0x0000000708000000, 0x0000000708200000|  0%| F|  |TAMS 0x0000000708000000, 0x0000000708000000| Untracked 
|  24|0x0000000708200000, 0x0000000708200000, 0x0000000708400000|  0%| F|  |TAMS 0x0000000708200000, 0x0000000708200000| Untracked 
|  25|0x0000000708400000, 0x0000000708400000, 0x0000000708600000|  0%| F|  |TAMS 0x0000000708400000, 0x0000000708400000| Untracked 
|  26|0x0000000708600000, 0x0000000708600000, 0x0000000708800000|  0%| F|  |TAMS 0x0000000708600000, 0x0000000708600000| Untracked 
|  27|0x0000000708800000, 0x0000000708800000, 0x0000000708a00000|  0%| F|  |TAMS 0x0000000708800000, 0x0000000708800000| Untracked 
|  28|0x0000000708a00000, 0x0000000708a00000, 0x0000000708c00000|  0%| F|  |TAMS 0x0000000708a00000, 0x0000000708a00000| Untracked 
|  29|0x0000000708c00000, 0x0000000708c00000, 0x0000000708e00000|  0%| F|  |TAMS 0x0000000708c00000, 0x0000000708c00000| Untracked 
|  30|0x0000000708e00000, 0x0000000708e00000, 0x0000000709000000|  0%| F|  |TAMS 0x0000000708e00000, 0x0000000708e00000| Untracked 
|  31|0x0000000709000000, 0x0000000709000000, 0x0000000709200000|  0%| F|  |TAMS 0x0000000709000000, 0x0000000709000000| Untracked 
|  32|0x0000000709200000, 0x0000000709200000, 0x0000000709400000|  0%| F|  |TAMS 0x0000000709200000, 0x0000000709200000| Untracked 
|  33|0x0000000709400000, 0x0000000709400000, 0x0000000709600000|  0%| F|  |TAMS 0x0000000709400000, 0x0000000709400000| Untracked 
|  34|0x0000000709600000, 0x0000000709600000, 0x0000000709800000|  0%| F|  |TAMS 0x0000000709600000, 0x0000000709600000| Untracked 
|  35|0x0000000709800000, 0x0000000709800000, 0x0000000709a00000|  0%| F|  |TAMS 0x0000000709800000, 0x0000000709800000| Untracked 
|  36|0x0000000709a00000, 0x0000000709a00000, 0x0000000709c00000|  0%| F|  |TAMS 0x0000000709a00000, 0x0000000709a00000| Untracked 
|  37|0x0000000709c00000, 0x0000000709c00000, 0x0000000709e00000|  0%| F|  |TAMS 0x0000000709c00000, 0x0000000709c00000| Untracked 
|  38|0x0000000709e00000, 0x0000000709e00000, 0x000000070a000000|  0%| F|  |TAMS 0x0000000709e00000, 0x0000000709e00000| Untracked 
|  39|0x000000070a000000, 0x000000070a000000, 0x000000070a200000|  0%| F|  |TAMS 0x000000070a000000, 0x000000070a000000| Untracked 
|  40|0x000000070a200000, 0x000000070a200000, 0x000000070a400000|  0%| F|  |TAMS 0x000000070a200000, 0x000000070a200000| Untracked 
|  41|0x000000070a400000, 0x000000070a400000, 0x000000070a600000|  0%| F|  |TAMS 0x000000070a400000, 0x000000070a400000| Untracked 
|  42|0x000000070a600000, 0x000000070a600000, 0x000000070a800000|  0%| F|  |TAMS 0x000000070a600000, 0x000000070a600000| Untracked 
|  43|0x000000070a800000, 0x000000070a800000, 0x000000070aa00000|  0%| F|  |TAMS 0x000000070a800000, 0x000000070a800000| Untracked 
|  44|0x000000070aa00000, 0x000000070aa00000, 0x000000070ac00000|  0%| F|  |TAMS 0x000000070aa00000, 0x000000070aa00000| Untracked 
|  45|0x000000070ac00000, 0x000000070ac00000, 0x000000070ae00000|  0%| F|  |TAMS 0x000000070ac00000, 0x000000070ac00000| Untracked 
|  46|0x000000070ae00000, 0x000000070ae00000, 0x000000070b000000|  0%| F|  |TAMS 0x000000070ae00000, 0x000000070ae00000| Untracked 
|  47|0x000000070b000000, 0x000000070b000000, 0x000000070b200000|  0%| F|  |TAMS 0x000000070b000000, 0x000000070b000000| Untracked 
|  48|0x000000070b200000, 0x000000070b200000, 0x000000070b400000|  0%| F|  |TAMS 0x000000070b200000, 0x000000070b200000| Untracked 
|  49|0x000000070b400000, 0x000000070b400000, 0x000000070b600000|  0%| F|  |TAMS 0x000000070b400000, 0x000000070b400000| Untracked 
|  50|0x000000070b600000, 0x000000070b600000, 0x000000070b800000|  0%| F|  |TAMS 0x000000070b600000, 0x000000070b600000| Untracked 
|  51|0x000000070b800000, 0x000000070b800000, 0x000000070ba00000|  0%| F|  |TAMS 0x000000070b800000, 0x000000070b800000| Untracked 
|  52|0x000000070ba00000, 0x000000070ba00000, 0x000000070bc00000|  0%| F|  |TAMS 0x000000070ba00000, 0x000000070ba00000| Untracked 
|  53|0x000000070bc00000, 0x000000070bc00000, 0x000000070be00000|  0%| F|  |TAMS 0x000000070bc00000, 0x000000070bc00000| Untracked 
|  54|0x000000070be00000, 0x000000070be00000, 0x000000070c000000|  0%| F|  |TAMS 0x000000070be00000, 0x000000070be00000| Untracked 
|  55|0x000000070c000000, 0x000000070c000000, 0x000000070c200000|  0%| F|  |TAMS 0x000000070c000000, 0x000000070c000000| Untracked 
|  56|0x000000070c200000, 0x000000070c200000, 0x000000070c400000|  0%| F|  |TAMS 0x000000070c200000, 0x000000070c200000| Untracked 
|  57|0x000000070c400000, 0x000000070c400000, 0x000000070c600000|  0%| F|  |TAMS 0x000000070c400000, 0x000000070c400000| Untracked 
|  58|0x000000070c600000, 0x000000070c600000, 0x000000070c800000|  0%| F|  |TAMS 0x000000070c600000, 0x000000070c600000| Untracked 
|  59|0x000000070c800000, 0x000000070c800000, 0x000000070ca00000|  0%| F|  |TAMS 0x000000070c800000, 0x000000070c800000| Untracked 
|  60|0x000000070ca00000, 0x000000070ca00000, 0x000000070cc00000|  0%| F|  |TAMS 0x000000070ca00000, 0x000000070ca00000| Untracked 
|  61|0x000000070cc00000, 0x000000070cc00000, 0x000000070ce00000|  0%| F|  |TAMS 0x000000070cc00000, 0x000000070cc00000| Untracked 
|  62|0x000000070ce00000, 0x000000070ce00000, 0x000000070d000000|  0%| F|  |TAMS 0x000000070ce00000, 0x000000070ce00000| Untracked 
|  63|0x000000070d000000, 0x000000070d000000, 0x000000070d200000|  0%| F|  |TAMS 0x000000070d000000, 0x000000070d000000| Untracked 
|  64|0x000000070d200000, 0x000000070d200000, 0x000000070d400000|  0%| F|  |TAMS 0x000000070d200000, 0x000000070d200000| Untracked 
|  65|0x000000070d400000, 0x000000070d400000, 0x000000070d600000|  0%| F|  |TAMS 0x000000070d400000, 0x000000070d400000| Untracked 
|  66|0x000000070d600000, 0x000000070d600000, 0x000000070d800000|  0%| F|  |TAMS 0x000000070d600000, 0x000000070d600000| Untracked 
|  67|0x000000070d800000, 0x000000070d800000, 0x000000070da00000|  0%| F|  |TAMS 0x000000070d800000, 0x000000070d800000| Untracked 
|  68|0x000000070da00000, 0x000000070da00000, 0x000000070dc00000|  0%| F|  |TAMS 0x000000070da00000, 0x000000070da00000| Untracked 
|  69|0x000000070dc00000, 0x000000070dc00000, 0x000000070de00000|  0%| F|  |TAMS 0x000000070dc00000, 0x000000070dc00000| Untracked 
|  70|0x000000070de00000, 0x000000070de00000, 0x000000070e000000|  0%| F|  |TAMS 0x000000070de00000, 0x000000070de00000| Untracked 
|  71|0x000000070e000000, 0x000000070e000000, 0x000000070e200000|  0%| F|  |TAMS 0x000000070e000000, 0x000000070e000000| Untracked 
|  72|0x000000070e200000, 0x000000070e200000, 0x000000070e400000|  0%| F|  |TAMS 0x000000070e200000, 0x000000070e200000| Untracked 
|  73|0x000000070e400000, 0x000000070e400000, 0x000000070e600000|  0%| F|  |TAMS 0x000000070e400000, 0x000000070e400000| Untracked 
|  74|0x000000070e600000, 0x000000070e600000, 0x000000070e800000|  0%| F|  |TAMS 0x000000070e600000, 0x000000070e600000| Untracked 
|  75|0x000000070e800000, 0x000000070e800000, 0x000000070ea00000|  0%| F|  |TAMS 0x000000070e800000, 0x000000070e800000| Untracked 
|  76|0x000000070ea00000, 0x000000070ea00000, 0x000000070ec00000|  0%| F|  |TAMS 0x000000070ea00000, 0x000000070ea00000| Untracked 
|  77|0x000000070ec00000, 0x000000070ec00000, 0x000000070ee00000|  0%| F|  |TAMS 0x000000070ec00000, 0x000000070ec00000| Untracked 
|  78|0x000000070ee00000, 0x000000070f000000, 0x000000070f000000|100%| E|  |TAMS 0x000000070ee00000, 0x000000070ee00000| Complete 
|  79|0x000000070f000000, 0x000000070f200000, 0x000000070f200000|100%| E|CS|TAMS 0x000000070f000000, 0x000000070f000000| Complete 
|  80|0x000000070f200000, 0x000000070f400000, 0x000000070f400000|100%| E|CS|TAMS 0x000000070f200000, 0x000000070f200000| Complete 
|  81|0x000000070f400000, 0x000000070f600000, 0x000000070f600000|100%| E|CS|TAMS 0x000000070f400000, 0x000000070f400000| Complete 
|  82|0x000000070f600000, 0x000000070f800000, 0x000000070f800000|100%| E|CS|TAMS 0x000000070f600000, 0x000000070f600000| Complete 
|  83|0x000000070f800000, 0x000000070fa00000, 0x000000070fa00000|100%| E|CS|TAMS 0x000000070f800000, 0x000000070f800000| Complete 
|  84|0x000000070fa00000, 0x000000070fc00000, 0x000000070fc00000|100%| E|CS|TAMS 0x000000070fa00000, 0x000000070fa00000| Complete 
|  85|0x000000070fc00000, 0x000000070fe00000, 0x000000070fe00000|100%| E|CS|TAMS 0x000000070fc00000, 0x000000070fc00000| Complete 
|  86|0x000000070fe00000, 0x0000000710000000, 0x0000000710000000|100%| E|CS|TAMS 0x000000070fe00000, 0x000000070fe00000| Complete 
|  87|0x0000000710000000, 0x0000000710200000, 0x0000000710200000|100%| E|CS|TAMS 0x0000000710000000, 0x0000000710000000| Complete 
|  88|0x0000000710200000, 0x0000000710400000, 0x0000000710400000|100%| E|CS|TAMS 0x0000000710200000, 0x0000000710200000| Complete 
|  89|0x0000000710400000, 0x0000000710600000, 0x0000000710600000|100%| E|CS|TAMS 0x0000000710400000, 0x0000000710400000| Complete 
|  90|0x0000000710600000, 0x0000000710800000, 0x0000000710800000|100%| E|CS|TAMS 0x0000000710600000, 0x0000000710600000| Complete 
|  91|0x0000000710800000, 0x0000000710a00000, 0x0000000710a00000|100%| E|CS|TAMS 0x0000000710800000, 0x0000000710800000| Complete 
|  92|0x0000000710a00000, 0x0000000710c00000, 0x0000000710c00000|100%| E|CS|TAMS 0x0000000710a00000, 0x0000000710a00000| Complete 
|  93|0x0000000710c00000, 0x0000000710e00000, 0x0000000710e00000|100%| E|CS|TAMS 0x0000000710c00000, 0x0000000710c00000| Complete 
|  94|0x0000000710e00000, 0x0000000711000000, 0x0000000711000000|100%| E|CS|TAMS 0x0000000710e00000, 0x0000000710e00000| Complete 
|  95|0x0000000711000000, 0x0000000711200000, 0x0000000711200000|100%| E|CS|TAMS 0x0000000711000000, 0x0000000711000000| Complete 
|  96|0x0000000711200000, 0x0000000711400000, 0x0000000711400000|100%| E|CS|TAMS 0x0000000711200000, 0x0000000711200000| Complete 
|  97|0x0000000711400000, 0x0000000711600000, 0x0000000711600000|100%| E|CS|TAMS 0x0000000711400000, 0x0000000711400000| Complete 
|  98|0x0000000711600000, 0x0000000711800000, 0x0000000711800000|100%| E|CS|TAMS 0x0000000711600000, 0x0000000711600000| Complete 
|  99|0x0000000711800000, 0x0000000711a00000, 0x0000000711a00000|100%| E|CS|TAMS 0x0000000711800000, 0x0000000711800000| Complete 
| 100|0x0000000711a00000, 0x0000000711c00000, 0x0000000711c00000|100%| E|CS|TAMS 0x0000000711a00000, 0x0000000711a00000| Complete 
| 101|0x0000000711c00000, 0x0000000711e00000, 0x0000000711e00000|100%| E|CS|TAMS 0x0000000711c00000, 0x0000000711c00000| Complete 
| 102|0x0000000711e00000, 0x0000000712000000, 0x0000000712000000|100%| E|CS|TAMS 0x0000000711e00000, 0x0000000711e00000| Complete 
| 103|0x0000000712000000, 0x0000000712200000, 0x0000000712200000|100%| E|CS|TAMS 0x0000000712000000, 0x0000000712000000| Complete 
| 104|0x0000000712200000, 0x0000000712400000, 0x0000000712400000|100%| E|CS|TAMS 0x0000000712200000, 0x0000000712200000| Complete 
| 105|0x0000000712400000, 0x0000000712600000, 0x0000000712600000|100%| E|CS|TAMS 0x0000000712400000, 0x0000000712400000| Complete 
| 106|0x0000000712600000, 0x0000000712731660, 0x0000000712800000| 59%| S|CS|TAMS 0x0000000712600000, 0x0000000712600000| Complete 
| 107|0x0000000712800000, 0x0000000712a00000, 0x0000000712a00000|100%| S|CS|TAMS 0x0000000712800000, 0x0000000712800000| Complete 
| 108|0x0000000712a00000, 0x0000000712c00000, 0x0000000712c00000|100%| E|CS|TAMS 0x0000000712a00000, 0x0000000712a00000| Complete 
| 109|0x0000000712c00000, 0x0000000712e00000, 0x0000000712e00000|100%| E|CS|TAMS 0x0000000712c00000, 0x0000000712c00000| Complete 
| 110|0x0000000712e00000, 0x0000000713000000, 0x0000000713000000|100%| E|CS|TAMS 0x0000000712e00000, 0x0000000712e00000| Complete 
| 111|0x0000000713000000, 0x0000000713200000, 0x0000000713200000|100%| E|CS|TAMS 0x0000000713000000, 0x0000000713000000| Complete 
| 112|0x0000000713200000, 0x0000000713400000, 0x0000000713400000|100%| E|CS|TAMS 0x0000000713200000, 0x0000000713200000| Complete 
| 113|0x0000000713400000, 0x0000000713600000, 0x0000000713600000|100%| E|CS|TAMS 0x0000000713400000, 0x0000000713400000| Complete 
| 114|0x0000000713600000, 0x0000000713800000, 0x0000000713800000|100%| E|CS|TAMS 0x0000000713600000, 0x0000000713600000| Complete 
| 115|0x0000000713800000, 0x0000000713a00000, 0x0000000713a00000|100%| E|CS|TAMS 0x0000000713800000, 0x0000000713800000| Complete 
| 116|0x0000000713a00000, 0x0000000713c00000, 0x0000000713c00000|100%| E|CS|TAMS 0x0000000713a00000, 0x0000000713a00000| Complete 
| 117|0x0000000713c00000, 0x0000000713e00000, 0x0000000713e00000|100%| E|CS|TAMS 0x0000000713c00000, 0x0000000713c00000| Complete 
| 118|0x0000000713e00000, 0x0000000714000000, 0x0000000714000000|100%| E|CS|TAMS 0x0000000713e00000, 0x0000000713e00000| Complete 
| 119|0x0000000714000000, 0x0000000714200000, 0x0000000714200000|100%| E|CS|TAMS 0x0000000714000000, 0x0000000714000000| Complete 
| 120|0x0000000714200000, 0x0000000714400000, 0x0000000714400000|100%| E|CS|TAMS 0x0000000714200000, 0x0000000714200000| Complete 
| 121|0x0000000714400000, 0x0000000714600000, 0x0000000714600000|100%| E|CS|TAMS 0x0000000714400000, 0x0000000714400000| Complete 
| 122|0x0000000714600000, 0x0000000714800000, 0x0000000714800000|100%| E|CS|TAMS 0x0000000714600000, 0x0000000714600000| Complete 
| 123|0x0000000714800000, 0x0000000714a00000, 0x0000000714a00000|100%| E|CS|TAMS 0x0000000714800000, 0x0000000714800000| Complete 
| 124|0x0000000714a00000, 0x0000000714c00000, 0x0000000714c00000|100%| E|CS|TAMS 0x0000000714a00000, 0x0000000714a00000| Complete 
| 125|0x0000000714c00000, 0x0000000714e00000, 0x0000000714e00000|100%| E|CS|TAMS 0x0000000714c00000, 0x0000000714c00000| Complete 

Card table byte_map: [0x00000231dd140000,0x00000231dd920000] _byte_map_base: 0x00000231d9917000

Marking Bits (Prev, Next): (CMBitMap*) 0x00000231c54430e0, (CMBitMap*) 0x00000231c5443120
 Prev Bits: [0x00000231de100000, 0x00000231e1fb8000)
 Next Bits: [0x00000231e1fc0000, 0x00000231e5e78000)

Polling page: 0x00000231c3410000

Metaspace:

Usage:
  Non-class:      5.51 MB capacity,     3.45 MB ( 63%) used,     2.06 MB ( 37%) free+waste,     3.44 KB ( <1%) overhead. 
      Class:    502.00 KB capacity,   241.98 KB ( 48%) used,   258.70 KB ( 52%) free+waste,     1.31 KB ( <1%) overhead. 
       Both:      6.00 MB capacity,     3.69 MB ( 61%) used,     2.31 MB ( 38%) free+waste,     4.75 KB ( <1%) overhead. 

Virtual space:
  Non-class space:        8.00 MB reserved,       5.75 MB ( 72%) committed 
      Class space:        1.00 GB reserved,     512.00 KB ( <1%) committed 
             Both:        1.01 GB reserved,       6.25 MB ( <1%) committed 

Chunk freelists:
   Non-Class:  116.00 KB
       Class:  10.00 KB
        Both:  126.00 KB

MaxMetaspaceSize: 17179869184.00 GB
CompressedClassSpaceSize: 1.00 GB

CodeHeap 'non-profiled nmethods': size=120000Kb used=557Kb max_used=557Kb free=119442Kb
 bounds [0x00000231d5100000, 0x00000231d5370000, 0x00000231dc630000]
CodeHeap 'profiled nmethods': size=120000Kb used=1736Kb max_used=1736Kb free=118263Kb
 bounds [0x00000231cdbd0000, 0x00000231cde40000, 0x00000231d5100000]
CodeHeap 'non-nmethods': size=5760Kb used=1244Kb max_used=1277Kb free=4515Kb
 bounds [0x00000231cd630000, 0x00000231cd8a0000, 0x00000231cdbd0000]
 total_blobs=1593 nmethods=1080 adapters=426
 compilation: enabled
              stopped_count=0, restarted_count=0
 full_count=0

Compilation events (20 events):
Event: 16.390 Thread 0x00000231e921a690 1071       4       java.io.File::<init> (47 bytes)
Event: 16.394 Thread 0x00000231e921a690 nmethod 1071 0x00000231d5188590 code [0x00000231d5188760, 0x00000231d5188dd0]
Event: 16.505 Thread 0x00000231e921a690 1072       4       java.lang.ClassLoader::getResource (41 bytes)
Event: 16.508 Thread 0x00000231e921a690 nmethod 1072 0x00000231d5189310 code [0x00000231d51894e0, 0x00000231d51896f0]
Event: 16.509 Thread 0x00000231e921a690 1073       4       org.lwjgl.opengl.GL30::glBindVertexArray (24 bytes)
Event: 16.518 Thread 0x00000231e921a690 nmethod 1073 0x00000231d5189990 code [0x00000231d5189b60, 0x00000231d518a1c8]
Event: 16.547 Thread 0x00000231e921a690 1074       4       engine.core.renderEngine.models.ModelTexture::<init> (20 bytes)
Event: 16.548 Thread 0x00000231e921a690 nmethod 1074 0x00000231d518a790 code [0x00000231d518a900, 0x00000231d518a978]
Event: 16.970 Thread 0x00000231e921a690 1075       4       org.lwjgl.util.vector.Vector2f::<init> (11 bytes)
Event: 16.971 Thread 0x00000231e921a690 nmethod 1075 0x00000231d518aa90 code [0x00000231d518ac00, 0x00000231d518ac78]
Event: 16.971 Thread 0x00000231e921a690 1076 %     4       org.newdawn.slick.opengl.PNGImageData::get2Fold @ 2 (16 bytes)
Event: 16.971 Thread 0x00000231e921a690 nmethod 1076% 0x00000231d518ad90 code [0x00000231d518af00, 0x00000231d518af98]
Event: 16.973 Thread 0x00000231e921a690 1077 %     4       org.newdawn.slick.opengl.InternalTextureLoader::get2Fold @ 2 (16 bytes)
Event: 16.974 Thread 0x00000231e921a690 nmethod 1077% 0x00000231d518b090 code [0x00000231d518b200, 0x00000231d518b298]
Event: 17.490 Thread 0x00000231e921b180 1078       3       org.lwjgl.opengl.StateTracker$VAOState::<init> (5 bytes)
Event: 17.491 Thread 0x00000231e921b180 nmethod 1078 0x00000231cdd81890 code [0x00000231cdd81a40, 0x00000231cdd81bf8]
Event: 17.491 Thread 0x00000231e921b180 1079       3       org.lwjgl.opengl.StateTracker$VAOState::<init> (5 bytes)
Event: 17.491 Thread 0x00000231e921b180 nmethod 1079 0x00000231cdd81d10 code [0x00000231cdd81ea0, 0x00000231cdd81ff8]
Event: 18.419 Thread 0x00000231e921a690 1080       4       java.lang.Integer::valueOf (32 bytes)
Event: 18.429 Thread 0x00000231e921a690 nmethod 1080 0x00000231d518b390 code [0x00000231d518b520, 0x00000231d518b618]

GC Heap History (4 events):
Event: 2.930 GC heap before
{Heap before GC invocations=0 (full 0):
 garbage-first heap   total 258048K, used 22528K [0x0000000705200000, 0x0000000800000000)
  region size 2048K, 11 young (22528K), 0 survivors (0K)
 Metaspace       used 3704K, capacity 6146K, committed 6400K, reserved 1056768K
  class space    used 241K, capacity 502K, committed 512K, reserved 1048576K
}
Event: 2.934 GC heap after
{Heap after GC invocations=1 (full 0):
 garbage-first heap   total 258048K, used 2405K [0x0000000705200000, 0x0000000800000000)
  region size 2048K, 2 young (4096K), 2 survivors (4096K)
 Metaspace       used 3704K, capacity 6146K, committed 6400K, reserved 1056768K
  class space    used 241K, capacity 502K, committed 512K, reserved 1048576K
}
Event: 7.041 GC heap before
{Heap before GC invocations=1 (full 0):
 garbage-first heap   total 258048K, used 35173K [0x0000000705200000, 0x0000000800000000)
  region size 2048K, 18 young (36864K), 2 survivors (4096K)
 Metaspace       used 3771K, capacity 6146K, committed 6400K, reserved 1056768K
  class space    used 241K, capacity 502K, committed 512K, reserved 1048576K
}
Event: 7.046 GC heap after
{Heap after GC invocations=2 (full 0):
 garbage-first heap   total 258048K, used 3269K [0x0000000705200000, 0x0000000800000000)
  region size 2048K, 2 young (4096K), 2 survivors (4096K)
 Metaspace       used 3771K, capacity 6146K, committed 6400K, reserved 1056768K
  class space    used 241K, capacity 502K, committed 512K, reserved 1048576K
}

Deoptimization events (20 events):
Event: 0.964 Thread 0x00000231c53f3870 DEOPT PACKING pc=0x00000231cdcc7434 sp=0x0000009fd77fede0
Event: 0.964 Thread 0x00000231c53f3870 DEOPT UNPACKING pc=0x00000231cd67f6cf sp=0x0000009fd77fe268 mode 0
Event: 0.964 Thread 0x00000231c53f3870 DEOPT PACKING pc=0x00000231cdcc7434 sp=0x0000009fd77fede0
Event: 0.964 Thread 0x00000231c53f3870 DEOPT UNPACKING pc=0x00000231cd67f6cf sp=0x0000009fd77fe268 mode 0
Event: 0.964 Thread 0x00000231c53f3870 DEOPT PACKING pc=0x00000231cdcc7434 sp=0x0000009fd77fede0
Event: 0.964 Thread 0x00000231c53f3870 DEOPT UNPACKING pc=0x00000231cd67f6cf sp=0x0000009fd77fe268 mode 0
Event: 0.969 Thread 0x00000231c53f3870 DEOPT PACKING pc=0x00000231cdccf209 sp=0x0000009fd77fedd0
Event: 0.969 Thread 0x00000231c53f3870 DEOPT UNPACKING pc=0x00000231cd67f6cf sp=0x0000009fd77fe230 mode 0
Event: 0.970 Thread 0x00000231c53f3870 DEOPT PACKING pc=0x00000231cdccf209 sp=0x0000009fd77fedd0
Event: 0.970 Thread 0x00000231c53f3870 DEOPT UNPACKING pc=0x00000231cd67f6cf sp=0x0000009fd77fe230 mode 0
Event: 0.970 Thread 0x00000231c53f3870 DEOPT PACKING pc=0x00000231cdccf209 sp=0x0000009fd77fedd0
Event: 0.970 Thread 0x00000231c53f3870 DEOPT UNPACKING pc=0x00000231cd67f6cf sp=0x0000009fd77fe230 mode 0
Event: 0.970 Thread 0x00000231c53f3870 DEOPT PACKING pc=0x00000231cdccf209 sp=0x0000009fd77fedd0
Event: 0.970 Thread 0x00000231c53f3870 DEOPT UNPACKING pc=0x00000231cd67f6cf sp=0x0000009fd77fe230 mode 0
Event: 2.174 Thread 0x00000231c53f3870 DEOPT PACKING pc=0x00000231cdd020e9 sp=0x0000009fd77fee70
Event: 2.174 Thread 0x00000231c53f3870 DEOPT UNPACKING pc=0x00000231cd67f6cf sp=0x0000009fd77fe3a0 mode 0
Event: 7.118 Thread 0x00000231c53f3870 Uncommon trap: trap_request=0xffffff45 fr.pc=0x00000231d515de48 relative=0x0000000000000d48
Event: 7.118 Thread 0x00000231c53f3870 Uncommon trap: reason=unstable_if action=reinterpret pc=0x00000231d515de48 method=java.nio.Bits.tryReserveMemory(JI)Z @ 29 c2
Event: 7.118 Thread 0x00000231c53f3870 DEOPT PACKING pc=0x00000231d515de48 sp=0x0000009fd77ff1f0
Event: 7.118 Thread 0x00000231c53f3870 DEOPT UNPACKING pc=0x00000231cd63852f sp=0x0000009fd77ff068 mode 2

Classes unloaded (0 events):
No events

Classes redefined (0 events):
No events

Internal exceptions (3 events):
Event: 0.210 Thread 0x00000231e94d50b0 Exception <a 'java/lang/NoSuchMethodError'{0x0000000714a7b5d0}: 'java.lang.Object java.lang.invoke.DirectMethodHandle$Holder.invokeStatic(java.lang.Object)'> (0x0000000714a7b5d0) 
thrown [./open/src/hotspot/share/interpreter/linkResolver.cpp, line 782]
Event: 0.211 Thread 0x00000231e94d50b0 Exception <a 'java/lang/NoSuchMethodError'{0x0000000714a7eee0}: 'java.lang.Object java.lang.invoke.DirectMethodHandle$Holder.invokeStaticInit(java.lang.Object)'> (0x0000000714a7eee0) 
thrown [./open/src/hotspot/share/interpreter/linkResolver.cpp, line 782]
Event: 0.219 Thread 0x00000231e94d50b0 Exception <a 'java/lang/NoSuchMethodError'{0x0000000714a8c258}: 'void java.lang.invoke.DirectMethodHandle$Holder.invokeStatic(java.lang.Object, java.lang.Object)'> (0x0000000714a8c258) 
thrown [./open/src/hotspot/share/interpreter/linkResolver.cpp, line 782]

Events (20 events):
Event: 2.559 Loaded shared library C:\MyStuff\Java\CustomEngine\libs\natives\lwjgl64.dll
Event: 2.560 Loaded shared library C:\MyStuff\Java\CustomEngine\libs\natives\lwjgl64.dll
Event: 2.930 Executing VM operation: G1CollectForAllocation
Event: 2.934 Executing VM operation: G1CollectForAllocation done
Event: 2.957 Loaded shared library C:\Program Files\Java\jdk-15.0.2\bin\java.dll
Event: 3.285 Loaded shared library C:\MyStuff\Java\CustomEngine\libs\natives\lwjgl64.dll
Event: 3.302 Loaded shared library C:\MyStuff\Java\CustomEngine\libs\natives\lwjgl64.dll
Event: 3.304 Loaded shared library C:\MyStuff\Java\CustomEngine\libs\natives\lwjgl64.dll
Event: 5.416 Loaded shared library C:\MyStuff\Java\CustomEngine\libs\natives\lwjgl64.dll
Event: 7.041 Executing VM operation: G1CollectForAllocation
Event: 7.046 Executing VM operation: G1CollectForAllocation done
Event: 9.066 Executing VM operation: HandshakeAllThreads
Event: 9.066 Executing VM operation: HandshakeAllThreads done
Event: 20.923 loading class jdk/internal/misc/Signal$1
Event: 20.926 loading class jdk/internal/misc/Signal$1 done
Event: 20.929 Thread 0x000002328c7ae860 Thread added: 0x000002328c7ae860
Event: 20.935 Thread 0x0000023226ee8030 Thread added: 0x0000023226ee8030
Event: 20.958 Thread 0x0000023226ee8030 Thread exited: 0x0000023226ee8030
Event: 20.962 Thread 0x00000231e9215330 Thread exited: 0x00000231e9215330
Event: 20.962 Executing VM operation: Exit


Dynamic libraries:
0x00007ff72d6a0000 - 0x00007ff72d6af000 	C:\Program Files\Java\jdk-15.0.2\bin\java.exe
0x00007ffe6acf0000 - 0x00007ffe6aee5000 	C:\WINDOWS\SYSTEM32\ntdll.dll
0x00007ffe6a530000 - 0x00007ffe6a5ee000 	C:\WINDOWS\System32\KERNEL32.DLL
0x00007ffe68570000 - 0x00007ffe68839000 	C:\WINDOWS\System32\KERNELBASE.dll
0x00007ffe68ba0000 - 0x00007ffe68ca0000 	C:\WINDOWS\System32\ucrtbase.dll
0x00007ffe60270000 - 0x00007ffe60288000 	C:\Program Files\Java\jdk-15.0.2\bin\jli.dll
0x00007ffe601d0000 - 0x00007ffe601e9000 	C:\Program Files\Java\jdk-15.0.2\bin\VCRUNTIME140.dll
0x00007ffe6abe0000 - 0x00007ffe6ac8c000 	C:\WINDOWS\System32\ADVAPI32.dll
0x00007ffe6aa70000 - 0x00007ffe6ab0e000 	C:\WINDOWS\System32\msvcrt.dll
0x00007ffe6a3b0000 - 0x00007ffe6a44b000 	C:\WINDOWS\System32\sechost.dll
0x00007ffe69b80000 - 0x00007ffe69caa000 	C:\WINDOWS\System32\RPCRT4.dll
0x00007ffe69dd0000 - 0x00007ffe69f71000 	C:\WINDOWS\System32\USER32.dll
0x00007ffe68950000 - 0x00007ffe68972000 	C:\WINDOWS\System32\win32u.dll
0x00007ffe6a0d0000 - 0x00007ffe6a0fb000 	C:\WINDOWS\System32\GDI32.dll
0x00007ffe68840000 - 0x00007ffe6894b000 	C:\WINDOWS\System32\gdi32full.dll
0x00007ffe57d80000 - 0x00007ffe5801a000 	C:\WINDOWS\WinSxS\amd64_microsoft.windows.common-controls_6595b64144ccf1df_6.0.19041.1110_none_60b5254171f9507e\COMCTL32.dll
0x00007ffe68ca0000 - 0x00007ffe68d3d000 	C:\WINDOWS\System32\msvcp_win.dll
0x00007ffe5dc20000 - 0x00007ffe5dc2a000 	C:\WINDOWS\SYSTEM32\VERSION.dll
0x00007ffe6a100000 - 0x00007ffe6a130000 	C:\WINDOWS\System32\IMM32.DLL
0x00007ffe61b90000 - 0x00007ffe61b9c000 	C:\Program Files\Java\jdk-15.0.2\bin\vcruntime140_1.dll
0x00007ffe21330000 - 0x00007ffe213c1000 	C:\Program Files\Java\jdk-15.0.2\bin\msvcp140.dll
0x00007ffddbf80000 - 0x00007ffddcade000 	C:\Program Files\Java\jdk-15.0.2\bin\server\jvm.dll
0x00007ffe6a0c0000 - 0x00007ffe6a0c8000 	C:\WINDOWS\System32\PSAPI.DLL
0x00007ffe4d720000 - 0x00007ffe4d747000 	C:\WINDOWS\SYSTEM32\WINMM.dll
0x00007ffe34b90000 - 0x00007ffe34b99000 	C:\WINDOWS\SYSTEM32\WSOCK32.dll
0x00007ffe6a130000 - 0x00007ffe6a19b000 	C:\WINDOWS\System32\WS2_32.dll
0x00007ffe66cc0000 - 0x00007ffe66cd2000 	C:\WINDOWS\SYSTEM32\kernel.appcore.dll
0x00007ffe606a0000 - 0x00007ffe606aa000 	C:\Program Files\Java\jdk-15.0.2\bin\jimage.dll
0x00007ffe66a80000 - 0x00007ffe66c64000 	C:\WINDOWS\SYSTEM32\DBGHELP.DLL
0x00007ffe527d0000 - 0x00007ffe527fc000 	C:\WINDOWS\SYSTEM32\dbgcore.DLL
0x00007ffe68a90000 - 0x00007ffe68b13000 	C:\WINDOWS\System32\bcryptPrimitives.dll
0x00007ffe5ed70000 - 0x00007ffe5ed7e000 	C:\Program Files\Java\jdk-15.0.2\bin\instrument.dll
0x00007ffe56cb0000 - 0x00007ffe56cd5000 	C:\Program Files\Java\jdk-15.0.2\bin\java.dll
0x00007ffe69180000 - 0x00007ffe698bf000 	C:\WINDOWS\System32\SHELL32.dll
0x00007ffe630e0000 - 0x00007ffe63870000 	C:\WINDOWS\SYSTEM32\windows.storage.dll
0x00007ffe68d40000 - 0x00007ffe69095000 	C:\WINDOWS\System32\combase.dll
0x00007ffe67df0000 - 0x00007ffe67e1c000 	C:\WINDOWS\SYSTEM32\Wldp.dll
0x00007ffe69cb0000 - 0x00007ffe69d5d000 	C:\WINDOWS\System32\SHCORE.dll
0x00007ffe6a350000 - 0x00007ffe6a3a5000 	C:\WINDOWS\System32\shlwapi.dll
0x00007ffe68350000 - 0x00007ffe6836f000 	C:\WINDOWS\SYSTEM32\profapi.dll
0x00007ffe56750000 - 0x00007ffe56768000 	C:\Program Files\Java\jdk-15.0.2\bin\zip.dll
0x00007ffe57090000 - 0x00007ffe570a9000 	C:\Program Files\Java\jdk-15.0.2\bin\net.dll
0x00007ffe5e6b0000 - 0x00007ffe5e7b8000 	C:\WINDOWS\SYSTEM32\WINHTTP.dll
0x00007ffe67b50000 - 0x00007ffe67bba000 	C:\WINDOWS\system32\mswsock.dll
0x00007ffe56f30000 - 0x00007ffe56f42000 	C:\Program Files\Java\jdk-15.0.2\bin\nio.dll
0x00007ffe52d80000 - 0x00007ffe52d9a000 	C:\Users\Steven Zhu\AppData\Local\JetBrains\Toolbox\apps\IDEA-C\ch-0\213.5449.25\bin\breakgen64.dll
0x00007ffe57050000 - 0x00007ffe57060000 	C:\Program Files\Java\jdk-15.0.2\bin\verify.dll
0x0000000180000000 - 0x0000000180051000 	C:\MyStuff\Java\CustomEngine\libs\natives\lwjgl64.dll
0x00007ffe51e40000 - 0x00007ffe51f65000 	C:\WINDOWS\SYSTEM32\OPENGL32.dll
0x00007ffe59e70000 - 0x00007ffe59e9c000 	C:\WINDOWS\SYSTEM32\GLU32.dll
0x00007ffe5f9e0000 - 0x00007ffe5fa8e000 	C:\WINDOWS\SYSTEM32\mscms.dll
0x00007ffe5f970000 - 0x00007ffe5f981000 	C:\WINDOWS\SYSTEM32\ColorAdapterClient.dll
0x00007ffe68310000 - 0x00007ffe6833e000 	C:\WINDOWS\SYSTEM32\USERENV.dll
0x00007ffe6ab10000 - 0x00007ffe6abdd000 	C:\WINDOWS\System32\OLEAUT32.dll
0x00007ffe69f80000 - 0x00007ffe6a029000 	C:\WINDOWS\System32\clbcatq.dll
0x00007ffe5b750000 - 0x00007ffe5b794000 	C:\Windows\System32\Windows.Internal.Graphics.Display.DisplayColorManagement.dll
0x00007ffe68b20000 - 0x00007ffe68b6e000 	C:\WINDOWS\System32\cfgmgr32.dll
0x00007ffe628a0000 - 0x00007ffe6293e000 	C:\WINDOWS\system32\uxtheme.dll
0x00007ffe69a60000 - 0x00007ffe69b75000 	C:\WINDOWS\System32\MSCTF.dll
0x00007ffe5c8b0000 - 0x00007ffe5c9a9000 	C:\Windows\System32\AppXDeploymentClient.dll
0x00007ffdd3980000 - 0x00007ffdd49e7000 	C:\WINDOWS\System32\DriverStore\FileRepository\iigd_dch.inf_amd64_4f49892c99b2ed8d\ig11icd64.dll
0x00007ffe69930000 - 0x00007ffe69a5a000 	C:\WINDOWS\System32\ole32.dll
0x00007ffe62b00000 - 0x00007ffe62b2f000 	C:\WINDOWS\system32\dwmapi.dll
0x00007ffe66d00000 - 0x00007ffe66df4000 	C:\WINDOWS\system32\dxgi.dll
0x00007ffe09070000 - 0x00007ffe0945c000 	C:\WINDOWS\System32\DriverStore\FileRepository\iigd_dch.inf_amd64_4f49892c99b2ed8d\igdml64.dll
0x00007ffe575a0000 - 0x00007ffe57868000 	C:\WINDOWS\System32\DriverStore\FileRepository\iigd_dch.inf_amd64_4f49892c99b2ed8d\igdgmm64.dll
0x00007ffe5a5e0000 - 0x00007ffe5a6d9000 	C:\WINDOWS\SYSTEM32\textinputframework.dll
0x00007ffe625e0000 - 0x00007ffe626d2000 	C:\WINDOWS\System32\CoreMessaging.dll
0x00007ffe62180000 - 0x00007ffe624de000 	C:\WINDOWS\System32\CoreUIComponents.dll
0x00007ffe67100000 - 0x00007ffe67133000 	C:\WINDOWS\SYSTEM32\ntmarta.dll
0x00007ffe619d0000 - 0x00007ffe61b24000 	C:\WINDOWS\SYSTEM32\wintypes.dll
0x00007ffe53900000 - 0x00007ffe564c7000 	C:\WINDOWS\System32\DriverStore\FileRepository\iigd_dch.inf_amd64_4f49892c99b2ed8d\igc64.dll
0x00007ffe68160000 - 0x00007ffe681ab000 	C:\WINDOWS\SYSTEM32\powrprof.dll
0x00007ffe68140000 - 0x00007ffe68152000 	C:\WINDOWS\SYSTEM32\UMPDC.dll
0x00007ffe11b60000 - 0x00007ffe11ce0000 	C:\Program Files\Java\jdk-15.0.2\bin\awt.dll
0x00007ffe62720000 - 0x00007ffe627b0000 	C:\WINDOWS\SYSTEM32\apphelp.dll

dbghelp: loaded successfully - version: 4.0.5 - missing functions: none
symbol engine: initialized successfully - sym options: 0x614 - pdb path: .;C:\Program Files\Java\jdk-15.0.2\bin;C:\WINDOWS\SYSTEM32;C:\WINDOWS\WinSxS\amd64_microsoft.windows.common-controls_6595b64144ccf1df_6.0.19041.1110_none_60b5254171f9507e;C:\Program Files\Java\jdk-15.0.2\bin\server;C:\Users\Steven Zhu\AppData\Local\JetBrains\Toolbox\apps\IDEA-C\ch-0\213.5449.25\bin;C:\MyStuff\Java\CustomEngine\libs\natives;C:\WINDOWS\System32\DriverStore\FileRepository\iigd_dch.inf_amd64_4f49892c99b2ed8d

VM Arguments:
jvm_args: -Djava.library.path=C:\MyStuff\Java\CustomEngine\libs\natives -javaagent:C:\Users\Steven Zhu\AppData\Local\JetBrains\Toolbox\apps\IDEA-C\ch-0\213.5449.25\lib\idea_rt.jar=63389:C:\Users\Steven Zhu\AppData\Local\JetBrains\Toolbox\apps\IDEA-C\ch-0\213.5449.25\bin -Dfile.encoding=UTF-8 
java_command: engine.core.tester.TestLoop
java_class_path (initial): C:\MyStuff\Java\CustomEngine\out\production\3DEngine;C:\MyStuff\Java\CustomEngine\libs\jars\lwjgl-glfw-natives-windows.jar;C:\MyStuff\Java\CustomEngine\libs\jars\lwjgl-glfw.jar;C:\MyStuff\Java\CustomEngine\libs\jars\lwjgl-nanovg-natives-windows.jar;C:\MyStuff\Java\CustomEngine\libs\jars\lwjgl-nanovg.jar;C:\MyStuff\Java\CustomEngine\libs\jars\lwjgl-natives-windows.jar;C:\MyStuff\Java\CustomEngine\libs\jars\lwjgl-tinyfd-natives-windows.jar;C:\MyStuff\Java\CustomEngine\libs\jars\lwjgl-tinyfd.jar;C:\MyStuff\Java\CustomEngine\libs\jars\lwjgl.jar;C:\MyStuff\Java\CustomEngine\libs\jars\lwjgl_util.jar;C:\MyStuff\Java\CustomEngine\libs\jars\slick-util.jar;C:\MyStuff\Java\CustomEngine\libs\jars\slick.jar
Launcher Type: SUN_STANDARD

[Global flags]
     intx CICompilerCount                          = 4                                         {product} {ergonomic}
     uint ConcGCThreads                            = 2                                         {product} {ergonomic}
     uint G1ConcRefinementThreads                  = 8                                         {product} {ergonomic}
   size_t G1HeapRegionSize                         = 2097152                                   {product} {ergonomic}
    uintx GCDrainStackTargetSize                   = 64                                        {product} {ergonomic}
   size_t InitialHeapSize                          = 264241152                                 {product} {ergonomic}
   size_t MarkStackSize                            = 4194304                                   {product} {ergonomic}
   size_t MaxHeapSize                              = 4208984064                                {product} {ergonomic}
   size_t MaxNewSize                               = 2524971008                                {product} {ergonomic}
   size_t MinHeapDeltaBytes                        = 2097152                                   {product} {ergonomic}
   size_t MinHeapSize                              = 8388608                                   {product} {ergonomic}
    uintx NonNMethodCodeHeapSize                   = 5839372                                {pd product} {ergonomic}
    uintx NonProfiledCodeHeapSize                  = 122909434                              {pd product} {ergonomic}
    uintx ProfiledCodeHeapSize                     = 122909434                              {pd product} {ergonomic}
    uintx ReservedCodeCacheSize                    = 251658240                              {pd product} {ergonomic}
     bool SegmentedCodeCache                       = true                                      {product} {ergonomic}
   size_t SoftMaxHeapSize                          = 4208984064                             {manageable} {ergonomic}
     bool UseCompressedClassPointers               = true                                 {lp64_product} {ergonomic}
     bool UseCompressedOops                        = true                                 {lp64_product} {ergonomic}
     bool UseG1GC                                  = true                                      {product} {ergonomic}
     bool UseLargePagesIndividualAllocation        = false                                  {pd product} {ergonomic}

Logging:
Log output configuration:
 #0: stdout all=off uptime,level,tags
 #1: stderr all=off uptime,level,tags

Environment Variables:
JAVA_HOME=C:\Program Files\Java\jdk-16
PATH=C:\Program Files (x86)\Common Files\Oracle\Java\javapath;C:\Program Files\Java\jdk-16\bin;C:\Program Files (x86)\ActiveState Komodo IDE 12\;C:\WINDOWS\system32;C:\WINDOWS;C:\WINDOWS\System32\Wbem;C:\WINDOWS\System32\WindowsPowerShell\v1.0\;C:\WINDOWS\System32\OpenSSH\;C:\Program Files\dotnet\;C:\Program Files\Microsoft SQL Server\130\Tools\Binn\;C:\Program Files\Microsoft SQL Server\Client SDK\ODBC\170\Tools\Binn\;C:\Program Files\nodejs\;C:\Program Files\Git\cmd;C:\Program Files\WorldPainter;C:\Program Files (x86)\Gpg4win\..\GnuPG\bin;C:\msys64\mingw64\bin;C:\Users\Steven Zhu\.cargo\bin;C:\Users\Steven Zhu\AppData\Local\Microsoft\WindowsApps;C:\Users\Steven Zhu\AppData\Local\Programs\Microsoft VS Code\bin;C:\Users\Steven Zhu\.dotnet\tools;C:\Users\Steven Zhu\.deno\bin;C:\Users\Steven Zhu\AppData\Roaming\npm;C:\Users\Steven Zhu\.dotnet\tools;C:\Users\Steven Zhu\AppData\Local\GitHubDesktop\bin;C:\Users\Steven Zhu\AppData\Local\atom\bin
USERNAME=Steven Zhu
OS=Windows_NT
PROCESSOR_IDENTIFIER=Intel64 Family 6 Model 126 Stepping 5, GenuineIntel



---------------  S Y S T E M  ---------------

OS:
 Windows 10 , 64 bit Build 19041 (10.0.19041.1202)
OS uptime: 4 days 3:32 hours

CPU: total 8 (initial active 8) (4 cores per cpu, 2 threads per core) family 6 model 126 stepping 5 microcode 0x78, cmov, cx8, fxsr, mmx, sse, sse2, sse3, ssse3, sse4.1, sse4.2, popcnt, vzeroupper, avx, avx2, aes, clmul, erms, 3dnowpref, lzcnt, ht, tsc, tscinvbit, bmi1, bmi2, adx, avx512f, avx512dq, avx512cd, avx512bw, avx512vl, avx512_vpopcntdq, avx512_vpclmulqdq, avx512_vbmi, avx512_vbmi2, avx512_vaes, avx512_vnni, sha, fma, clflush, clflushopt

Memory: 4k page, system-wide physical 16049M (127M free)
TotalPageFile size 23028M (AvailPageFile size 2428M)
current process WorkingSet (physical memory assigned to process): 8395M, peak: 8449M
current process commit charge ("private bytes"): 9113M, peak: 9113M

vm_info: Java HotSpot(TM) 64-Bit Server VM (15.0.2+7-27) for windows-amd64 JRE (15.0.2+7-27), built on Dec  7 2020 20:07:01 by "mach5one" with unknown MS VC++:1925

END.
