#
# A fatal error has been detected by the Java Runtime Environment:
#
#  EXCEPTION_ACCESS_VIOLATION (0xc0000005) at pc=0x00007ffb7922d1b9, pid=21976, tid=1820
#
# JRE version: Java(TM) SE Runtime Environment (15.0.2+7) (build 15.0.2+7-27)
# Java VM: Java HotSpot(TM) 64-Bit Server VM (15.0.2+7-27, mixed mode, sharing, tiered, compressed oops, g1 gc, windows-amd64)
# Problematic frame:
# C  [ig11icd64.dll+0x5bd1b9]
#
# No core dump will be written. Minidumps are not enabled by default on client versions of Windows
#
# If you would like to submit a bug report, please visit:
#   https://bugreport.java.com/bugreport/crash.jsp
#

---------------  S U M M A R Y ------------

Command Line: -Djava.library.path=C:\MyStuff\Java\CustomEngine\libs\natives -javaagent:C:\Users\Steven Zhu\AppData\Local\JetBrains\Toolbox\apps\IDEA-C\ch-0\213.4631.20\lib\idea_rt.jar=57051:C:\Users\Steven Zhu\AppData\Local\JetBrains\Toolbox\apps\IDEA-C\ch-0\213.4631.20\bin -Dfile.encoding=UTF-8 engine.core.tester.TestLoop

Host: Intel(R) Core(TM) i7-1065G7 CPU @ 1.30GHz, 8 cores, 15G,  Windows 10 , 64 bit Build 19041 (10.0.19041.1202)
Time: Sun Oct 10 18:55:12 2021 AUS Eastern Daylight Time elapsed time: 1.457295 seconds (0d 0h 0m 1s)

---------------  T H R E A D  ---------------

Current thread (0x00000288ff125db0):  VMThread "VM Thread" [stack: 0x000000c480e00000,0x000000c480f00000] [id=1820]

Stack: [0x000000c480e00000,0x000000c480f00000],  sp=0x000000c480efe6f0,  free space=1017k
Native frames: (J=compiled Java code, j=interpreted, Vv=VM code, C=native code)
C  [ig11icd64.dll+0x5bd1b9]


siginfo: EXCEPTION_ACCESS_VIOLATION (0xc0000005), reading address 0x00000000000352f8


Register to memory mapping:

RIP=0x00007ffb7922d1b9 ig11icd64.dll
RAX=0x00000288894156c0 points into unknown readable memory: 0x0000000000000015 | 15 00 00 00 00 00 00 00
RBX=0x00000288894155b0 points into unknown readable memory: 0x00000288ffe00a70 | 70 0a e0 ff 88 02 00 00
RCX=0x0 is NULL
RDX=0x0000028889415680 points into unknown readable memory: 0x0000000000000000 | 00 00 00 00 00 00 00 00
RSP=0x000000c480efe6f0 points into unknown readable memory: 0x00000288ffdfcdd0 | d0 cd df ff 88 02 00 00
RBP=0x0 is NULL
RSI=0x0000028889415ac8 points into unknown readable memory: 0x0000000000000000 | 00 00 00 00 00 00 00 00
RDI=0x0000028882538250 points into unknown readable memory: 0x0000000000000000 | 00 00 00 00 00 00 00 00
R8 =0x0000000000000008 is an unknown value
R9 =0x0 is NULL
R10=0x0 is NULL
R11=0x0000000000000246 is an unknown value
R12=0x0 is NULL
R13=0x0 is NULL
R14=0x0 is NULL
R15=0x0 is NULL


Registers:
RAX=0x00000288894156c0, RBX=0x00000288894155b0, RCX=0x0000000000000000, RDX=0x0000028889415680
RSP=0x000000c480efe6f0, RBP=0x0000000000000000, RSI=0x0000028889415ac8, RDI=0x0000028882538250
R8 =0x0000000000000008, R9 =0x0000000000000000, R10=0x0000000000000000, R11=0x0000000000000246
R12=0x0000000000000000, R13=0x0000000000000000, R14=0x0000000000000000, R15=0x0000000000000000
RIP=0x00007ffb7922d1b9, EFLAGS=0x0000000000010206

Top of Stack: (sp=0x000000c480efe6f0)
0x000000c480efe6f0:   00000288ffdfcdd0 000000c480efe730
0x000000c480efe700:   000000c480efe738 0000005400000000
0x000000c480efe710:   00007ffb79c0ae80 0000000000000016
0x000000c480efe720:   0000028882720290 0000000000000058
0x000000c480efe730:   0000000000000000 00007ffb7920e6f2
0x000000c480efe740:   00000288ffdfcdd0 0000028882538250
0x000000c480efe750:   000000c480efe840 0000000000000000
0x000000c480efe760:   0000000000000694 0000000000000000
0x000000c480efe770:   0000000000000000 0000000000000000
0x000000c480efe780:   0000000000140012 00007ffbf5d59388
0x000000c480efe790:   0000000000000000 0000000000000000
0x000000c480efe7a0:   0000000000000000 0000000000000000
0x000000c480efe7b0:   0000000000000070 0000000000000000
0x000000c480efe7c0:   0000000000000000 0000000000000000
0x000000c480efe7d0:   0000000000000000 0000000000000000
0x000000c480efe7e0:   0000b802008a0000 0000000000000694 

Instructions: (pc=0x00007ffb7922d1b9)
0x00007ffb7922d0b9:   30 44 38 24 01 75 05 e8 b3 10 f9 ff 65 48 8b 04
0x00007ffb7922d0c9:   25 58 00 00 00 41 be 10 00 00 00 48 8b 04 30 4d
0x00007ffb7922d0d9:   8b 34 06 48 85 ed 0f 84 6f 03 00 00 66 66 66 0f
0x00007ffb7922d0e9:   1f 84 00 00 00 00 00 48 8b dd 48 8d b5 18 05 00
0x00007ffb7922d0f9:   00 48 8b 2e 45 84 ff 74 1d 48 8b 0b 48 8b d3 80
0x00007ffb7922d109:   bb 6a 05 00 00 00 0f 85 f2 02 00 00 e8 16 66 fe
0x00007ffb7922d119:   ff e9 f4 02 00 00 8b 8f d0 01 00 00 48 8b 05 24
0x00007ffb7922d129:   15 8e 00 83 b8 54 03 00 00 02 0f 85 f4 00 00 00
0x00007ffb7922d139:   48 8d 93 d0 00 00 00 83 f9 10 73 04 8b c1 eb 56
0x00007ffb7922d149:   44 8d 41 f0 41 8b c0 c1 e8 04 83 f8 03 73 20 0f
0x00007ffb7922d159:   ae e8 41 83 e0 0f 4c 8b 8c c2 00 04 00 00 4d 85
0x00007ffb7922d169:   c9 74 25 41 8b c0 48 c1 e0 06 49 03 c1 eb 2e 48
0x00007ffb7922d179:   8b 82 18 04 00 00 48 85 c0 74 0d 39 08 74 29 48
0x00007ffb7922d189:   8b 40 48 48 85 c0 75 f3 80 ba 20 04 00 00 00 74
0x00007ffb7922d199:   1d 8b c1 83 e0 0f 48 c1 e0 06 48 03 c2 48 85 c0
0x00007ffb7922d1a9:   74 0c 48 8b 48 08 eb 08 48 83 c0 08 eb ef 33 c9
0x00007ffb7922d1b9:   49 3b 8e f8 52 03 00 76 6b 48 8b 87 80 02 00 00
0x00007ffb7922d1c9:   48 89 06 48 89 9f 80 02 00 00 ff 87 88 02 00 00
0x00007ffb7922d1d9:   48 8b 4b 08 48 8b 01 ba 01 00 00 00 48 8b 80 d8
0x00007ffb7922d1e9:   02 00 00 ff 15 0e 74 58 00 0f b7 c8 48 2b c1 48
0x00007ffb7922d1f9:   05 00 00 01 00 48 01 87 90 02 00 00 48 8b 4b 08
0x00007ffb7922d209:   48 8b 01 ba 01 00 00 00 48 8b 80 d8 02 00 00 ff
0x00007ffb7922d219:   15 e2 73 58 00 48 01 87 a0 02 00 00 41 b4 01 e9
0x00007ffb7922d229:   e6 01 00 00 44 8b 9f d0 01 00 00 48 8b 87 e8 01
0x00007ffb7922d239:   00 00 4c 8b 10 8b 8f d0 01 00 00 48 8d 93 d0 00
0x00007ffb7922d249:   00 00 83 f9 10 73 04 8b c1 eb 57 44 8d 41 f0 41
0x00007ffb7922d259:   8b c0 c1 e8 04 83 f8 03 73 20 0f ae e8 41 83 e0
0x00007ffb7922d269:   0f 4c 8b 8c c2 00 04 00 00 4d 85 c9 74 26 41 8b
0x00007ffb7922d279:   c0 48 c1 e0 06 49 03 c1 eb 2f 48 8b 82 18 04 00
0x00007ffb7922d289:   00 48 85 c0 74 0e 90 39 08 74 3c 48 8b 40 48 48
0x00007ffb7922d299:   85 c0 75 f3 80 ba 20 04 00 00 00 74 1b 8b c1 83
0x00007ffb7922d2a9:   e0 0f 48 c1 e0 06 48 03 c2 48 85 c0 74 0a 4c 39 


Stack slot to memory mapping:
stack at sp + 0 slots: 0x00000288ffdfcdd0 points into unknown readable memory: 0xffffffffffffffff | ff ff ff ff ff ff ff ff
stack at sp + 1 slots: 0x000000c480efe730 points into unknown readable memory: 0x0000000000000000 | 00 00 00 00 00 00 00 00
stack at sp + 2 slots: 0x000000c480efe738 points into unknown readable memory: 0x00007ffb7920e6f2 | f2 e6 20 79 fb 7f 00 00
stack at sp + 3 slots: 0x0000005400000000 is an unknown value
stack at sp + 4 slots: 0x00007ffb79c0ae80 ig11icd64.dll
stack at sp + 5 slots: 0x0000000000000016 is an unknown value
stack at sp + 6 slots: 0x0000028882720290 points into unknown readable memory: 0x0000000000000000 | 00 00 00 00 00 00 00 00
stack at sp + 7 slots: 0x0000000000000058 is an unknown value

VM_Operation (0x000000c4808fe610): Exit, mode: safepoint, requested by thread 0x00000288dbcb27c0


---------------  P R O C E S S  ---------------

Threads class SMR info:
_java_thread_list=0x00000288826b15a0, length=12, elements={
0x00000288dbcb27c0, 0x00000288ff127dd0, 0x00000288ff12b150, 0x00000288ffa42ea0,
0x00000288ffa44960, 0x00000288ffa46420, 0x00000288ffa4b9b0, 0x00000288ffa58780,
0x00000288ffa61850, 0x00000288ffb63720, 0x00000288ffb62d80, 0x00000288ffb64590
}

Java Threads: ( => current thread )
  0x00000288dbcb27c0 JavaThread "main" [_thread_blocked, id=35156, stack(0x000000c480800000,0x000000c480900000)]
  0x00000288ff127dd0 JavaThread "Reference Handler" daemon [_thread_blocked, id=30676, stack(0x000000c480f00000,0x000000c481000000)]
  0x00000288ff12b150 JavaThread "Finalizer" daemon [_thread_blocked, id=11152, stack(0x000000c481000000,0x000000c481100000)]
  0x00000288ffa42ea0 JavaThread "Signal Dispatcher" daemon [_thread_blocked, id=8436, stack(0x000000c481100000,0x000000c481200000)]
  0x00000288ffa44960 JavaThread "Attach Listener" daemon [_thread_blocked, id=33424, stack(0x000000c481200000,0x000000c481300000)]
  0x00000288ffa46420 JavaThread "Service Thread" daemon [_thread_blocked, id=5552, stack(0x000000c481300000,0x000000c481400000)]
  0x00000288ffa4b9b0 JavaThread "C2 CompilerThread0" daemon [_thread_blocked, id=15656, stack(0x000000c481400000,0x000000c481500000)]
  0x00000288ffa58780 JavaThread "C1 CompilerThread0" daemon [_thread_blocked, id=22912, stack(0x000000c481500000,0x000000c481600000)]
  0x00000288ffa61850 JavaThread "Sweeper thread" daemon [_thread_blocked, id=10392, stack(0x000000c481600000,0x000000c481700000)]
  0x00000288ffb63720 JavaThread "Common-Cleaner" daemon [_thread_blocked, id=32124, stack(0x000000c481700000,0x000000c481800000)]
  0x00000288ffb62d80 JavaThread "Monitor Ctrl-Break" daemon [_thread_in_native, id=9060, stack(0x000000c481900000,0x000000c481a00000)]
  0x00000288ffb64590 JavaThread "Notification Thread" daemon [_thread_blocked, id=13948, stack(0x000000c481a00000,0x000000c481b00000)]

Other Threads:
=>0x00000288ff125db0 VMThread "VM Thread" [stack: 0x000000c480e00000,0x000000c480f00000] [id=1820]
  0x00000288dbd025f0 GCTaskThread "GC Thread#0" [stack: 0x000000c480900000,0x000000c480a00000] [id=34884]
  0x00000288dbd14220 ConcurrentGCThread "G1 Main Marker" [stack: 0x000000c480a00000,0x000000c480b00000] [id=21484]
  0x00000288dbd155b0 ConcurrentGCThread "G1 Conc#0" [stack: 0x000000c480b00000,0x000000c480c00000] [id=12880]
  0x00000288fefa20c0 ConcurrentGCThread "G1 Refine#0" [stack: 0x000000c480c00000,0x000000c480d00000] [id=21880]
  0x00000288fefa2cc0 ConcurrentGCThread "G1 Young RemSet Sampling" [stack: 0x000000c480d00000,0x000000c480e00000] [id=21184]

Threads with active compile tasks:

VM state: at safepoint (shutting down)

VM Mutex/Monitor currently owned by a thread:  ([mutex/lock_event])
[0x00000288dbcac860] Threads_lock - owner thread: 0x00000288ff125db0
[0x00000288dbcac8f0] Heap_lock - owner thread: 0x00000288dbcb27c0

Heap address: 0x0000000705200000, size: 4014 MB, Compressed Oops mode: Zero based, Oop shift amount: 3
CDS archive(s) mapped at: [0x0000000800000000-0x0000000800b50000-0x0000000800b50000), size 11862016, SharedBaseAddress: 0x0000000800000000, ArchiveRelocationMode: 0.
Compressed class space mapped at: 0x0000000800b50000-0x0000000840b50000, size: 1073741824
Narrow klass base: 0x0000000800000000, Narrow klass shift: 3, Narrow klass range: 0x100000000

GC Precious Log:
 CPUs: 8 total, 8 available
 Memory: 16049M
 Large Page Support: Disabled
 NUMA Support: Disabled
 Compressed Oops: Enabled (Zero based)
 Heap Region Size: 2M
 Heap Min Capacity: 8M
 Heap Initial Capacity: 252M
 Heap Max Capacity: 4014M
 Pre-touch: Disabled
 Parallel Workers: 8
 Concurrent Workers: 2
 Concurrent Refinement Workers: 8
 Periodic GC: Disabled

Heap:
 garbage-first heap   total 258048K, used 8192K [0x0000000705200000, 0x0000000800000000)
  region size 2048K, 5 young (10240K), 0 survivors (0K)
 Metaspace       used 3641K, capacity 6103K, committed 6400K, reserved 1056768K
  class space    used 249K, capacity 509K, committed 512K, reserved 1048576K

Heap Regions: E=young(eden), S=young(survivor), O=old, HS=humongous(starts), HC=humongous(continues), CS=collection set, F=free, OA=open archive, CA=closed archive, TAMS=top-at-mark-start (previous, next)
|   0|0x0000000705200000, 0x0000000705200000, 0x0000000705400000|  0%| F|  |TAMS 0x0000000705200000, 0x0000000705200000| Untracked 
|   1|0x0000000705400000, 0x0000000705400000, 0x0000000705600000|  0%| F|  |TAMS 0x0000000705400000, 0x0000000705400000| Untracked 
|   2|0x0000000705600000, 0x0000000705600000, 0x0000000705800000|  0%| F|  |TAMS 0x0000000705600000, 0x0000000705600000| Untracked 
|   3|0x0000000705800000, 0x0000000705800000, 0x0000000705a00000|  0%| F|  |TAMS 0x0000000705800000, 0x0000000705800000| Untracked 
|   4|0x0000000705a00000, 0x0000000705a00000, 0x0000000705c00000|  0%| F|  |TAMS 0x0000000705a00000, 0x0000000705a00000| Untracked 
|   5|0x0000000705c00000, 0x0000000705c00000, 0x0000000705e00000|  0%| F|  |TAMS 0x0000000705c00000, 0x0000000705c00000| Untracked 
|   6|0x0000000705e00000, 0x0000000705e00000, 0x0000000706000000|  0%| F|  |TAMS 0x0000000705e00000, 0x0000000705e00000| Untracked 
|   7|0x0000000706000000, 0x0000000706000000, 0x0000000706200000|  0%| F|  |TAMS 0x0000000706000000, 0x0000000706000000| Untracked 
|   8|0x0000000706200000, 0x0000000706200000, 0x0000000706400000|  0%| F|  |TAMS 0x0000000706200000, 0x0000000706200000| Untracked 
|   9|0x0000000706400000, 0x0000000706400000, 0x0000000706600000|  0%| F|  |TAMS 0x0000000706400000, 0x0000000706400000| Untracked 
|  10|0x0000000706600000, 0x0000000706600000, 0x0000000706800000|  0%| F|  |TAMS 0x0000000706600000, 0x0000000706600000| Untracked 
|  11|0x0000000706800000, 0x0000000706800000, 0x0000000706a00000|  0%| F|  |TAMS 0x0000000706800000, 0x0000000706800000| Untracked 
|  12|0x0000000706a00000, 0x0000000706a00000, 0x0000000706c00000|  0%| F|  |TAMS 0x0000000706a00000, 0x0000000706a00000| Untracked 
|  13|0x0000000706c00000, 0x0000000706c00000, 0x0000000706e00000|  0%| F|  |TAMS 0x0000000706c00000, 0x0000000706c00000| Untracked 
|  14|0x0000000706e00000, 0x0000000706e00000, 0x0000000707000000|  0%| F|  |TAMS 0x0000000706e00000, 0x0000000706e00000| Untracked 
|  15|0x0000000707000000, 0x0000000707000000, 0x0000000707200000|  0%| F|  |TAMS 0x0000000707000000, 0x0000000707000000| Untracked 
|  16|0x0000000707200000, 0x0000000707200000, 0x0000000707400000|  0%| F|  |TAMS 0x0000000707200000, 0x0000000707200000| Untracked 
|  17|0x0000000707400000, 0x0000000707400000, 0x0000000707600000|  0%| F|  |TAMS 0x0000000707400000, 0x0000000707400000| Untracked 
|  18|0x0000000707600000, 0x0000000707600000, 0x0000000707800000|  0%| F|  |TAMS 0x0000000707600000, 0x0000000707600000| Untracked 
|  19|0x0000000707800000, 0x0000000707800000, 0x0000000707a00000|  0%| F|  |TAMS 0x0000000707800000, 0x0000000707800000| Untracked 
|  20|0x0000000707a00000, 0x0000000707a00000, 0x0000000707c00000|  0%| F|  |TAMS 0x0000000707a00000, 0x0000000707a00000| Untracked 
|  21|0x0000000707c00000, 0x0000000707c00000, 0x0000000707e00000|  0%| F|  |TAMS 0x0000000707c00000, 0x0000000707c00000| Untracked 
|  22|0x0000000707e00000, 0x0000000707e00000, 0x0000000708000000|  0%| F|  |TAMS 0x0000000707e00000, 0x0000000707e00000| Untracked 
|  23|0x0000000708000000, 0x0000000708000000, 0x0000000708200000|  0%| F|  |TAMS 0x0000000708000000, 0x0000000708000000| Untracked 
|  24|0x0000000708200000, 0x0000000708200000, 0x0000000708400000|  0%| F|  |TAMS 0x0000000708200000, 0x0000000708200000| Untracked 
|  25|0x0000000708400000, 0x0000000708400000, 0x0000000708600000|  0%| F|  |TAMS 0x0000000708400000, 0x0000000708400000| Untracked 
|  26|0x0000000708600000, 0x0000000708600000, 0x0000000708800000|  0%| F|  |TAMS 0x0000000708600000, 0x0000000708600000| Untracked 
|  27|0x0000000708800000, 0x0000000708800000, 0x0000000708a00000|  0%| F|  |TAMS 0x0000000708800000, 0x0000000708800000| Untracked 
|  28|0x0000000708a00000, 0x0000000708a00000, 0x0000000708c00000|  0%| F|  |TAMS 0x0000000708a00000, 0x0000000708a00000| Untracked 
|  29|0x0000000708c00000, 0x0000000708c00000, 0x0000000708e00000|  0%| F|  |TAMS 0x0000000708c00000, 0x0000000708c00000| Untracked 
|  30|0x0000000708e00000, 0x0000000708e00000, 0x0000000709000000|  0%| F|  |TAMS 0x0000000708e00000, 0x0000000708e00000| Untracked 
|  31|0x0000000709000000, 0x0000000709000000, 0x0000000709200000|  0%| F|  |TAMS 0x0000000709000000, 0x0000000709000000| Untracked 
|  32|0x0000000709200000, 0x0000000709200000, 0x0000000709400000|  0%| F|  |TAMS 0x0000000709200000, 0x0000000709200000| Untracked 
|  33|0x0000000709400000, 0x0000000709400000, 0x0000000709600000|  0%| F|  |TAMS 0x0000000709400000, 0x0000000709400000| Untracked 
|  34|0x0000000709600000, 0x0000000709600000, 0x0000000709800000|  0%| F|  |TAMS 0x0000000709600000, 0x0000000709600000| Untracked 
|  35|0x0000000709800000, 0x0000000709800000, 0x0000000709a00000|  0%| F|  |TAMS 0x0000000709800000, 0x0000000709800000| Untracked 
|  36|0x0000000709a00000, 0x0000000709a00000, 0x0000000709c00000|  0%| F|  |TAMS 0x0000000709a00000, 0x0000000709a00000| Untracked 
|  37|0x0000000709c00000, 0x0000000709c00000, 0x0000000709e00000|  0%| F|  |TAMS 0x0000000709c00000, 0x0000000709c00000| Untracked 
|  38|0x0000000709e00000, 0x0000000709e00000, 0x000000070a000000|  0%| F|  |TAMS 0x0000000709e00000, 0x0000000709e00000| Untracked 
|  39|0x000000070a000000, 0x000000070a000000, 0x000000070a200000|  0%| F|  |TAMS 0x000000070a000000, 0x000000070a000000| Untracked 
|  40|0x000000070a200000, 0x000000070a200000, 0x000000070a400000|  0%| F|  |TAMS 0x000000070a200000, 0x000000070a200000| Untracked 
|  41|0x000000070a400000, 0x000000070a400000, 0x000000070a600000|  0%| F|  |TAMS 0x000000070a400000, 0x000000070a400000| Untracked 
|  42|0x000000070a600000, 0x000000070a600000, 0x000000070a800000|  0%| F|  |TAMS 0x000000070a600000, 0x000000070a600000| Untracked 
|  43|0x000000070a800000, 0x000000070a800000, 0x000000070aa00000|  0%| F|  |TAMS 0x000000070a800000, 0x000000070a800000| Untracked 
|  44|0x000000070aa00000, 0x000000070aa00000, 0x000000070ac00000|  0%| F|  |TAMS 0x000000070aa00000, 0x000000070aa00000| Untracked 
|  45|0x000000070ac00000, 0x000000070ac00000, 0x000000070ae00000|  0%| F|  |TAMS 0x000000070ac00000, 0x000000070ac00000| Untracked 
|  46|0x000000070ae00000, 0x000000070ae00000, 0x000000070b000000|  0%| F|  |TAMS 0x000000070ae00000, 0x000000070ae00000| Untracked 
|  47|0x000000070b000000, 0x000000070b000000, 0x000000070b200000|  0%| F|  |TAMS 0x000000070b000000, 0x000000070b000000| Untracked 
|  48|0x000000070b200000, 0x000000070b200000, 0x000000070b400000|  0%| F|  |TAMS 0x000000070b200000, 0x000000070b200000| Untracked 
|  49|0x000000070b400000, 0x000000070b400000, 0x000000070b600000|  0%| F|  |TAMS 0x000000070b400000, 0x000000070b400000| Untracked 
|  50|0x000000070b600000, 0x000000070b600000, 0x000000070b800000|  0%| F|  |TAMS 0x000000070b600000, 0x000000070b600000| Untracked 
|  51|0x000000070b800000, 0x000000070b800000, 0x000000070ba00000|  0%| F|  |TAMS 0x000000070b800000, 0x000000070b800000| Untracked 
|  52|0x000000070ba00000, 0x000000070ba00000, 0x000000070bc00000|  0%| F|  |TAMS 0x000000070ba00000, 0x000000070ba00000| Untracked 
|  53|0x000000070bc00000, 0x000000070bc00000, 0x000000070be00000|  0%| F|  |TAMS 0x000000070bc00000, 0x000000070bc00000| Untracked 
|  54|0x000000070be00000, 0x000000070be00000, 0x000000070c000000|  0%| F|  |TAMS 0x000000070be00000, 0x000000070be00000| Untracked 
|  55|0x000000070c000000, 0x000000070c000000, 0x000000070c200000|  0%| F|  |TAMS 0x000000070c000000, 0x000000070c000000| Untracked 
|  56|0x000000070c200000, 0x000000070c200000, 0x000000070c400000|  0%| F|  |TAMS 0x000000070c200000, 0x000000070c200000| Untracked 
|  57|0x000000070c400000, 0x000000070c400000, 0x000000070c600000|  0%| F|  |TAMS 0x000000070c400000, 0x000000070c400000| Untracked 
|  58|0x000000070c600000, 0x000000070c600000, 0x000000070c800000|  0%| F|  |TAMS 0x000000070c600000, 0x000000070c600000| Untracked 
|  59|0x000000070c800000, 0x000000070c800000, 0x000000070ca00000|  0%| F|  |TAMS 0x000000070c800000, 0x000000070c800000| Untracked 
|  60|0x000000070ca00000, 0x000000070ca00000, 0x000000070cc00000|  0%| F|  |TAMS 0x000000070ca00000, 0x000000070ca00000| Untracked 
|  61|0x000000070cc00000, 0x000000070cc00000, 0x000000070ce00000|  0%| F|  |TAMS 0x000000070cc00000, 0x000000070cc00000| Untracked 
|  62|0x000000070ce00000, 0x000000070ce00000, 0x000000070d000000|  0%| F|  |TAMS 0x000000070ce00000, 0x000000070ce00000| Untracked 
|  63|0x000000070d000000, 0x000000070d000000, 0x000000070d200000|  0%| F|  |TAMS 0x000000070d000000, 0x000000070d000000| Untracked 
|  64|0x000000070d200000, 0x000000070d200000, 0x000000070d400000|  0%| F|  |TAMS 0x000000070d200000, 0x000000070d200000| Untracked 
|  65|0x000000070d400000, 0x000000070d400000, 0x000000070d600000|  0%| F|  |TAMS 0x000000070d400000, 0x000000070d400000| Untracked 
|  66|0x000000070d600000, 0x000000070d600000, 0x000000070d800000|  0%| F|  |TAMS 0x000000070d600000, 0x000000070d600000| Untracked 
|  67|0x000000070d800000, 0x000000070d800000, 0x000000070da00000|  0%| F|  |TAMS 0x000000070d800000, 0x000000070d800000| Untracked 
|  68|0x000000070da00000, 0x000000070da00000, 0x000000070dc00000|  0%| F|  |TAMS 0x000000070da00000, 0x000000070da00000| Untracked 
|  69|0x000000070dc00000, 0x000000070dc00000, 0x000000070de00000|  0%| F|  |TAMS 0x000000070dc00000, 0x000000070dc00000| Untracked 
|  70|0x000000070de00000, 0x000000070de00000, 0x000000070e000000|  0%| F|  |TAMS 0x000000070de00000, 0x000000070de00000| Untracked 
|  71|0x000000070e000000, 0x000000070e000000, 0x000000070e200000|  0%| F|  |TAMS 0x000000070e000000, 0x000000070e000000| Untracked 
|  72|0x000000070e200000, 0x000000070e200000, 0x000000070e400000|  0%| F|  |TAMS 0x000000070e200000, 0x000000070e200000| Untracked 
|  73|0x000000070e400000, 0x000000070e400000, 0x000000070e600000|  0%| F|  |TAMS 0x000000070e400000, 0x000000070e400000| Untracked 
|  74|0x000000070e600000, 0x000000070e600000, 0x000000070e800000|  0%| F|  |TAMS 0x000000070e600000, 0x000000070e600000| Untracked 
|  75|0x000000070e800000, 0x000000070e800000, 0x000000070ea00000|  0%| F|  |TAMS 0x000000070e800000, 0x000000070e800000| Untracked 
|  76|0x000000070ea00000, 0x000000070ea00000, 0x000000070ec00000|  0%| F|  |TAMS 0x000000070ea00000, 0x000000070ea00000| Untracked 
|  77|0x000000070ec00000, 0x000000070ec00000, 0x000000070ee00000|  0%| F|  |TAMS 0x000000070ec00000, 0x000000070ec00000| Untracked 
|  78|0x000000070ee00000, 0x000000070ee00000, 0x000000070f000000|  0%| F|  |TAMS 0x000000070ee00000, 0x000000070ee00000| Untracked 
|  79|0x000000070f000000, 0x000000070f000000, 0x000000070f200000|  0%| F|  |TAMS 0x000000070f000000, 0x000000070f000000| Untracked 
|  80|0x000000070f200000, 0x000000070f200000, 0x000000070f400000|  0%| F|  |TAMS 0x000000070f200000, 0x000000070f200000| Untracked 
|  81|0x000000070f400000, 0x000000070f400000, 0x000000070f600000|  0%| F|  |TAMS 0x000000070f400000, 0x000000070f400000| Untracked 
|  82|0x000000070f600000, 0x000000070f600000, 0x000000070f800000|  0%| F|  |TAMS 0x000000070f600000, 0x000000070f600000| Untracked 
|  83|0x000000070f800000, 0x000000070f800000, 0x000000070fa00000|  0%| F|  |TAMS 0x000000070f800000, 0x000000070f800000| Untracked 
|  84|0x000000070fa00000, 0x000000070fa00000, 0x000000070fc00000|  0%| F|  |TAMS 0x000000070fa00000, 0x000000070fa00000| Untracked 
|  85|0x000000070fc00000, 0x000000070fc00000, 0x000000070fe00000|  0%| F|  |TAMS 0x000000070fc00000, 0x000000070fc00000| Untracked 
|  86|0x000000070fe00000, 0x000000070fe00000, 0x0000000710000000|  0%| F|  |TAMS 0x000000070fe00000, 0x000000070fe00000| Untracked 
|  87|0x0000000710000000, 0x0000000710000000, 0x0000000710200000|  0%| F|  |TAMS 0x0000000710000000, 0x0000000710000000| Untracked 
|  88|0x0000000710200000, 0x0000000710200000, 0x0000000710400000|  0%| F|  |TAMS 0x0000000710200000, 0x0000000710200000| Untracked 
|  89|0x0000000710400000, 0x0000000710400000, 0x0000000710600000|  0%| F|  |TAMS 0x0000000710400000, 0x0000000710400000| Untracked 
|  90|0x0000000710600000, 0x0000000710600000, 0x0000000710800000|  0%| F|  |TAMS 0x0000000710600000, 0x0000000710600000| Untracked 
|  91|0x0000000710800000, 0x0000000710800000, 0x0000000710a00000|  0%| F|  |TAMS 0x0000000710800000, 0x0000000710800000| Untracked 
|  92|0x0000000710a00000, 0x0000000710a00000, 0x0000000710c00000|  0%| F|  |TAMS 0x0000000710a00000, 0x0000000710a00000| Untracked 
|  93|0x0000000710c00000, 0x0000000710c00000, 0x0000000710e00000|  0%| F|  |TAMS 0x0000000710c00000, 0x0000000710c00000| Untracked 
|  94|0x0000000710e00000, 0x0000000710e00000, 0x0000000711000000|  0%| F|  |TAMS 0x0000000710e00000, 0x0000000710e00000| Untracked 
|  95|0x0000000711000000, 0x0000000711000000, 0x0000000711200000|  0%| F|  |TAMS 0x0000000711000000, 0x0000000711000000| Untracked 
|  96|0x0000000711200000, 0x0000000711200000, 0x0000000711400000|  0%| F|  |TAMS 0x0000000711200000, 0x0000000711200000| Untracked 
|  97|0x0000000711400000, 0x0000000711400000, 0x0000000711600000|  0%| F|  |TAMS 0x0000000711400000, 0x0000000711400000| Untracked 
|  98|0x0000000711600000, 0x0000000711600000, 0x0000000711800000|  0%| F|  |TAMS 0x0000000711600000, 0x0000000711600000| Untracked 
|  99|0x0000000711800000, 0x0000000711800000, 0x0000000711a00000|  0%| F|  |TAMS 0x0000000711800000, 0x0000000711800000| Untracked 
| 100|0x0000000711a00000, 0x0000000711a00000, 0x0000000711c00000|  0%| F|  |TAMS 0x0000000711a00000, 0x0000000711a00000| Untracked 
| 101|0x0000000711c00000, 0x0000000711c00000, 0x0000000711e00000|  0%| F|  |TAMS 0x0000000711c00000, 0x0000000711c00000| Untracked 
| 102|0x0000000711e00000, 0x0000000711e00000, 0x0000000712000000|  0%| F|  |TAMS 0x0000000711e00000, 0x0000000711e00000| Untracked 
| 103|0x0000000712000000, 0x0000000712000000, 0x0000000712200000|  0%| F|  |TAMS 0x0000000712000000, 0x0000000712000000| Untracked 
| 104|0x0000000712200000, 0x0000000712200000, 0x0000000712400000|  0%| F|  |TAMS 0x0000000712200000, 0x0000000712200000| Untracked 
| 105|0x0000000712400000, 0x0000000712400000, 0x0000000712600000|  0%| F|  |TAMS 0x0000000712400000, 0x0000000712400000| Untracked 
| 106|0x0000000712600000, 0x0000000712600000, 0x0000000712800000|  0%| F|  |TAMS 0x0000000712600000, 0x0000000712600000| Untracked 
| 107|0x0000000712800000, 0x0000000712800000, 0x0000000712a00000|  0%| F|  |TAMS 0x0000000712800000, 0x0000000712800000| Untracked 
| 108|0x0000000712a00000, 0x0000000712a00000, 0x0000000712c00000|  0%| F|  |TAMS 0x0000000712a00000, 0x0000000712a00000| Untracked 
| 109|0x0000000712c00000, 0x0000000712c00000, 0x0000000712e00000|  0%| F|  |TAMS 0x0000000712c00000, 0x0000000712c00000| Untracked 
| 110|0x0000000712e00000, 0x0000000712e00000, 0x0000000713000000|  0%| F|  |TAMS 0x0000000712e00000, 0x0000000712e00000| Untracked 
| 111|0x0000000713000000, 0x0000000713000000, 0x0000000713200000|  0%| F|  |TAMS 0x0000000713000000, 0x0000000713000000| Untracked 
| 112|0x0000000713200000, 0x0000000713200000, 0x0000000713400000|  0%| F|  |TAMS 0x0000000713200000, 0x0000000713200000| Untracked 
| 113|0x0000000713400000, 0x0000000713400000, 0x0000000713600000|  0%| F|  |TAMS 0x0000000713400000, 0x0000000713400000| Untracked 
| 114|0x0000000713600000, 0x0000000713600000, 0x0000000713800000|  0%| F|  |TAMS 0x0000000713600000, 0x0000000713600000| Untracked 
| 115|0x0000000713800000, 0x0000000713800000, 0x0000000713a00000|  0%| F|  |TAMS 0x0000000713800000, 0x0000000713800000| Untracked 
| 116|0x0000000713a00000, 0x0000000713a00000, 0x0000000713c00000|  0%| F|  |TAMS 0x0000000713a00000, 0x0000000713a00000| Untracked 
| 117|0x0000000713c00000, 0x0000000713c00000, 0x0000000713e00000|  0%| F|  |TAMS 0x0000000713c00000, 0x0000000713c00000| Untracked 
| 118|0x0000000713e00000, 0x0000000713e00000, 0x0000000714000000|  0%| F|  |TAMS 0x0000000713e00000, 0x0000000713e00000| Untracked 
| 119|0x0000000714000000, 0x0000000714000000, 0x0000000714200000|  0%| F|  |TAMS 0x0000000714000000, 0x0000000714000000| Untracked 
| 120|0x0000000714200000, 0x0000000714200000, 0x0000000714400000|  0%| F|  |TAMS 0x0000000714200000, 0x0000000714200000| Untracked 
| 121|0x0000000714400000, 0x0000000714552728, 0x0000000714600000| 66%| E|  |TAMS 0x0000000714400000, 0x0000000714400000| Complete 
| 122|0x0000000714600000, 0x0000000714800000, 0x0000000714800000|100%| E|CS|TAMS 0x0000000714600000, 0x0000000714600000| Complete 
| 123|0x0000000714800000, 0x0000000714a00000, 0x0000000714a00000|100%| E|CS|TAMS 0x0000000714800000, 0x0000000714800000| Complete 
| 124|0x0000000714a00000, 0x0000000714c00000, 0x0000000714c00000|100%| E|CS|TAMS 0x0000000714a00000, 0x0000000714a00000| Complete 
| 125|0x0000000714c00000, 0x0000000714e00000, 0x0000000714e00000|100%| E|CS|TAMS 0x0000000714c00000, 0x0000000714c00000| Complete 

Card table byte_map: [0x00000288f58f0000,0x00000288f60d0000] _byte_map_base: 0x00000288f20c7000

Marking Bits (Prev, Next): (CMBitMap*) 0x00000288dbd03df0, (CMBitMap*) 0x00000288dbd03e30
 Prev Bits: [0x00000288f68b0000, 0x00000288fa768000)
 Next Bits: [0x00000288fa770000, 0x00000288fe628000)

Polling page: 0x00000288dbb70000

Metaspace:

Usage:
  Non-class:      5.46 MB capacity,     3.31 MB ( 61%) used,     2.15 MB ( 39%) free+waste,     4.25 KB ( <1%) overhead. 
      Class:    509.00 KB capacity,   249.06 KB ( 49%) used,   258.19 KB ( 51%) free+waste,     1.75 KB ( <1%) overhead. 
       Both:      5.96 MB capacity,     3.56 MB ( 60%) used,     2.40 MB ( 40%) free+waste,     6.00 KB ( <1%) overhead. 

Virtual space:
  Non-class space:        8.00 MB reserved,       5.75 MB ( 72%) committed 
      Class space:        1.00 GB reserved,     512.00 KB ( <1%) committed 
             Both:        1.01 GB reserved,       6.25 MB ( <1%) committed 

Chunk freelists:
   Non-Class:  102.00 KB
       Class:  3.00 KB
        Both:  105.00 KB

MaxMetaspaceSize: 17179869184.00 GB
CompressedClassSpaceSize: 1.00 GB

CodeHeap 'non-profiled nmethods': size=120000Kb used=212Kb max_used=212Kb free=119787Kb
 bounds [0x00000288ed170000, 0x00000288ed3e0000, 0x00000288f46a0000]
CodeHeap 'profiled nmethods': size=120000Kb used=1108Kb max_used=1108Kb free=118891Kb
 bounds [0x00000288e5c40000, 0x00000288e5eb0000, 0x00000288ed170000]
CodeHeap 'non-nmethods': size=5760Kb used=1249Kb max_used=1264Kb free=4510Kb
 bounds [0x00000288e56a0000, 0x00000288e5910000, 0x00000288e5c40000]
 total_blobs=1249 nmethods=731 adapters=431
 compilation: enabled
              stopped_count=0, restarted_count=0
 full_count=0

Compilation events (20 events):
Event: 0.924 Thread 0x00000288ffa58780 nmethod 715 0x00000288e5d50e10 code [0x00000288e5d510a0, 0x00000288e5d51ca8]
Event: 0.924 Thread 0x00000288ffa58780  717       3       java.lang.invoke.LambdaForm::internArgument (85 bytes)
Event: 0.924 Thread 0x00000288ffa58780 nmethod 717 0x00000288e5d52110 code [0x00000288e5d522e0, 0x00000288e5d52608]
Event: 0.924 Thread 0x00000288ffa58780  718       3       sun.invoke.util.Wrapper::findPrimitiveType (25 bytes)
Event: 0.925 Thread 0x00000288ffa58780 nmethod 718 0x00000288e5d52810 code [0x00000288e5d52a80, 0x00000288e5d535a8]
Event: 0.925 Thread 0x00000288ffa58780  725       3       jdk.internal.org.objectweb.asm.Frame::push (109 bytes)
Event: 0.925 Thread 0x00000288ffa58780 nmethod 725 0x00000288e5d53a10 code [0x00000288e5d53be0, 0x00000288e5d54188]
Event: 0.925 Thread 0x00000288ffa58780  719       1       java.lang.invoke.LambdaForm$BasicType::basicTypeClass (5 bytes)
Event: 0.925 Thread 0x00000288ffa58780 nmethod 719 0x00000288ed1a3210 code [0x00000288ed1a33a0, 0x00000288ed1a3458]
Event: 0.925 Thread 0x00000288ffa58780  720       1       java.lang.invoke.MethodTypeForm::basicType (5 bytes)
Event: 0.925 Thread 0x00000288ffa58780 nmethod 720 0x00000288ed1a3510 code [0x00000288ed1a36a0, 0x00000288ed1a3758]
Event: 0.925 Thread 0x00000288ffa58780  729       3       java.util.Objects::requireNonNull (14 bytes)
Event: 0.925 Thread 0x00000288ffa58780 nmethod 729 0x00000288e5d54390 code [0x00000288e5d54540, 0x00000288e5d54708]
Event: 0.925 Thread 0x00000288ffa58780  731       3       java.lang.invoke.LambdaForm::parameterType (9 bytes)
Event: 0.925 Thread 0x00000288ffa4b9b0 nmethod 699 0x00000288ed1a3e10 code [0x00000288ed1a3fc0, 0x00000288ed1a4558]
Event: 0.925 Thread 0x00000288ffa4b9b0  724       4       java.lang.StringLatin1::replace (198 bytes)
Event: 0.926 Thread 0x00000288ffa58780 nmethod 731 0x00000288e5d54810 code [0x00000288e5d549c0, 0x00000288e5d54b08]
Event: 0.926 Thread 0x00000288ffa58780  732       3       java.nio.ByteBuffer::arrayOffset (35 bytes)
Event: 0.926 Thread 0x00000288ffa58780 nmethod 732 0x00000288e5d54c10 code [0x00000288e5d54de0, 0x00000288e5d550b8]
Event: 0.934 Thread 0x00000288ffa4b9b0 nmethod 724 0x00000288ed1a4890 code [0x00000288ed1a4a40, 0x00000288ed1a4f28]

GC Heap History (0 events):
No events

Deoptimization events (20 events):
Event: 0.101 Thread 0x00000288dbcb27c0 Uncommon trap: trap_request=0xffffffde fr.pc=0x00000288ed17d170 relative=0x0000000000000790
Event: 0.101 Thread 0x00000288dbcb27c0 Uncommon trap: reason=class_check action=maybe_recompile pc=0x00000288ed17d170 method=java.util.HashMap.putVal(ILjava/lang/Object;Ljava/lang/Object;ZZ)Ljava/lang/Object; @ 152 c2
Event: 0.101 Thread 0x00000288dbcb27c0 DEOPT PACKING pc=0x00000288ed17d170 sp=0x000000c4808fe240
Event: 0.101 Thread 0x00000288dbcb27c0 DEOPT UNPACKING pc=0x00000288e56a852f sp=0x000000c4808fe1c0 mode 2
Event: 0.104 Thread 0x00000288dbcb27c0 Uncommon trap: trap_request=0xffffffde fr.pc=0x00000288ed17d170 relative=0x0000000000000790
Event: 0.104 Thread 0x00000288dbcb27c0 Uncommon trap: reason=class_check action=maybe_recompile pc=0x00000288ed17d170 method=java.util.HashMap.putVal(ILjava/lang/Object;Ljava/lang/Object;ZZ)Ljava/lang/Object; @ 152 c2
Event: 0.104 Thread 0x00000288dbcb27c0 DEOPT PACKING pc=0x00000288ed17d170 sp=0x000000c4808fe240
Event: 0.104 Thread 0x00000288dbcb27c0 DEOPT UNPACKING pc=0x00000288e56a852f sp=0x000000c4808fe1c0 mode 2
Event: 0.209 Thread 0x00000288dbcb27c0 Uncommon trap: trap_request=0xffffff45 fr.pc=0x00000288ed17e094 relative=0x0000000000000074
Event: 0.209 Thread 0x00000288dbcb27c0 Uncommon trap: reason=unstable_if action=reinterpret pc=0x00000288ed17e094 method=java.lang.String.isLatin1()Z @ 10 c2
Event: 0.209 Thread 0x00000288dbcb27c0 DEOPT PACKING pc=0x00000288ed17e094 sp=0x000000c4808ff170
Event: 0.209 Thread 0x00000288dbcb27c0 DEOPT UNPACKING pc=0x00000288e56a852f sp=0x000000c4808ff0b0 mode 2
Event: 0.862 Thread 0x00000288dbcb27c0 Uncommon trap: trap_request=0xffffff45 fr.pc=0x00000288ed19a0a4 relative=0x0000000000000384
Event: 0.862 Thread 0x00000288dbcb27c0 Uncommon trap: reason=unstable_if action=reinterpret pc=0x00000288ed19a0a4 method=java.lang.StringLatin1.indexOf([BI[BII)I @ 91 c2
Event: 0.862 Thread 0x00000288dbcb27c0 DEOPT PACKING pc=0x00000288ed19a0a4 sp=0x000000c4808fd560
Event: 0.862 Thread 0x00000288dbcb27c0 DEOPT UNPACKING pc=0x00000288e56a852f sp=0x000000c4808fd4c0 mode 2
Event: 0.919 Thread 0x00000288dbcb27c0 Uncommon trap: trap_request=0xffffff45 fr.pc=0x00000288ed190e34 relative=0x0000000000000034
Event: 0.919 Thread 0x00000288dbcb27c0 Uncommon trap: reason=unstable_if action=reinterpret pc=0x00000288ed190e34 method=java.util.Objects.requireNonNull(Ljava/lang/Object;)Ljava/lang/Object; @ 1 c2
Event: 0.919 Thread 0x00000288dbcb27c0 DEOPT PACKING pc=0x00000288ed190e34 sp=0x000000c4808fe8a0
Event: 0.919 Thread 0x00000288dbcb27c0 DEOPT UNPACKING pc=0x00000288e56a852f sp=0x000000c4808fe840 mode 2

Classes unloaded (0 events):
No events

Classes redefined (0 events):
No events

Internal exceptions (3 events):
Event: 0.214 Thread 0x00000288ffb62d80 Exception <a 'java/lang/NoSuchMethodError'{0x0000000714a7b5d0}: 'java.lang.Object java.lang.invoke.DirectMethodHandle$Holder.invokeStatic(java.lang.Object)'> (0x0000000714a7b5d0) 
thrown [./open/src/hotspot/share/interpreter/linkResolver.cpp, line 782]
Event: 0.215 Thread 0x00000288ffb62d80 Exception <a 'java/lang/NoSuchMethodError'{0x0000000714a7eee0}: 'java.lang.Object java.lang.invoke.DirectMethodHandle$Holder.invokeStaticInit(java.lang.Object)'> (0x0000000714a7eee0) 
thrown [./open/src/hotspot/share/interpreter/linkResolver.cpp, line 782]
Event: 0.223 Thread 0x00000288ffb62d80 Exception <a 'java/lang/NoSuchMethodError'{0x0000000714a8c258}: 'void java.lang.invoke.DirectMethodHandle$Holder.invokeStatic(java.lang.Object, java.lang.Object)'> (0x0000000714a8c258) 
thrown [./open/src/hotspot/share/interpreter/linkResolver.cpp, line 782]

Events (20 events):
Event: 0.885 loading class java/awt/image/WritableRaster
Event: 0.885 loading class java/awt/image/Raster
Event: 0.886 loading class java/awt/image/Raster done
Event: 0.886 loading class java/awt/image/WritableRaster done
Event: 0.886 loading class sun/awt/image/SunWritableRaster done
Event: 0.889 loading class java/util/zip/DataFormatException
Event: 0.889 loading class java/util/zip/DataFormatException done
Event: 0.889 loading class java/io/EOFException
Event: 0.889 loading class java/io/EOFException done
Event: 0.919 loading class java/lang/Throwable$WrappedPrintStream
Event: 0.920 loading class java/lang/Throwable$PrintStreamOrWriter
Event: 0.920 loading class java/lang/Throwable$PrintStreamOrWriter done
Event: 0.920 loading class java/lang/Throwable$WrappedPrintStream done
Event: 0.920 loading class java/lang/StackTraceElement$HashedModules
Event: 0.920 loading class java/lang/StackTraceElement$HashedModules done
Event: 0.925 loading class java/lang/invoke/BoundMethodHandle$Species_LLLLL
Event: 0.925 loading class java/lang/invoke/BoundMethodHandle$Species_LLLLL done
Event: 0.926 Thread 0x00000288ffb610a0 Thread added: 0x00000288ffb610a0
Event: 0.936 Thread 0x00000288ffb610a0 Thread exited: 0x00000288ffb610a0
Event: 0.937 Executing VM operation: Exit


Dynamic libraries:
0x00007ff6cb440000 - 0x00007ff6cb44f000 	C:\Program Files\Java\jdk-15.0.2\bin\java.exe
0x00007ffbffd10000 - 0x00007ffbfff05000 	C:\WINDOWS\SYSTEM32\ntdll.dll
0x00007ffbfe5e0000 - 0x00007ffbfe69e000 	C:\WINDOWS\System32\KERNEL32.DLL
0x00007ffbfd7a0000 - 0x00007ffbfda69000 	C:\WINDOWS\System32\KERNELBASE.dll
0x00007ffbfd5e0000 - 0x00007ffbfd6e0000 	C:\WINDOWS\System32\ucrtbase.dll
0x00007ffbe1640000 - 0x00007ffbe1658000 	C:\Program Files\Java\jdk-15.0.2\bin\jli.dll
0x00007ffbe9910000 - 0x00007ffbe9929000 	C:\Program Files\Java\jdk-15.0.2\bin\VCRUNTIME140.dll
0x00007ffbff870000 - 0x00007ffbff91c000 	C:\WINDOWS\System32\ADVAPI32.dll
0x00007ffbff190000 - 0x00007ffbff22e000 	C:\WINDOWS\System32\msvcrt.dll
0x00007ffbfdde0000 - 0x00007ffbfde7b000 	C:\WINDOWS\System32\sechost.dll
0x00007ffbff600000 - 0x00007ffbff72a000 	C:\WINDOWS\System32\RPCRT4.dll
0x00007ffbfdf80000 - 0x00007ffbfe121000 	C:\WINDOWS\System32\USER32.dll
0x00007ffbfda70000 - 0x00007ffbfda92000 	C:\WINDOWS\System32\win32u.dll
0x00007ffbef680000 - 0x00007ffbef91a000 	C:\WINDOWS\WinSxS\amd64_microsoft.windows.common-controls_6595b64144ccf1df_6.0.19041.1110_none_60b5254171f9507e\COMCTL32.dll
0x00007ffbffca0000 - 0x00007ffbffccb000 	C:\WINDOWS\System32\GDI32.dll
0x00007ffbfdc00000 - 0x00007ffbfdd0b000 	C:\WINDOWS\System32\gdi32full.dll
0x00007ffbfd540000 - 0x00007ffbfd5dd000 	C:\WINDOWS\System32\msvcp_win.dll
0x00007ffbf1a80000 - 0x00007ffbf1a8a000 	C:\WINDOWS\SYSTEM32\VERSION.dll
0x00007ffbff730000 - 0x00007ffbff760000 	C:\WINDOWS\System32\IMM32.DLL
0x00007ffbf77f0000 - 0x00007ffbf77fc000 	C:\Program Files\Java\jdk-15.0.2\bin\vcruntime140_1.dll
0x00007ffbb8f80000 - 0x00007ffbb9011000 	C:\Program Files\Java\jdk-15.0.2\bin\msvcp140.dll
0x00007ffb79ce0000 - 0x00007ffb7a83e000 	C:\Program Files\Java\jdk-15.0.2\bin\server\jvm.dll
0x00007ffbfe890000 - 0x00007ffbfe898000 	C:\WINDOWS\System32\PSAPI.DLL
0x00007ffbe6250000 - 0x00007ffbe6277000 	C:\WINDOWS\SYSTEM32\WINMM.dll
0x00007ffbd3170000 - 0x00007ffbd3179000 	C:\WINDOWS\SYSTEM32\WSOCK32.dll
0x00007ffbff590000 - 0x00007ffbff5fb000 	C:\WINDOWS\System32\WS2_32.dll
0x00007ffbfbcb0000 - 0x00007ffbfbcc2000 	C:\WINDOWS\SYSTEM32\kernel.appcore.dll
0x00007ffbf77c0000 - 0x00007ffbf77ca000 	C:\Program Files\Java\jdk-15.0.2\bin\jimage.dll
0x00007ffbfbaa0000 - 0x00007ffbfbc84000 	C:\WINDOWS\SYSTEM32\DBGHELP.DLL
0x00007ffbe9fa0000 - 0x00007ffbe9fcc000 	C:\WINDOWS\SYSTEM32\dbgcore.DLL
0x00007ffbfd710000 - 0x00007ffbfd793000 	C:\WINDOWS\System32\bcryptPrimitives.dll
0x00007ffbdeb90000 - 0x00007ffbdeb9e000 	C:\Program Files\Java\jdk-15.0.2\bin\instrument.dll
0x00007ffbd0ed0000 - 0x00007ffbd0ef5000 	C:\Program Files\Java\jdk-15.0.2\bin\java.dll
0x00007ffbfe8a0000 - 0x00007ffbfefdf000 	C:\WINDOWS\System32\SHELL32.dll
0x00007ffbf8100000 - 0x00007ffbf8890000 	C:\WINDOWS\SYSTEM32\windows.storage.dll
0x00007ffbff230000 - 0x00007ffbff585000 	C:\WINDOWS\System32\combase.dll
0x00007ffbfce10000 - 0x00007ffbfce3c000 	C:\WINDOWS\SYSTEM32\Wldp.dll
0x00007ffbffac0000 - 0x00007ffbffb6e000 	C:\WINDOWS\System32\SHCORE.dll
0x00007ffbff920000 - 0x00007ffbff975000 	C:\WINDOWS\System32\shlwapi.dll
0x00007ffbfd370000 - 0x00007ffbfd38f000 	C:\WINDOWS\SYSTEM32\profapi.dll
0x00007ffbd9de0000 - 0x00007ffbd9df8000 	C:\Program Files\Java\jdk-15.0.2\bin\zip.dll
0x00007ffbdb760000 - 0x00007ffbdb779000 	C:\Program Files\Java\jdk-15.0.2\bin\net.dll
0x00007ffbf46f0000 - 0x00007ffbf47f8000 	C:\WINDOWS\SYSTEM32\WINHTTP.dll
0x00007ffbfcb70000 - 0x00007ffbfcbda000 	C:\WINDOWS\system32\mswsock.dll
0x00007ffbdafb0000 - 0x00007ffbdafc2000 	C:\Program Files\Java\jdk-15.0.2\bin\nio.dll
0x00007ffbd2d30000 - 0x00007ffbd2d4a000 	C:\Users\Steven Zhu\AppData\Local\JetBrains\Toolbox\apps\IDEA-C\ch-0\213.4631.20\bin\breakgen64.dll
0x00007ffbe1510000 - 0x00007ffbe1520000 	C:\Program Files\Java\jdk-15.0.2\bin\verify.dll
0x0000000180000000 - 0x0000000180051000 	C:\MyStuff\Java\CustomEngine\libs\natives\lwjgl64.dll
0x00007ffbd1330000 - 0x00007ffbd1455000 	C:\WINDOWS\SYSTEM32\OPENGL32.dll
0x00007ffbef3e0000 - 0x00007ffbef40c000 	C:\WINDOWS\SYSTEM32\GLU32.dll
0x00007ffbf39c0000 - 0x00007ffbf3a6e000 	C:\WINDOWS\SYSTEM32\mscms.dll
0x00007ffbfd2f0000 - 0x00007ffbfd31e000 	C:\WINDOWS\SYSTEM32\USERENV.dll
0x00007ffbf39a0000 - 0x00007ffbf39b1000 	C:\WINDOWS\SYSTEM32\ColorAdapterClient.dll
0x00007ffbfe7c0000 - 0x00007ffbfe88d000 	C:\WINDOWS\System32\OLEAUT32.dll
0x00007ffbff760000 - 0x00007ffbff809000 	C:\WINDOWS\System32\clbcatq.dll
0x00007ffbf1060000 - 0x00007ffbf10a4000 	C:\Windows\System32\Windows.Internal.Graphics.Display.DisplayColorManagement.dll
0x00007ffbfdd10000 - 0x00007ffbfdd5e000 	C:\WINDOWS\System32\cfgmgr32.dll
0x00007ffbf78d0000 - 0x00007ffbf796e000 	C:\WINDOWS\system32\uxtheme.dll
0x00007ffbfe6a0000 - 0x00007ffbfe7b5000 	C:\WINDOWS\System32\MSCTF.dll
0x00007ffbf1a90000 - 0x00007ffbf1b89000 	C:\Windows\System32\AppXDeploymentClient.dll
0x00007ffb78c70000 - 0x00007ffb79cd7000 	C:\WINDOWS\System32\DriverStore\FileRepository\iigd_dch.inf_amd64_4f49892c99b2ed8d\ig11icd64.dll
0x00007ffbffb70000 - 0x00007ffbffc9a000 	C:\WINDOWS\System32\ole32.dll
0x00007ffbf7a30000 - 0x00007ffbf7a5f000 	C:\WINDOWS\system32\dwmapi.dll
0x00007ffbfbd20000 - 0x00007ffbfbe14000 	C:\WINDOWS\system32\dxgi.dll
0x00007ffb7d980000 - 0x00007ffb7dd6c000 	C:\WINDOWS\System32\DriverStore\FileRepository\iigd_dch.inf_amd64_4f49892c99b2ed8d\igdml64.dll
0x00007ffbeffc0000 - 0x00007ffbf0288000 	C:\WINDOWS\System32\DriverStore\FileRepository\iigd_dch.inf_amd64_4f49892c99b2ed8d\igdgmm64.dll
0x00007ffbd0db0000 - 0x00007ffbd0ea9000 	C:\WINDOWS\SYSTEM32\textinputframework.dll
0x00007ffbf7320000 - 0x00007ffbf7412000 	C:\WINDOWS\System32\CoreMessaging.dll
0x00007ffbf6a50000 - 0x00007ffbf6dae000 	C:\WINDOWS\System32\CoreUIComponents.dll
0x00007ffbfc120000 - 0x00007ffbfc153000 	C:\WINDOWS\SYSTEM32\ntmarta.dll
0x00007ffbf5c60000 - 0x00007ffbf5db4000 	C:\WINDOWS\SYSTEM32\wintypes.dll
0x00007ffbea870000 - 0x00007ffbed437000 	C:\WINDOWS\System32\DriverStore\FileRepository\iigd_dch.inf_amd64_4f49892c99b2ed8d\igc64.dll
0x00007ffbfd1f0000 - 0x00007ffbfd23b000 	C:\WINDOWS\SYSTEM32\powrprof.dll
0x00007ffbfd1d0000 - 0x00007ffbfd1e2000 	C:\WINDOWS\SYSTEM32\UMPDC.dll
0x00007ffbb8540000 - 0x00007ffbb86c0000 	C:\Program Files\Java\jdk-15.0.2\bin\awt.dll
0x00007ffbf7690000 - 0x00007ffbf7720000 	C:\WINDOWS\SYSTEM32\apphelp.dll

dbghelp: loaded successfully - version: 4.0.5 - missing functions: none
symbol engine: initialized successfully - sym options: 0x614 - pdb path: .;C:\Program Files\Java\jdk-15.0.2\bin;C:\WINDOWS\SYSTEM32;C:\WINDOWS\WinSxS\amd64_microsoft.windows.common-controls_6595b64144ccf1df_6.0.19041.1110_none_60b5254171f9507e;C:\Program Files\Java\jdk-15.0.2\bin\server;C:\Users\Steven Zhu\AppData\Local\JetBrains\Toolbox\apps\IDEA-C\ch-0\213.4631.20\bin;C:\MyStuff\Java\CustomEngine\libs\natives;C:\WINDOWS\System32\DriverStore\FileRepository\iigd_dch.inf_amd64_4f49892c99b2ed8d

VM Arguments:
jvm_args: -Djava.library.path=C:\MyStuff\Java\CustomEngine\libs\natives -javaagent:C:\Users\Steven Zhu\AppData\Local\JetBrains\Toolbox\apps\IDEA-C\ch-0\213.4631.20\lib\idea_rt.jar=57051:C:\Users\Steven Zhu\AppData\Local\JetBrains\Toolbox\apps\IDEA-C\ch-0\213.4631.20\bin -Dfile.encoding=UTF-8 
java_command: engine.core.tester.TestLoop
java_class_path (initial): C:\MyStuff\Java\CustomEngine\out\production\3DEngine;C:\MyStuff\Java\CustomEngine\libs\jars\lwjgl-glfw-natives-windows.jar;C:\MyStuff\Java\CustomEngine\libs\jars\lwjgl-glfw.jar;C:\MyStuff\Java\CustomEngine\libs\jars\lwjgl-nanovg-natives-windows.jar;C:\MyStuff\Java\CustomEngine\libs\jars\lwjgl-nanovg.jar;C:\MyStuff\Java\CustomEngine\libs\jars\lwjgl-natives-windows.jar;C:\MyStuff\Java\CustomEngine\libs\jars\lwjgl-tinyfd-natives-windows.jar;C:\MyStuff\Java\CustomEngine\libs\jars\lwjgl-tinyfd.jar;C:\MyStuff\Java\CustomEngine\libs\jars\lwjgl.jar;C:\MyStuff\Java\CustomEngine\libs\jars\lwjgl_util.jar;C:\MyStuff\Java\CustomEngine\libs\jars\slick-util.jar;C:\MyStuff\Java\CustomEngine\libs\jars\slick.jar
Launcher Type: SUN_STANDARD

[Global flags]
     intx CICompilerCount                          = 4                                         {product} {ergonomic}
     uint ConcGCThreads                            = 2                                         {product} {ergonomic}
     uint G1ConcRefinementThreads                  = 8                                         {product} {ergonomic}
   size_t G1HeapRegionSize                         = 2097152                                   {product} {ergonomic}
    uintx GCDrainStackTargetSize                   = 64                                        {product} {ergonomic}
   size_t InitialHeapSize                          = 264241152                                 {product} {ergonomic}
   size_t MarkStackSize                            = 4194304                                   {product} {ergonomic}
   size_t MaxHeapSize                              = 4208984064                                {product} {ergonomic}
   size_t MaxNewSize                               = 2524971008                                {product} {ergonomic}
   size_t MinHeapDeltaBytes                        = 2097152                                   {product} {ergonomic}
   size_t MinHeapSize                              = 8388608                                   {product} {ergonomic}
    uintx NonNMethodCodeHeapSize                   = 5839372                                {pd product} {ergonomic}
    uintx NonProfiledCodeHeapSize                  = 122909434                              {pd product} {ergonomic}
    uintx ProfiledCodeHeapSize                     = 122909434                              {pd product} {ergonomic}
    uintx ReservedCodeCacheSize                    = 251658240                              {pd product} {ergonomic}
     bool SegmentedCodeCache                       = true                                      {product} {ergonomic}
   size_t SoftMaxHeapSize                          = 4208984064                             {manageable} {ergonomic}
     bool UseCompressedClassPointers               = true                                 {lp64_product} {ergonomic}
     bool UseCompressedOops                        = true                                 {lp64_product} {ergonomic}
     bool UseG1GC                                  = true                                      {product} {ergonomic}
     bool UseLargePagesIndividualAllocation        = false                                  {pd product} {ergonomic}

Logging:
Log output configuration:
 #0: stdout all=off uptime,level,tags
 #1: stderr all=off uptime,level,tags

Environment Variables:
JAVA_HOME=C:\Program Files\Java\jdk-16
PATH=C:\Program Files\Java\jdk-16\bin;C:\Program Files (x86)\ActiveState Komodo IDE 12\;C:\WINDOWS\system32;C:\WINDOWS;C:\WINDOWS\System32\Wbem;C:\WINDOWS\System32\WindowsPowerShell\v1.0\;C:\WINDOWS\System32\OpenSSH\;C:\Program Files\dotnet\;C:\Program Files\Microsoft SQL Server\130\Tools\Binn\;C:\Program Files\Microsoft SQL Server\Client SDK\ODBC\170\Tools\Binn\;C:\Program Files\nodejs\;C:\Program Files\Git\cmd;C:\Program Files\WorldPainter;C:\Program Files (x86)\Gpg4win\..\GnuPG\bin;C:\msys64\mingw64\bin;C:\Users\Steven Zhu\.cargo\bin;C:\Users\Steven Zhu\AppData\Local\Microsoft\WindowsApps;C:\Users\Steven Zhu\AppData\Local\Programs\Microsoft VS Code\bin;C:\Users\Steven Zhu\.dotnet\tools;C:\Users\Steven Zhu\.deno\bin;C:\Users\Steven Zhu\AppData\Roaming\npm;C:\Users\Steven Zhu\.dotnet\tools;C:\Users\Steven Zhu\AppData\Local\GitHubDesktop\bin;C:\Users\Steven Zhu\AppData\Local\atom\bin
USERNAME=Steven Zhu
OS=Windows_NT
PROCESSOR_IDENTIFIER=Intel64 Family 6 Model 126 Stepping 5, GenuineIntel



---------------  S Y S T E M  ---------------

OS:
 Windows 10 , 64 bit Build 19041 (10.0.19041.1202)
OS uptime: 11 days 5:38 hours

CPU: total 8 (initial active 8) (4 cores per cpu, 2 threads per core) family 6 model 126 stepping 5 microcode 0x78, cmov, cx8, fxsr, mmx, sse, sse2, sse3, ssse3, sse4.1, sse4.2, popcnt, vzeroupper, avx, avx2, aes, clmul, erms, 3dnowpref, lzcnt, ht, tsc, tscinvbit, bmi1, bmi2, adx, avx512f, avx512dq, avx512cd, avx512bw, avx512vl, avx512_vpopcntdq, avx512_vpclmulqdq, avx512_vbmi, avx512_vbmi2, avx512_vaes, avx512_vnni, sha, fma, clflush, clflushopt

Memory: 4k page, system-wide physical 16049M (6358M free)
TotalPageFile size 25777M (AvailPageFile size 12811M)
current process WorkingSet (physical memory assigned to process): 135M, peak: 138M
current process commit charge ("private bytes"): 416M, peak: 418M

vm_info: Java HotSpot(TM) 64-Bit Server VM (15.0.2+7-27) for windows-amd64 JRE (15.0.2+7-27), built on Dec  7 2020 20:07:01 by "mach5one" with unknown MS VC++:1925

END.
