#
# A fatal error has been detected by the Java Runtime Environment:
#
#  EXCEPTION_ACCESS_VIOLATION (0xc0000005) at pc=0x00007ffb098ed1b9, pid=161964, tid=162568
#
# JRE version: Java(TM) SE Runtime Environment (15.0.2+7) (build 15.0.2+7-27)
# Java VM: Java HotSpot(TM) 64-Bit Server VM (15.0.2+7-27, mixed mode, sharing, tiered, compressed oops, g1 gc, windows-amd64)
# Problematic frame:
# C  [ig11icd64.dll+0x5bd1b9]
#
# No core dump will be written. Minidumps are not enabled by default on client versions of Windows
#
# If you would like to submit a bug report, please visit:
#   https://bugreport.java.com/bugreport/crash.jsp
#

---------------  S U M M A R Y ------------

Command Line: -Djava.library.path=C:\MyStuff\Java\CustomEngine\libs\natives -javaagent:C:\Users\Steven Zhu\AppData\Local\JetBrains\Toolbox\apps\IDEA-C\ch-0\212.5080.55\lib\idea_rt.jar=64643:C:\Users\Steven Zhu\AppData\Local\JetBrains\Toolbox\apps\IDEA-C\ch-0\212.5080.55\bin -Dfile.encoding=UTF-8 engine.core.tester.TestLoop

Host: Intel(R) Core(TM) i7-1065G7 CPU @ 1.30GHz, 8 cores, 15G,  Windows 10 , 64 bit Build 19041 (10.0.19041.1151)
Time: Sat Aug 28 12:01:20 2021 AUS Eastern Standard Time elapsed time: 1.729466 seconds (0d 0h 0m 1s)

---------------  T H R E A D  ---------------

Current thread (0x000001a93c2f7100):  VMThread "VM Thread" [stack: 0x0000000916e00000,0x0000000916f00000] [id=162568]

Stack: [0x0000000916e00000,0x0000000916f00000],  sp=0x0000000916efe850,  free space=1018k
Native frames: (J=compiled Java code, j=interpreted, Vv=VM code, C=native code)
C  [ig11icd64.dll+0x5bd1b9]


siginfo: EXCEPTION_ACCESS_VIOLATION (0xc0000005), reading address 0x00000000000352f8


Register to memory mapping:

RIP=0x00007ffb098ed1b9 ig11icd64.dll
RAX=0x000001a9446d60e0 points into unknown readable memory: 0x000000000000009f | 9f 00 00 00 00 00 00 00
RBX=0x000001a9446d5fd0 points into unknown readable memory: 0x000001a93cf172d0 | d0 72 f1 3c a9 01 00 00
RCX=0x0 is NULL
RDX=0x000001a9446d60a0 points into unknown readable memory: 0x0000000000000000 | 00 00 00 00 00 00 00 00
RSP=0x0000000916efe850 points into unknown readable memory: 0x000001a93cec6da0 | a0 6d ec 3c a9 01 00 00
RBP=0x000001a9446d5a40 points into unknown readable memory: 0x000001a93cf172d0 | d0 72 f1 3c a9 01 00 00
RSI=0x000001a9446d64e8 points into unknown readable memory: 0x000001a9446d5a40 | 40 5a 6d 44 a9 01 00 00
RDI=0x000001a93e1fae50 points into unknown readable memory: 0x0000000000000000 | 00 00 00 00 00 00 00 00
R8 =0x0000000000000008 is an unknown value
R9 =0x0 is NULL
R10=0x0 is NULL
R11=0x0000000000000246 is an unknown value
R12=0x0 is NULL
R13=0x0 is NULL
R14=0x0 is NULL
R15=0x0 is NULL


Registers:
RAX=0x000001a9446d60e0, RBX=0x000001a9446d5fd0, RCX=0x0000000000000000, RDX=0x000001a9446d60a0
RSP=0x0000000916efe850, RBP=0x000001a9446d5a40, RSI=0x000001a9446d64e8, RDI=0x000001a93e1fae50
R8 =0x0000000000000008, R9 =0x0000000000000000, R10=0x0000000000000000, R11=0x0000000000000246
R12=0x0000000000000000, R13=0x0000000000000000, R14=0x0000000000000000, R15=0x0000000000000000
RIP=0x00007ffb098ed1b9, EFLAGS=0x0000000000010202

Top of Stack: (sp=0x0000000916efe850)
0x0000000916efe850:   000001a93cec6da0 0000000916efe890
0x0000000916efe860:   0000000916efe898 0000005400000000
0x0000000916efe870:   00007ffb0a2cae80 00000000000000a0
0x0000000916efe880:   000001a93e3c0550 0000000000000058
0x0000000916efe890:   0000000000000000 00007ffb098ce6f2
0x0000000916efe8a0:   000001a93cec6da0 000001a93e1fae50
0x0000000916efe8b0:   0000000916efe9a0 0000000000000000
0x0000000916efe8c0:   0000000000003f34 0000000000000000
0x0000000916efe8d0:   0000000000000000 0000000000000000
0x0000000916efe8e0:   0000000000140012 00007ffbad349398
0x0000000916efe8f0:   0000000000000000 0000000000000000
0x0000000916efe900:   0000000000000000 0000000000000000
0x0000000916efe910:   0000000000000070 0000000000000000
0x0000000916efe920:   0000000000000000 0000000000000000
0x0000000916efe930:   0000000000000000 0000000000000000
0x0000000916efe940:   0000b802008a0000 0000000000003f34 

Instructions: (pc=0x00007ffb098ed1b9)
0x00007ffb098ed0b9:   30 44 38 24 01 75 05 e8 b3 10 f9 ff 65 48 8b 04
0x00007ffb098ed0c9:   25 58 00 00 00 41 be 10 00 00 00 48 8b 04 30 4d
0x00007ffb098ed0d9:   8b 34 06 48 85 ed 0f 84 6f 03 00 00 66 66 66 0f
0x00007ffb098ed0e9:   1f 84 00 00 00 00 00 48 8b dd 48 8d b5 18 05 00
0x00007ffb098ed0f9:   00 48 8b 2e 45 84 ff 74 1d 48 8b 0b 48 8b d3 80
0x00007ffb098ed109:   bb 6a 05 00 00 00 0f 85 f2 02 00 00 e8 16 66 fe
0x00007ffb098ed119:   ff e9 f4 02 00 00 8b 8f d0 01 00 00 48 8b 05 24
0x00007ffb098ed129:   15 8e 00 83 b8 54 03 00 00 02 0f 85 f4 00 00 00
0x00007ffb098ed139:   48 8d 93 d0 00 00 00 83 f9 10 73 04 8b c1 eb 56
0x00007ffb098ed149:   44 8d 41 f0 41 8b c0 c1 e8 04 83 f8 03 73 20 0f
0x00007ffb098ed159:   ae e8 41 83 e0 0f 4c 8b 8c c2 00 04 00 00 4d 85
0x00007ffb098ed169:   c9 74 25 41 8b c0 48 c1 e0 06 49 03 c1 eb 2e 48
0x00007ffb098ed179:   8b 82 18 04 00 00 48 85 c0 74 0d 39 08 74 29 48
0x00007ffb098ed189:   8b 40 48 48 85 c0 75 f3 80 ba 20 04 00 00 00 74
0x00007ffb098ed199:   1d 8b c1 83 e0 0f 48 c1 e0 06 48 03 c2 48 85 c0
0x00007ffb098ed1a9:   74 0c 48 8b 48 08 eb 08 48 83 c0 08 eb ef 33 c9
0x00007ffb098ed1b9:   49 3b 8e f8 52 03 00 76 6b 48 8b 87 80 02 00 00
0x00007ffb098ed1c9:   48 89 06 48 89 9f 80 02 00 00 ff 87 88 02 00 00
0x00007ffb098ed1d9:   48 8b 4b 08 48 8b 01 ba 01 00 00 00 48 8b 80 d8
0x00007ffb098ed1e9:   02 00 00 ff 15 0e 74 58 00 0f b7 c8 48 2b c1 48
0x00007ffb098ed1f9:   05 00 00 01 00 48 01 87 90 02 00 00 48 8b 4b 08
0x00007ffb098ed209:   48 8b 01 ba 01 00 00 00 48 8b 80 d8 02 00 00 ff
0x00007ffb098ed219:   15 e2 73 58 00 48 01 87 a0 02 00 00 41 b4 01 e9
0x00007ffb098ed229:   e6 01 00 00 44 8b 9f d0 01 00 00 48 8b 87 e8 01
0x00007ffb098ed239:   00 00 4c 8b 10 8b 8f d0 01 00 00 48 8d 93 d0 00
0x00007ffb098ed249:   00 00 83 f9 10 73 04 8b c1 eb 57 44 8d 41 f0 41
0x00007ffb098ed259:   8b c0 c1 e8 04 83 f8 03 73 20 0f ae e8 41 83 e0
0x00007ffb098ed269:   0f 4c 8b 8c c2 00 04 00 00 4d 85 c9 74 26 41 8b
0x00007ffb098ed279:   c0 48 c1 e0 06 49 03 c1 eb 2f 48 8b 82 18 04 00
0x00007ffb098ed289:   00 48 85 c0 74 0e 90 39 08 74 3c 48 8b 40 48 48
0x00007ffb098ed299:   85 c0 75 f3 80 ba 20 04 00 00 00 74 1b 8b c1 83
0x00007ffb098ed2a9:   e0 0f 48 c1 e0 06 48 03 c2 48 85 c0 74 0a 4c 39 


Stack slot to memory mapping:
stack at sp + 0 slots: 0x000001a93cec6da0 points into unknown readable memory: 0xffffffffffffffff | ff ff ff ff ff ff ff ff
stack at sp + 1 slots: 0x0000000916efe890 points into unknown readable memory: 0x0000000000000000 | 00 00 00 00 00 00 00 00
stack at sp + 2 slots: 0x0000000916efe898 points into unknown readable memory: 0x00007ffb098ce6f2 | f2 e6 8c 09 fb 7f 00 00
stack at sp + 3 slots: 0x0000005400000000 is an unknown value
stack at sp + 4 slots: 0x00007ffb0a2cae80 ig11icd64.dll
stack at sp + 5 slots: 0x00000000000000a0 is an unknown value
stack at sp + 6 slots: 0x000001a93e3c0550 points into unknown readable memory: 0x0000000000000000 | 00 00 00 00 00 00 00 00
stack at sp + 7 slots: 0x0000000000000058 is an unknown value

VM_Operation (0x00000009168fea90): Exit, mode: safepoint, requested by thread 0x000001a916e70de0


---------------  P R O C E S S  ---------------

Threads class SMR info:
_java_thread_list=0x000001a94446c300, length=13, elements={
0x000001a916e70de0, 0x000001a93c2f8980, 0x000001a93c2fb560, 0x000001a93c311c40,
0x000001a93c313700, 0x000001a93c3151c0, 0x000001a93c31f700, 0x000001a93c320600,
0x000001a93c32a110, 0x000001a93ccbad30, 0x000001a93ce402d0, 0x000001a93ce48c40,
0x000001a9446904c0
}

Java Threads: ( => current thread )
  0x000001a916e70de0 JavaThread "main" [_thread_blocked, id=157004, stack(0x0000000916800000,0x0000000916900000)]
  0x000001a93c2f8980 JavaThread "Reference Handler" daemon [_thread_blocked, id=162208, stack(0x0000000916f00000,0x0000000917000000)]
  0x000001a93c2fb560 JavaThread "Finalizer" daemon [_thread_blocked, id=168708, stack(0x0000000917000000,0x0000000917100000)]
  0x000001a93c311c40 JavaThread "Signal Dispatcher" daemon [_thread_blocked, id=156004, stack(0x0000000917100000,0x0000000917200000)]
  0x000001a93c313700 JavaThread "Attach Listener" daemon [_thread_blocked, id=167380, stack(0x0000000917200000,0x0000000917300000)]
  0x000001a93c3151c0 JavaThread "Service Thread" daemon [_thread_blocked, id=157472, stack(0x0000000917300000,0x0000000917400000)]
  0x000001a93c31f700 JavaThread "C2 CompilerThread0" daemon [_thread_blocked, id=163248, stack(0x0000000917400000,0x0000000917500000)]
  0x000001a93c320600 JavaThread "C1 CompilerThread0" daemon [_thread_blocked, id=159748, stack(0x0000000917500000,0x0000000917600000)]
  0x000001a93c32a110 JavaThread "Sweeper thread" daemon [_thread_blocked, id=149372, stack(0x0000000917600000,0x0000000917700000)]
  0x000001a93ccbad30 JavaThread "Common-Cleaner" daemon [_thread_blocked, id=165740, stack(0x0000000917700000,0x0000000917800000)]
  0x000001a93ce402d0 JavaThread "Monitor Ctrl-Break" daemon [_thread_in_native, id=127792, stack(0x0000000917800000,0x0000000917900000)]
  0x000001a93ce48c40 JavaThread "Notification Thread" daemon [_thread_blocked, id=142892, stack(0x0000000917900000,0x0000000917a00000)]
  0x000001a9446904c0 JavaThread "C2 CompilerThread1" daemon [_thread_blocked, id=167912, stack(0x0000000918000000,0x0000000918100000)]

Other Threads:
=>0x000001a93c2f7100 VMThread "VM Thread" [stack: 0x0000000916e00000,0x0000000916f00000] [id=162568]
  0x000001a916ec1e00 GCTaskThread "GC Thread#0" [stack: 0x0000000916900000,0x0000000916a00000] [id=157880]
  0x000001a916ed3ae0 ConcurrentGCThread "G1 Main Marker" [stack: 0x0000000916a00000,0x0000000916b00000] [id=167084]
  0x000001a916ed4e70 ConcurrentGCThread "G1 Conc#0" [stack: 0x0000000916b00000,0x0000000916c00000] [id=165016]
  0x000001a93c1f40f0 ConcurrentGCThread "G1 Refine#0" [stack: 0x0000000916c00000,0x0000000916d00000] [id=169544]
  0x000001a93c1f4cf0 ConcurrentGCThread "G1 Young RemSet Sampling" [stack: 0x0000000916d00000,0x0000000916e00000] [id=159888]

Threads with active compile tasks:

VM state: at safepoint (shutting down)

VM Mutex/Monitor currently owned by a thread:  ([mutex/lock_event])
[0x000001a916e6cfe0] Threads_lock - owner thread: 0x000001a93c2f7100
[0x000001a916e6cec0] Heap_lock - owner thread: 0x000001a916e70de0

Heap address: 0x0000000705000000, size: 4016 MB, Compressed Oops mode: Zero based, Oop shift amount: 3
CDS archive(s) mapped at: [0x0000000800000000-0x0000000800b50000-0x0000000800b50000), size 11862016, SharedBaseAddress: 0x0000000800000000, ArchiveRelocationMode: 0.
Compressed class space mapped at: 0x0000000800b50000-0x0000000840b50000, size: 1073741824
Narrow klass base: 0x0000000800000000, Narrow klass shift: 3, Narrow klass range: 0x100000000

GC Precious Log:
 CPUs: 8 total, 8 available
 Memory: 16057M
 Large Page Support: Disabled
 NUMA Support: Disabled
 Compressed Oops: Enabled (Zero based)
 Heap Region Size: 2M
 Heap Min Capacity: 8M
 Heap Initial Capacity: 252M
 Heap Max Capacity: 4016M
 Pre-touch: Disabled
 Parallel Workers: 8
 Concurrent Workers: 2
 Concurrent Refinement Workers: 8
 Periodic GC: Disabled

Heap:
 garbage-first heap   total 258048K, used 10240K [0x0000000705000000, 0x0000000800000000)
  region size 2048K, 6 young (12288K), 0 survivors (0K)
 Metaspace       used 3588K, capacity 6021K, committed 6144K, reserved 1056768K
  class space    used 247K, capacity 503K, committed 512K, reserved 1048576K

Heap Regions: E=young(eden), S=young(survivor), O=old, HS=humongous(starts), HC=humongous(continues), CS=collection set, F=free, OA=open archive, CA=closed archive, TAMS=top-at-mark-start (previous, next)
|   0|0x0000000705000000, 0x0000000705000000, 0x0000000705200000|  0%| F|  |TAMS 0x0000000705000000, 0x0000000705000000| Untracked 
|   1|0x0000000705200000, 0x0000000705200000, 0x0000000705400000|  0%| F|  |TAMS 0x0000000705200000, 0x0000000705200000| Untracked 
|   2|0x0000000705400000, 0x0000000705400000, 0x0000000705600000|  0%| F|  |TAMS 0x0000000705400000, 0x0000000705400000| Untracked 
|   3|0x0000000705600000, 0x0000000705600000, 0x0000000705800000|  0%| F|  |TAMS 0x0000000705600000, 0x0000000705600000| Untracked 
|   4|0x0000000705800000, 0x0000000705800000, 0x0000000705a00000|  0%| F|  |TAMS 0x0000000705800000, 0x0000000705800000| Untracked 
|   5|0x0000000705a00000, 0x0000000705a00000, 0x0000000705c00000|  0%| F|  |TAMS 0x0000000705a00000, 0x0000000705a00000| Untracked 
|   6|0x0000000705c00000, 0x0000000705c00000, 0x0000000705e00000|  0%| F|  |TAMS 0x0000000705c00000, 0x0000000705c00000| Untracked 
|   7|0x0000000705e00000, 0x0000000705e00000, 0x0000000706000000|  0%| F|  |TAMS 0x0000000705e00000, 0x0000000705e00000| Untracked 
|   8|0x0000000706000000, 0x0000000706000000, 0x0000000706200000|  0%| F|  |TAMS 0x0000000706000000, 0x0000000706000000| Untracked 
|   9|0x0000000706200000, 0x0000000706200000, 0x0000000706400000|  0%| F|  |TAMS 0x0000000706200000, 0x0000000706200000| Untracked 
|  10|0x0000000706400000, 0x0000000706400000, 0x0000000706600000|  0%| F|  |TAMS 0x0000000706400000, 0x0000000706400000| Untracked 
|  11|0x0000000706600000, 0x0000000706600000, 0x0000000706800000|  0%| F|  |TAMS 0x0000000706600000, 0x0000000706600000| Untracked 
|  12|0x0000000706800000, 0x0000000706800000, 0x0000000706a00000|  0%| F|  |TAMS 0x0000000706800000, 0x0000000706800000| Untracked 
|  13|0x0000000706a00000, 0x0000000706a00000, 0x0000000706c00000|  0%| F|  |TAMS 0x0000000706a00000, 0x0000000706a00000| Untracked 
|  14|0x0000000706c00000, 0x0000000706c00000, 0x0000000706e00000|  0%| F|  |TAMS 0x0000000706c00000, 0x0000000706c00000| Untracked 
|  15|0x0000000706e00000, 0x0000000706e00000, 0x0000000707000000|  0%| F|  |TAMS 0x0000000706e00000, 0x0000000706e00000| Untracked 
|  16|0x0000000707000000, 0x0000000707000000, 0x0000000707200000|  0%| F|  |TAMS 0x0000000707000000, 0x0000000707000000| Untracked 
|  17|0x0000000707200000, 0x0000000707200000, 0x0000000707400000|  0%| F|  |TAMS 0x0000000707200000, 0x0000000707200000| Untracked 
|  18|0x0000000707400000, 0x0000000707400000, 0x0000000707600000|  0%| F|  |TAMS 0x0000000707400000, 0x0000000707400000| Untracked 
|  19|0x0000000707600000, 0x0000000707600000, 0x0000000707800000|  0%| F|  |TAMS 0x0000000707600000, 0x0000000707600000| Untracked 
|  20|0x0000000707800000, 0x0000000707800000, 0x0000000707a00000|  0%| F|  |TAMS 0x0000000707800000, 0x0000000707800000| Untracked 
|  21|0x0000000707a00000, 0x0000000707a00000, 0x0000000707c00000|  0%| F|  |TAMS 0x0000000707a00000, 0x0000000707a00000| Untracked 
|  22|0x0000000707c00000, 0x0000000707c00000, 0x0000000707e00000|  0%| F|  |TAMS 0x0000000707c00000, 0x0000000707c00000| Untracked 
|  23|0x0000000707e00000, 0x0000000707e00000, 0x0000000708000000|  0%| F|  |TAMS 0x0000000707e00000, 0x0000000707e00000| Untracked 
|  24|0x0000000708000000, 0x0000000708000000, 0x0000000708200000|  0%| F|  |TAMS 0x0000000708000000, 0x0000000708000000| Untracked 
|  25|0x0000000708200000, 0x0000000708200000, 0x0000000708400000|  0%| F|  |TAMS 0x0000000708200000, 0x0000000708200000| Untracked 
|  26|0x0000000708400000, 0x0000000708400000, 0x0000000708600000|  0%| F|  |TAMS 0x0000000708400000, 0x0000000708400000| Untracked 
|  27|0x0000000708600000, 0x0000000708600000, 0x0000000708800000|  0%| F|  |TAMS 0x0000000708600000, 0x0000000708600000| Untracked 
|  28|0x0000000708800000, 0x0000000708800000, 0x0000000708a00000|  0%| F|  |TAMS 0x0000000708800000, 0x0000000708800000| Untracked 
|  29|0x0000000708a00000, 0x0000000708a00000, 0x0000000708c00000|  0%| F|  |TAMS 0x0000000708a00000, 0x0000000708a00000| Untracked 
|  30|0x0000000708c00000, 0x0000000708c00000, 0x0000000708e00000|  0%| F|  |TAMS 0x0000000708c00000, 0x0000000708c00000| Untracked 
|  31|0x0000000708e00000, 0x0000000708e00000, 0x0000000709000000|  0%| F|  |TAMS 0x0000000708e00000, 0x0000000708e00000| Untracked 
|  32|0x0000000709000000, 0x0000000709000000, 0x0000000709200000|  0%| F|  |TAMS 0x0000000709000000, 0x0000000709000000| Untracked 
|  33|0x0000000709200000, 0x0000000709200000, 0x0000000709400000|  0%| F|  |TAMS 0x0000000709200000, 0x0000000709200000| Untracked 
|  34|0x0000000709400000, 0x0000000709400000, 0x0000000709600000|  0%| F|  |TAMS 0x0000000709400000, 0x0000000709400000| Untracked 
|  35|0x0000000709600000, 0x0000000709600000, 0x0000000709800000|  0%| F|  |TAMS 0x0000000709600000, 0x0000000709600000| Untracked 
|  36|0x0000000709800000, 0x0000000709800000, 0x0000000709a00000|  0%| F|  |TAMS 0x0000000709800000, 0x0000000709800000| Untracked 
|  37|0x0000000709a00000, 0x0000000709a00000, 0x0000000709c00000|  0%| F|  |TAMS 0x0000000709a00000, 0x0000000709a00000| Untracked 
|  38|0x0000000709c00000, 0x0000000709c00000, 0x0000000709e00000|  0%| F|  |TAMS 0x0000000709c00000, 0x0000000709c00000| Untracked 
|  39|0x0000000709e00000, 0x0000000709e00000, 0x000000070a000000|  0%| F|  |TAMS 0x0000000709e00000, 0x0000000709e00000| Untracked 
|  40|0x000000070a000000, 0x000000070a000000, 0x000000070a200000|  0%| F|  |TAMS 0x000000070a000000, 0x000000070a000000| Untracked 
|  41|0x000000070a200000, 0x000000070a200000, 0x000000070a400000|  0%| F|  |TAMS 0x000000070a200000, 0x000000070a200000| Untracked 
|  42|0x000000070a400000, 0x000000070a400000, 0x000000070a600000|  0%| F|  |TAMS 0x000000070a400000, 0x000000070a400000| Untracked 
|  43|0x000000070a600000, 0x000000070a600000, 0x000000070a800000|  0%| F|  |TAMS 0x000000070a600000, 0x000000070a600000| Untracked 
|  44|0x000000070a800000, 0x000000070a800000, 0x000000070aa00000|  0%| F|  |TAMS 0x000000070a800000, 0x000000070a800000| Untracked 
|  45|0x000000070aa00000, 0x000000070aa00000, 0x000000070ac00000|  0%| F|  |TAMS 0x000000070aa00000, 0x000000070aa00000| Untracked 
|  46|0x000000070ac00000, 0x000000070ac00000, 0x000000070ae00000|  0%| F|  |TAMS 0x000000070ac00000, 0x000000070ac00000| Untracked 
|  47|0x000000070ae00000, 0x000000070ae00000, 0x000000070b000000|  0%| F|  |TAMS 0x000000070ae00000, 0x000000070ae00000| Untracked 
|  48|0x000000070b000000, 0x000000070b000000, 0x000000070b200000|  0%| F|  |TAMS 0x000000070b000000, 0x000000070b000000| Untracked 
|  49|0x000000070b200000, 0x000000070b200000, 0x000000070b400000|  0%| F|  |TAMS 0x000000070b200000, 0x000000070b200000| Untracked 
|  50|0x000000070b400000, 0x000000070b400000, 0x000000070b600000|  0%| F|  |TAMS 0x000000070b400000, 0x000000070b400000| Untracked 
|  51|0x000000070b600000, 0x000000070b600000, 0x000000070b800000|  0%| F|  |TAMS 0x000000070b600000, 0x000000070b600000| Untracked 
|  52|0x000000070b800000, 0x000000070b800000, 0x000000070ba00000|  0%| F|  |TAMS 0x000000070b800000, 0x000000070b800000| Untracked 
|  53|0x000000070ba00000, 0x000000070ba00000, 0x000000070bc00000|  0%| F|  |TAMS 0x000000070ba00000, 0x000000070ba00000| Untracked 
|  54|0x000000070bc00000, 0x000000070bc00000, 0x000000070be00000|  0%| F|  |TAMS 0x000000070bc00000, 0x000000070bc00000| Untracked 
|  55|0x000000070be00000, 0x000000070be00000, 0x000000070c000000|  0%| F|  |TAMS 0x000000070be00000, 0x000000070be00000| Untracked 
|  56|0x000000070c000000, 0x000000070c000000, 0x000000070c200000|  0%| F|  |TAMS 0x000000070c000000, 0x000000070c000000| Untracked 
|  57|0x000000070c200000, 0x000000070c200000, 0x000000070c400000|  0%| F|  |TAMS 0x000000070c200000, 0x000000070c200000| Untracked 
|  58|0x000000070c400000, 0x000000070c400000, 0x000000070c600000|  0%| F|  |TAMS 0x000000070c400000, 0x000000070c400000| Untracked 
|  59|0x000000070c600000, 0x000000070c600000, 0x000000070c800000|  0%| F|  |TAMS 0x000000070c600000, 0x000000070c600000| Untracked 
|  60|0x000000070c800000, 0x000000070c800000, 0x000000070ca00000|  0%| F|  |TAMS 0x000000070c800000, 0x000000070c800000| Untracked 
|  61|0x000000070ca00000, 0x000000070ca00000, 0x000000070cc00000|  0%| F|  |TAMS 0x000000070ca00000, 0x000000070ca00000| Untracked 
|  62|0x000000070cc00000, 0x000000070cc00000, 0x000000070ce00000|  0%| F|  |TAMS 0x000000070cc00000, 0x000000070cc00000| Untracked 
|  63|0x000000070ce00000, 0x000000070ce00000, 0x000000070d000000|  0%| F|  |TAMS 0x000000070ce00000, 0x000000070ce00000| Untracked 
|  64|0x000000070d000000, 0x000000070d000000, 0x000000070d200000|  0%| F|  |TAMS 0x000000070d000000, 0x000000070d000000| Untracked 
|  65|0x000000070d200000, 0x000000070d200000, 0x000000070d400000|  0%| F|  |TAMS 0x000000070d200000, 0x000000070d200000| Untracked 
|  66|0x000000070d400000, 0x000000070d400000, 0x000000070d600000|  0%| F|  |TAMS 0x000000070d400000, 0x000000070d400000| Untracked 
|  67|0x000000070d600000, 0x000000070d600000, 0x000000070d800000|  0%| F|  |TAMS 0x000000070d600000, 0x000000070d600000| Untracked 
|  68|0x000000070d800000, 0x000000070d800000, 0x000000070da00000|  0%| F|  |TAMS 0x000000070d800000, 0x000000070d800000| Untracked 
|  69|0x000000070da00000, 0x000000070da00000, 0x000000070dc00000|  0%| F|  |TAMS 0x000000070da00000, 0x000000070da00000| Untracked 
|  70|0x000000070dc00000, 0x000000070dc00000, 0x000000070de00000|  0%| F|  |TAMS 0x000000070dc00000, 0x000000070dc00000| Untracked 
|  71|0x000000070de00000, 0x000000070de00000, 0x000000070e000000|  0%| F|  |TAMS 0x000000070de00000, 0x000000070de00000| Untracked 
|  72|0x000000070e000000, 0x000000070e000000, 0x000000070e200000|  0%| F|  |TAMS 0x000000070e000000, 0x000000070e000000| Untracked 
|  73|0x000000070e200000, 0x000000070e200000, 0x000000070e400000|  0%| F|  |TAMS 0x000000070e200000, 0x000000070e200000| Untracked 
|  74|0x000000070e400000, 0x000000070e400000, 0x000000070e600000|  0%| F|  |TAMS 0x000000070e400000, 0x000000070e400000| Untracked 
|  75|0x000000070e600000, 0x000000070e600000, 0x000000070e800000|  0%| F|  |TAMS 0x000000070e600000, 0x000000070e600000| Untracked 
|  76|0x000000070e800000, 0x000000070e800000, 0x000000070ea00000|  0%| F|  |TAMS 0x000000070e800000, 0x000000070e800000| Untracked 
|  77|0x000000070ea00000, 0x000000070ea00000, 0x000000070ec00000|  0%| F|  |TAMS 0x000000070ea00000, 0x000000070ea00000| Untracked 
|  78|0x000000070ec00000, 0x000000070ec00000, 0x000000070ee00000|  0%| F|  |TAMS 0x000000070ec00000, 0x000000070ec00000| Untracked 
|  79|0x000000070ee00000, 0x000000070ee00000, 0x000000070f000000|  0%| F|  |TAMS 0x000000070ee00000, 0x000000070ee00000| Untracked 
|  80|0x000000070f000000, 0x000000070f000000, 0x000000070f200000|  0%| F|  |TAMS 0x000000070f000000, 0x000000070f000000| Untracked 
|  81|0x000000070f200000, 0x000000070f200000, 0x000000070f400000|  0%| F|  |TAMS 0x000000070f200000, 0x000000070f200000| Untracked 
|  82|0x000000070f400000, 0x000000070f400000, 0x000000070f600000|  0%| F|  |TAMS 0x000000070f400000, 0x000000070f400000| Untracked 
|  83|0x000000070f600000, 0x000000070f600000, 0x000000070f800000|  0%| F|  |TAMS 0x000000070f600000, 0x000000070f600000| Untracked 
|  84|0x000000070f800000, 0x000000070f800000, 0x000000070fa00000|  0%| F|  |TAMS 0x000000070f800000, 0x000000070f800000| Untracked 
|  85|0x000000070fa00000, 0x000000070fa00000, 0x000000070fc00000|  0%| F|  |TAMS 0x000000070fa00000, 0x000000070fa00000| Untracked 
|  86|0x000000070fc00000, 0x000000070fc00000, 0x000000070fe00000|  0%| F|  |TAMS 0x000000070fc00000, 0x000000070fc00000| Untracked 
|  87|0x000000070fe00000, 0x000000070fe00000, 0x0000000710000000|  0%| F|  |TAMS 0x000000070fe00000, 0x000000070fe00000| Untracked 
|  88|0x0000000710000000, 0x0000000710000000, 0x0000000710200000|  0%| F|  |TAMS 0x0000000710000000, 0x0000000710000000| Untracked 
|  89|0x0000000710200000, 0x0000000710200000, 0x0000000710400000|  0%| F|  |TAMS 0x0000000710200000, 0x0000000710200000| Untracked 
|  90|0x0000000710400000, 0x0000000710400000, 0x0000000710600000|  0%| F|  |TAMS 0x0000000710400000, 0x0000000710400000| Untracked 
|  91|0x0000000710600000, 0x0000000710600000, 0x0000000710800000|  0%| F|  |TAMS 0x0000000710600000, 0x0000000710600000| Untracked 
|  92|0x0000000710800000, 0x0000000710800000, 0x0000000710a00000|  0%| F|  |TAMS 0x0000000710800000, 0x0000000710800000| Untracked 
|  93|0x0000000710a00000, 0x0000000710a00000, 0x0000000710c00000|  0%| F|  |TAMS 0x0000000710a00000, 0x0000000710a00000| Untracked 
|  94|0x0000000710c00000, 0x0000000710c00000, 0x0000000710e00000|  0%| F|  |TAMS 0x0000000710c00000, 0x0000000710c00000| Untracked 
|  95|0x0000000710e00000, 0x0000000710e00000, 0x0000000711000000|  0%| F|  |TAMS 0x0000000710e00000, 0x0000000710e00000| Untracked 
|  96|0x0000000711000000, 0x0000000711000000, 0x0000000711200000|  0%| F|  |TAMS 0x0000000711000000, 0x0000000711000000| Untracked 
|  97|0x0000000711200000, 0x0000000711200000, 0x0000000711400000|  0%| F|  |TAMS 0x0000000711200000, 0x0000000711200000| Untracked 
|  98|0x0000000711400000, 0x0000000711400000, 0x0000000711600000|  0%| F|  |TAMS 0x0000000711400000, 0x0000000711400000| Untracked 
|  99|0x0000000711600000, 0x0000000711600000, 0x0000000711800000|  0%| F|  |TAMS 0x0000000711600000, 0x0000000711600000| Untracked 
| 100|0x0000000711800000, 0x0000000711800000, 0x0000000711a00000|  0%| F|  |TAMS 0x0000000711800000, 0x0000000711800000| Untracked 
| 101|0x0000000711a00000, 0x0000000711a00000, 0x0000000711c00000|  0%| F|  |TAMS 0x0000000711a00000, 0x0000000711a00000| Untracked 
| 102|0x0000000711c00000, 0x0000000711c00000, 0x0000000711e00000|  0%| F|  |TAMS 0x0000000711c00000, 0x0000000711c00000| Untracked 
| 103|0x0000000711e00000, 0x0000000711e00000, 0x0000000712000000|  0%| F|  |TAMS 0x0000000711e00000, 0x0000000711e00000| Untracked 
| 104|0x0000000712000000, 0x0000000712000000, 0x0000000712200000|  0%| F|  |TAMS 0x0000000712000000, 0x0000000712000000| Untracked 
| 105|0x0000000712200000, 0x0000000712200000, 0x0000000712400000|  0%| F|  |TAMS 0x0000000712200000, 0x0000000712200000| Untracked 
| 106|0x0000000712400000, 0x0000000712400000, 0x0000000712600000|  0%| F|  |TAMS 0x0000000712400000, 0x0000000712400000| Untracked 
| 107|0x0000000712600000, 0x0000000712600000, 0x0000000712800000|  0%| F|  |TAMS 0x0000000712600000, 0x0000000712600000| Untracked 
| 108|0x0000000712800000, 0x0000000712800000, 0x0000000712a00000|  0%| F|  |TAMS 0x0000000712800000, 0x0000000712800000| Untracked 
| 109|0x0000000712a00000, 0x0000000712a00000, 0x0000000712c00000|  0%| F|  |TAMS 0x0000000712a00000, 0x0000000712a00000| Untracked 
| 110|0x0000000712c00000, 0x0000000712c00000, 0x0000000712e00000|  0%| F|  |TAMS 0x0000000712c00000, 0x0000000712c00000| Untracked 
| 111|0x0000000712e00000, 0x0000000712e00000, 0x0000000713000000|  0%| F|  |TAMS 0x0000000712e00000, 0x0000000712e00000| Untracked 
| 112|0x0000000713000000, 0x0000000713000000, 0x0000000713200000|  0%| F|  |TAMS 0x0000000713000000, 0x0000000713000000| Untracked 
| 113|0x0000000713200000, 0x0000000713200000, 0x0000000713400000|  0%| F|  |TAMS 0x0000000713200000, 0x0000000713200000| Untracked 
| 114|0x0000000713400000, 0x0000000713400000, 0x0000000713600000|  0%| F|  |TAMS 0x0000000713400000, 0x0000000713400000| Untracked 
| 115|0x0000000713600000, 0x0000000713600000, 0x0000000713800000|  0%| F|  |TAMS 0x0000000713600000, 0x0000000713600000| Untracked 
| 116|0x0000000713800000, 0x0000000713800000, 0x0000000713a00000|  0%| F|  |TAMS 0x0000000713800000, 0x0000000713800000| Untracked 
| 117|0x0000000713a00000, 0x0000000713a00000, 0x0000000713c00000|  0%| F|  |TAMS 0x0000000713a00000, 0x0000000713a00000| Untracked 
| 118|0x0000000713c00000, 0x0000000713c00000, 0x0000000713e00000|  0%| F|  |TAMS 0x0000000713c00000, 0x0000000713c00000| Untracked 
| 119|0x0000000713e00000, 0x0000000713e00000, 0x0000000714000000|  0%| F|  |TAMS 0x0000000713e00000, 0x0000000713e00000| Untracked 
| 120|0x0000000714000000, 0x0000000714000800, 0x0000000714200000|  0%| E|  |TAMS 0x0000000714000000, 0x0000000714000000| Complete 
| 121|0x0000000714200000, 0x0000000714400000, 0x0000000714400000|100%| E|CS|TAMS 0x0000000714200000, 0x0000000714200000| Complete 
| 122|0x0000000714400000, 0x0000000714600000, 0x0000000714600000|100%| E|CS|TAMS 0x0000000714400000, 0x0000000714400000| Complete 
| 123|0x0000000714600000, 0x0000000714800000, 0x0000000714800000|100%| E|CS|TAMS 0x0000000714600000, 0x0000000714600000| Complete 
| 124|0x0000000714800000, 0x0000000714a00000, 0x0000000714a00000|100%| E|CS|TAMS 0x0000000714800000, 0x0000000714800000| Complete 
| 125|0x0000000714a00000, 0x0000000714c00000, 0x0000000714c00000|100%| E|CS|TAMS 0x0000000714a00000, 0x0000000714a00000| Complete 

Card table byte_map: [0x000001a930b10000,0x000001a9312f0000] _byte_map_base: 0x000001a92d2e8000

Marking Bits (Prev, Next): (CMBitMap*) 0x000001a916ec2670, (CMBitMap*) 0x000001a916ec26b0
 Prev Bits: [0x000001a931ad0000, 0x000001a935990000)
 Next Bits: [0x000001a935990000, 0x000001a939850000)

Polling page: 0x000001a916f50000

Metaspace:

Usage:
  Non-class:      5.39 MB capacity,     3.26 MB ( 61%) used,     2.12 MB ( 39%) free+waste,     3.44 KB ( <1%) overhead. 
      Class:    503.00 KB capacity,   247.04 KB ( 49%) used,   254.59 KB ( 51%) free+waste,     1.38 KB ( <1%) overhead. 
       Both:      5.88 MB capacity,     3.50 MB ( 60%) used,     2.37 MB ( 40%) free+waste,     4.81 KB ( <1%) overhead. 

Virtual space:
  Non-class space:        8.00 MB reserved,       5.50 MB ( 69%) committed 
      Class space:        1.00 GB reserved,     512.00 KB ( <1%) committed 
             Both:        1.01 GB reserved,       6.00 MB ( <1%) committed 

Chunk freelists:
   Non-Class:  114.00 KB
       Class:  9.00 KB
        Both:  123.00 KB

MaxMetaspaceSize: 17179869184.00 GB
CompressedClassSpaceSize: 1.00 GB

CodeHeap 'non-profiled nmethods': size=120000Kb used=215Kb max_used=215Kb free=119784Kb
 bounds [0x000001a928390000, 0x000001a928600000, 0x000001a92f8c0000]
CodeHeap 'profiled nmethods': size=120000Kb used=1225Kb max_used=1225Kb free=118774Kb
 bounds [0x000001a920e60000, 0x000001a9210d0000, 0x000001a928390000]
CodeHeap 'non-nmethods': size=5760Kb used=1246Kb max_used=1263Kb free=4513Kb
 bounds [0x000001a9208c0000, 0x000001a920b30000, 0x000001a920e60000]
 total_blobs=1237 nmethods=723 adapters=427
 compilation: enabled
              stopped_count=0, restarted_count=0
 full_count=0

Compilation events (20 events):
Event: 1.153 Thread 0x000001a93c320600  713       3       java.lang.invoke.MemberName::getReferenceKind (12 bytes)
Event: 1.153 Thread 0x000001a93c320600 nmethod 713 0x000001a920f87910 code [0x000001a920f87aa0, 0x000001a920f87bb8]
Event: 1.153 Thread 0x000001a93c320600  714       3       java.util.Arrays::equals (57 bytes)
Event: 1.153 Thread 0x000001a93c320600 nmethod 714 0x000001a920f87c90 code [0x000001a920f87e60, 0x000001a920f883c8]
Event: 1.153 Thread 0x000001a93c320600  715       3       jdk.internal.org.objectweb.asm.SymbolTable::addConstantClass (8 bytes)
Event: 1.154 Thread 0x000001a93c320600 nmethod 715 0x000001a920f88590 code [0x000001a920f88740, 0x000001a920f88868]
Event: 1.154 Thread 0x000001a93c320600  716       3       jdk.internal.org.objectweb.asm.Frame::execute (2305 bytes)
Event: 1.156 Thread 0x000001a9446904c0 nmethod 674% 0x000001a9283c3f90 code [0x000001a9283c4120, 0x000001a9283c4858]
Event: 1.156 Thread 0x000001a9446904c0  698       4       java.lang.StringBuilder::append (8 bytes)
Event: 1.162 Thread 0x000001a93c320600 nmethod 716 0x000001a920f88910 code [0x000001a920f89640, 0x000001a920f8fad8]
Event: 1.162 Thread 0x000001a93c320600  721       3       java.lang.invoke.LambdaForm$BasicType::basicType (19 bytes)
Event: 1.162 Thread 0x000001a93c320600 nmethod 721 0x000001a920f91690 code [0x000001a920f91860, 0x000001a920f91a98]
Event: 1.162 Thread 0x000001a93c320600  717       3       java.util.ImmutableCollections$ListN::get (7 bytes)
Event: 1.162 Thread 0x000001a93c320600 nmethod 717 0x000001a920f91c10 code [0x000001a920f91da0, 0x000001a920f91ed8]
Event: 1.162 Thread 0x000001a93c320600  720       1       java.lang.invoke.LambdaForm$Name::index (5 bytes)
Event: 1.162 Thread 0x000001a93c320600 nmethod 720 0x000001a9283c4990 code [0x000001a9283c4b20, 0x000001a9283c4bd8]
Event: 1.162 Thread 0x000001a93c320600  724       3       jdk.internal.org.objectweb.asm.ByteVector::put12 (64 bytes)
Event: 1.163 Thread 0x000001a93c320600 nmethod 724 0x000001a920f91f90 code [0x000001a920f92140, 0x000001a920f92368]
Event: 1.166 Thread 0x000001a9446904c0 nmethod 698 0x000001a9283c4c90 code [0x000001a9283c4e20, 0x000001a9283c53f8]
Event: 1.175 Thread 0x000001a93c31f700 nmethod 673 0x000001a9283c5790 code [0x000001a9283c5900, 0x000001a9283c5b58]

GC Heap History (0 events):
No events

Deoptimization events (20 events):
Event: 1.137 Thread 0x000001a916e70de0 DEOPT PACKING pc=0x000001a920f75434 sp=0x00000009168fe6d0
Event: 1.137 Thread 0x000001a916e70de0 DEOPT UNPACKING pc=0x000001a92090f6cf sp=0x00000009168fdb58 mode 0
Event: 1.137 Thread 0x000001a916e70de0 DEOPT PACKING pc=0x000001a920f74947 sp=0x00000009168fe6d0
Event: 1.137 Thread 0x000001a916e70de0 DEOPT UNPACKING pc=0x000001a92090f6cf sp=0x00000009168fdb60 mode 0
Event: 1.138 Thread 0x000001a916e70de0 DEOPT PACKING pc=0x000001a920f75434 sp=0x00000009168fe6d0
Event: 1.138 Thread 0x000001a916e70de0 DEOPT UNPACKING pc=0x000001a92090f6cf sp=0x00000009168fdb58 mode 0
Event: 1.138 Thread 0x000001a916e70de0 DEOPT PACKING pc=0x000001a920f75434 sp=0x00000009168fe6d0
Event: 1.138 Thread 0x000001a916e70de0 DEOPT UNPACKING pc=0x000001a92090f6cf sp=0x00000009168fdb58 mode 0
Event: 1.138 Thread 0x000001a916e70de0 DEOPT PACKING pc=0x000001a920f74947 sp=0x00000009168fe6d0
Event: 1.138 Thread 0x000001a916e70de0 DEOPT UNPACKING pc=0x000001a92090f6cf sp=0x00000009168fdb60 mode 0
Event: 1.138 Thread 0x000001a916e70de0 DEOPT PACKING pc=0x000001a920f75434 sp=0x00000009168fe6d0
Event: 1.138 Thread 0x000001a916e70de0 DEOPT UNPACKING pc=0x000001a92090f6cf sp=0x00000009168fdb58 mode 0
Event: 1.138 Thread 0x000001a916e70de0 DEOPT PACKING pc=0x000001a920f75434 sp=0x00000009168fe6d0
Event: 1.138 Thread 0x000001a916e70de0 DEOPT UNPACKING pc=0x000001a92090f6cf sp=0x00000009168fdb58 mode 0
Event: 1.138 Thread 0x000001a916e70de0 DEOPT PACKING pc=0x000001a920f75434 sp=0x00000009168fe6d0
Event: 1.138 Thread 0x000001a916e70de0 DEOPT UNPACKING pc=0x000001a92090f6cf sp=0x00000009168fdb58 mode 0
Event: 1.141 Thread 0x000001a916e70de0 Uncommon trap: trap_request=0xffffff45 fr.pc=0x000001a9283ae2b4 relative=0x0000000000000034
Event: 1.141 Thread 0x000001a916e70de0 Uncommon trap: reason=unstable_if action=reinterpret pc=0x000001a9283ae2b4 method=java.util.Objects.requireNonNull(Ljava/lang/Object;)Ljava/lang/Object; @ 1 c2
Event: 1.141 Thread 0x000001a916e70de0 DEOPT PACKING pc=0x000001a9283ae2b4 sp=0x00000009168fed30
Event: 1.141 Thread 0x000001a916e70de0 DEOPT UNPACKING pc=0x000001a9208c852f sp=0x00000009168fecd0 mode 2

Classes unloaded (0 events):
No events

Classes redefined (0 events):
No events

Internal exceptions (3 events):
Event: 0.229 Thread 0x000001a93ce402d0 Exception <a 'java/lang/NoSuchMethodError'{0x000000071487b5d0}: 'java.lang.Object java.lang.invoke.DirectMethodHandle$Holder.invokeStatic(java.lang.Object)'> (0x000000071487b5d0) 
thrown [./open/src/hotspot/share/interpreter/linkResolver.cpp, line 782]
Event: 0.230 Thread 0x000001a93ce402d0 Exception <a 'java/lang/NoSuchMethodError'{0x000000071487eee0}: 'java.lang.Object java.lang.invoke.DirectMethodHandle$Holder.invokeStaticInit(java.lang.Object)'> (0x000000071487eee0) 
thrown [./open/src/hotspot/share/interpreter/linkResolver.cpp, line 782]
Event: 0.245 Thread 0x000001a93ce402d0 Exception <a 'java/lang/NoSuchMethodError'{0x000000071488c258}: 'void java.lang.invoke.DirectMethodHandle$Holder.invokeStatic(java.lang.Object, java.lang.Object)'> (0x000000071488c258) 
thrown [./open/src/hotspot/share/interpreter/linkResolver.cpp, line 782]

Events (20 events):
Event: 1.081 loading class jdk/internal/vm/VMSupport
Event: 1.081 loading class jdk/internal/vm/VMSupport done
Event: 1.113 Thread 0x000001a944619370 Thread exited: 0x000001a944619370
Event: 1.141 loading class java/lang/Throwable$WrappedPrintStream
Event: 1.141 loading class java/lang/Throwable$PrintStreamOrWriter
Event: 1.141 loading class java/lang/Throwable$PrintStreamOrWriter done
Event: 1.141 loading class java/lang/Throwable$WrappedPrintStream done
Event: 1.142 loading class java/lang/StackTraceElement$HashedModules
Event: 1.143 loading class java/lang/StackTraceElement$HashedModules done
Event: 1.149 loading class java/lang/invoke/BoundMethodHandle$Species_LLL
Event: 1.149 loading class java/lang/invoke/BoundMethodHandle$Species_LLL done
Event: 1.152 loading class java/lang/invoke/BoundMethodHandle$Species_LJ
Event: 1.152 loading class java/lang/invoke/BoundMethodHandle$Species_LJ done
Event: 1.153 loading class java/lang/invoke/BoundMethodHandle$Species_LLLL
Event: 1.153 loading class java/lang/invoke/BoundMethodHandle$Species_LLLL done
Event: 1.155 loading class java/lang/invoke/BoundMethodHandle$Species_LLLLL
Event: 1.155 loading class java/lang/invoke/BoundMethodHandle$Species_LLLLL done
Event: 1.157 Thread 0x000001a9446f2420 Thread added: 0x000001a9446f2420
Event: 1.195 Thread 0x000001a9446f2420 Thread exited: 0x000001a9446f2420
Event: 1.195 Executing VM operation: Exit


Dynamic libraries:
0x00007ff6c84d0000 - 0x00007ff6c84df000 	C:\Program Files\Java\jdk-15.0.2\bin\java.exe
0x00007ffbb7590000 - 0x00007ffbb7785000 	C:\WINDOWS\SYSTEM32\ntdll.dll
0x00007ffbb5880000 - 0x00007ffbb593d000 	C:\WINDOWS\System32\KERNEL32.DLL
0x00007ffbb4d80000 - 0x00007ffbb5049000 	C:\WINDOWS\System32\KERNELBASE.dll
0x00007ffbb54f0000 - 0x00007ffbb55f0000 	C:\WINDOWS\System32\ucrtbase.dll
0x00007ffb9eae0000 - 0x00007ffb9eaf9000 	C:\Program Files\Java\jdk-15.0.2\bin\VCRUNTIME140.dll
0x00007ffba9710000 - 0x00007ffba9728000 	C:\Program Files\Java\jdk-15.0.2\bin\jli.dll
0x00007ffbb7110000 - 0x00007ffbb71bc000 	C:\WINDOWS\System32\ADVAPI32.dll
0x00007ffbb5b70000 - 0x00007ffbb5c0e000 	C:\WINDOWS\System32\msvcrt.dll
0x00007ffbb6ee0000 - 0x00007ffbb6f7b000 	C:\WINDOWS\System32\sechost.dll
0x00007ffbb7300000 - 0x00007ffbb742a000 	C:\WINDOWS\System32\RPCRT4.dll
0x00007ffbb64b0000 - 0x00007ffbb6650000 	C:\WINDOWS\System32\USER32.dll
0x00007ffbb4cc0000 - 0x00007ffbb4ce2000 	C:\WINDOWS\System32\win32u.dll
0x00007ffbb6000000 - 0x00007ffbb602a000 	C:\WINDOWS\System32\GDI32.dll
0x00007ffb9fd40000 - 0x00007ffb9ffda000 	C:\WINDOWS\WinSxS\amd64_microsoft.windows.common-controls_6595b64144ccf1df_6.0.19041.1110_none_60b5254171f9507e\COMCTL32.dll
0x00007ffbb5160000 - 0x00007ffbb526b000 	C:\WINDOWS\System32\gdi32full.dll
0x00007ffbb5420000 - 0x00007ffbb54bd000 	C:\WINDOWS\System32\msvcp_win.dll
0x00007ffbab200000 - 0x00007ffbab20a000 	C:\WINDOWS\SYSTEM32\VERSION.dll
0x00007ffbb5a70000 - 0x00007ffbb5aa0000 	C:\WINDOWS\System32\IMM32.DLL
0x00007ffbae120000 - 0x00007ffbae12c000 	C:\Program Files\Java\jdk-15.0.2\bin\vcruntime140_1.dll
0x00007ffb92a40000 - 0x00007ffb92ad1000 	C:\Program Files\Java\jdk-15.0.2\bin\msvcp140.dll
0x00007ffb1fd40000 - 0x00007ffb2089e000 	C:\Program Files\Java\jdk-15.0.2\bin\server\jvm.dll
0x00007ffbb55f0000 - 0x00007ffbb55f8000 	C:\WINDOWS\System32\PSAPI.DLL
0x00007ffba96a0000 - 0x00007ffba96a9000 	C:\WINDOWS\SYSTEM32\WSOCK32.dll
0x00007ffb9ab80000 - 0x00007ffb9aba7000 	C:\WINDOWS\SYSTEM32\WINMM.dll
0x00007ffbb70a0000 - 0x00007ffbb710b000 	C:\WINDOWS\System32\WS2_32.dll
0x00007ffbb3550000 - 0x00007ffbb3562000 	C:\WINDOWS\SYSTEM32\kernel.appcore.dll
0x00007ffbaa3e0000 - 0x00007ffbaa3ea000 	C:\Program Files\Java\jdk-15.0.2\bin\jimage.dll
0x00007ffbb3340000 - 0x00007ffbb3524000 	C:\WINDOWS\SYSTEM32\DBGHELP.DLL
0x00007ffb9f350000 - 0x00007ffb9f37c000 	C:\WINDOWS\SYSTEM32\dbgcore.DLL
0x00007ffbb4cf0000 - 0x00007ffbb4d73000 	C:\WINDOWS\System32\bcryptPrimitives.dll
0x00007ffbaa370000 - 0x00007ffbaa37e000 	C:\Program Files\Java\jdk-15.0.2\bin\instrument.dll
0x00007ffb9d4d0000 - 0x00007ffb9d4f5000 	C:\Program Files\Java\jdk-15.0.2\bin\java.dll
0x00007ffbb66c0000 - 0x00007ffbb6dff000 	C:\WINDOWS\System32\SHELL32.dll
0x00007ffbaf9a0000 - 0x00007ffbb0130000 	C:\WINDOWS\SYSTEM32\windows.storage.dll
0x00007ffbb5ca0000 - 0x00007ffbb5ff5000 	C:\WINDOWS\System32\combase.dll
0x00007ffbb4720000 - 0x00007ffbb474c000 	C:\WINDOWS\SYSTEM32\Wldp.dll
0x00007ffbb5600000 - 0x00007ffbb56ae000 	C:\WINDOWS\System32\SHCORE.dll
0x00007ffbb72a0000 - 0x00007ffbb72f5000 	C:\WINDOWS\System32\shlwapi.dll
0x00007ffbb4c00000 - 0x00007ffbb4c1f000 	C:\WINDOWS\SYSTEM32\profapi.dll
0x00007ffb9d430000 - 0x00007ffb9d448000 	C:\Program Files\Java\jdk-15.0.2\bin\zip.dll
0x00007ffb9d4b0000 - 0x00007ffb9d4c9000 	C:\Program Files\Java\jdk-15.0.2\bin\net.dll
0x00007ffbab640000 - 0x00007ffbab748000 	C:\WINDOWS\SYSTEM32\WINHTTP.dll
0x00007ffbb4410000 - 0x00007ffbb447a000 	C:\WINDOWS\system32\mswsock.dll
0x00007ffb9d490000 - 0x00007ffb9d4a2000 	C:\Program Files\Java\jdk-15.0.2\bin\nio.dll
0x00007ffb9bb80000 - 0x00007ffb9bb9a000 	C:\Users\Steven Zhu\AppData\Local\JetBrains\Toolbox\apps\IDEA-C\ch-0\212.5080.55\bin\breakgen64.dll
0x00007ffb98da0000 - 0x00007ffb98db0000 	C:\Program Files\Java\jdk-15.0.2\bin\verify.dll
0x0000000180000000 - 0x0000000180051000 	C:\MyStuff\Java\CustomEngine\libs\natives\lwjgl64.dll
0x00007ffb80000000 - 0x00007ffb80125000 	C:\WINDOWS\SYSTEM32\OPENGL32.dll
0x00007ffb7f580000 - 0x00007ffb7f5ac000 	C:\WINDOWS\SYSTEM32\GLU32.dll
0x00007ffbaba10000 - 0x00007ffbababe000 	C:\WINDOWS\SYSTEM32\mscms.dll
0x00007ffbb4bc0000 - 0x00007ffbb4bee000 	C:\WINDOWS\SYSTEM32\USERENV.dll
0x00007ffbab980000 - 0x00007ffbab991000 	C:\WINDOWS\SYSTEM32\ColorAdapterClient.dll
0x00007ffbb5aa0000 - 0x00007ffbb5b6d000 	C:\WINDOWS\System32\OLEAUT32.dll
0x00007ffbb7490000 - 0x00007ffbb7539000 	C:\WINDOWS\System32\clbcatq.dll
0x00007ffba8aa0000 - 0x00007ffba8ae4000 	C:\Windows\System32\Windows.Internal.Graphics.Display.DisplayColorManagement.dll
0x00007ffbb5270000 - 0x00007ffbb52be000 	C:\WINDOWS\System32\cfgmgr32.dll
0x00007ffbaf1d0000 - 0x00007ffbaf26e000 	C:\WINDOWS\system32\uxtheme.dll
0x00007ffbb6f80000 - 0x00007ffbb7095000 	C:\WINDOWS\System32\MSCTF.dll
0x00007ffba9560000 - 0x00007ffba9659000 	C:\Windows\System32\AppXDeploymentClient.dll
0x00007ffb09330000 - 0x00007ffb0a397000 	C:\WINDOWS\System32\DriverStore\FileRepository\iigd_dch.inf_amd64_4f49892c99b2ed8d\ig11icd64.dll
0x00007ffbb5940000 - 0x00007ffbb5a6a000 	C:\WINDOWS\System32\ole32.dll
0x00007ffbaf2d0000 - 0x00007ffbaf2ff000 	C:\WINDOWS\system32\dwmapi.dll
0x00007ffbb35c0000 - 0x00007ffbb36b4000 	C:\WINDOWS\system32\dxgi.dll
0x00007ffb1df80000 - 0x00007ffb1e36c000 	C:\WINDOWS\System32\DriverStore\FileRepository\iigd_dch.inf_amd64_4f49892c99b2ed8d\igdml64.dll
0x00007ffba7d30000 - 0x00007ffba7ff8000 	C:\WINDOWS\System32\DriverStore\FileRepository\iigd_dch.inf_amd64_4f49892c99b2ed8d\igdgmm64.dll
0x00007ffba7470000 - 0x00007ffba7569000 	C:\WINDOWS\SYSTEM32\textinputframework.dll
0x00007ffbae3c0000 - 0x00007ffbae71e000 	C:\WINDOWS\System32\CoreUIComponents.dll
0x00007ffbaeaa0000 - 0x00007ffbaeb92000 	C:\WINDOWS\System32\CoreMessaging.dll
0x00007ffbb39c0000 - 0x00007ffbb39f3000 	C:\WINDOWS\SYSTEM32\ntmarta.dll
0x00007ffbad250000 - 0x00007ffbad3a4000 	C:\WINDOWS\SYSTEM32\wintypes.dll
0x00007ffba2420000 - 0x00007ffba4fe7000 	C:\WINDOWS\System32\DriverStore\FileRepository\iigd_dch.inf_amd64_4f49892c99b2ed8d\igc64.dll
0x00007ffbb46d0000 - 0x00007ffbb471b000 	C:\WINDOWS\SYSTEM32\powrprof.dll
0x00007ffbb46b0000 - 0x00007ffbb46c2000 	C:\WINDOWS\SYSTEM32\UMPDC.dll
0x00007ffb71c20000 - 0x00007ffb71da0000 	C:\Program Files\Java\jdk-15.0.2\bin\awt.dll
0x00007ffbaedd0000 - 0x00007ffbaee60000 	C:\WINDOWS\SYSTEM32\apphelp.dll

dbghelp: loaded successfully - version: 4.0.5 - missing functions: none
symbol engine: initialized successfully - sym options: 0x614 - pdb path: .;C:\Program Files\Java\jdk-15.0.2\bin;C:\WINDOWS\SYSTEM32;C:\WINDOWS\WinSxS\amd64_microsoft.windows.common-controls_6595b64144ccf1df_6.0.19041.1110_none_60b5254171f9507e;C:\Program Files\Java\jdk-15.0.2\bin\server;C:\Users\Steven Zhu\AppData\Local\JetBrains\Toolbox\apps\IDEA-C\ch-0\212.5080.55\bin;C:\MyStuff\Java\CustomEngine\libs\natives;C:\WINDOWS\System32\DriverStore\FileRepository\iigd_dch.inf_amd64_4f49892c99b2ed8d

VM Arguments:
jvm_args: -Djava.library.path=C:\MyStuff\Java\CustomEngine\libs\natives -javaagent:C:\Users\Steven Zhu\AppData\Local\JetBrains\Toolbox\apps\IDEA-C\ch-0\212.5080.55\lib\idea_rt.jar=64643:C:\Users\Steven Zhu\AppData\Local\JetBrains\Toolbox\apps\IDEA-C\ch-0\212.5080.55\bin -Dfile.encoding=UTF-8 
java_command: engine.core.tester.TestLoop
java_class_path (initial): C:\MyStuff\Java\CustomEngine\out\production\3DEngine;C:\MyStuff\Java\CustomEngine\libs\jars\lwjgl-glfw-natives-windows.jar;C:\MyStuff\Java\CustomEngine\libs\jars\lwjgl-glfw.jar;C:\MyStuff\Java\CustomEngine\libs\jars\lwjgl-nanovg-natives-windows.jar;C:\MyStuff\Java\CustomEngine\libs\jars\lwjgl-nanovg.jar;C:\MyStuff\Java\CustomEngine\libs\jars\lwjgl-natives-windows.jar;C:\MyStuff\Java\CustomEngine\libs\jars\lwjgl-tinyfd-natives-windows.jar;C:\MyStuff\Java\CustomEngine\libs\jars\lwjgl-tinyfd.jar;C:\MyStuff\Java\CustomEngine\libs\jars\lwjgl.jar;C:\MyStuff\Java\CustomEngine\libs\jars\lwjgl_util.jar;C:\MyStuff\Java\CustomEngine\libs\jars\LWJGUI.jar;C:\MyStuff\Java\CustomEngine\libs\jars\slick-util.jar;C:\MyStuff\Java\CustomEngine\libs\jars\slick.jar
Launcher Type: SUN_STANDARD

[Global flags]
     intx CICompilerCount                          = 4                                         {product} {ergonomic}
     uint ConcGCThreads                            = 2                                         {product} {ergonomic}
     uint G1ConcRefinementThreads                  = 8                                         {product} {ergonomic}
   size_t G1HeapRegionSize                         = 2097152                                   {product} {ergonomic}
    uintx GCDrainStackTargetSize                   = 64                                        {product} {ergonomic}
   size_t InitialHeapSize                          = 264241152                                 {product} {ergonomic}
   size_t MarkStackSize                            = 4194304                                   {product} {ergonomic}
   size_t MaxHeapSize                              = 4211081216                                {product} {ergonomic}
   size_t MaxNewSize                               = 2524971008                                {product} {ergonomic}
   size_t MinHeapDeltaBytes                        = 2097152                                   {product} {ergonomic}
   size_t MinHeapSize                              = 8388608                                   {product} {ergonomic}
    uintx NonNMethodCodeHeapSize                   = 5839372                                {pd product} {ergonomic}
    uintx NonProfiledCodeHeapSize                  = 122909434                              {pd product} {ergonomic}
    uintx ProfiledCodeHeapSize                     = 122909434                              {pd product} {ergonomic}
    uintx ReservedCodeCacheSize                    = 251658240                              {pd product} {ergonomic}
     bool SegmentedCodeCache                       = true                                      {product} {ergonomic}
   size_t SoftMaxHeapSize                          = 4211081216                             {manageable} {ergonomic}
     bool UseCompressedClassPointers               = true                                 {lp64_product} {ergonomic}
     bool UseCompressedOops                        = true                                 {lp64_product} {ergonomic}
     bool UseG1GC                                  = true                                      {product} {ergonomic}
     bool UseLargePagesIndividualAllocation        = false                                  {pd product} {ergonomic}

Logging:
Log output configuration:
 #0: stdout all=off uptime,level,tags
 #1: stderr all=off uptime,level,tags

Environment Variables:
JAVA_HOME=C:\Program Files\Java\jdk-16
PATH=C:\Program Files\Java\jdk-16\bin;C:\Program Files (x86)\ActiveState Komodo IDE 12\;C:\WINDOWS\system32;C:\WINDOWS;C:\WINDOWS\System32\Wbem;C:\WINDOWS\System32\WindowsPowerShell\v1.0\;C:\WINDOWS\System32\OpenSSH\;C:\Program Files\dotnet\;C:\Program Files\Microsoft SQL Server\130\Tools\Binn\;C:\Program Files\Microsoft SQL Server\Client SDK\ODBC\170\Tools\Binn\;C:\Program Files\nodejs\;C:\Program Files\Git\cmd;;C:\Program Files\WorldPainter;C:\Users\Steven Zhu\.cargo\bin;C:\Users\Steven Zhu\AppData\Local\Microsoft\WindowsApps;C:\Users\Steven Zhu\AppData\Local\Programs\Microsoft VS Code\bin;C:\Users\Steven Zhu\.dotnet\tools;C:\Users\Steven Zhu\.deno\bin;C:\Users\Steven Zhu\AppData\Roaming\npm;C:\Users\Steven Zhu\.dotnet\tools;C:\Users\Steven Zhu\AppData\Local\GitHubDesktop\bin;C:\Users\Steven Zhu\AppData\Local\atom\bin
USERNAME=Steven Zhu
OS=Windows_NT
PROCESSOR_IDENTIFIER=Intel64 Family 6 Model 126 Stepping 5, GenuineIntel



---------------  S Y S T E M  ---------------

OS:
 Windows 10 , 64 bit Build 19041 (10.0.19041.1151)
OS uptime: 12 days 3:46 hours

CPU: total 8 (initial active 8) (4 cores per cpu, 2 threads per core) family 6 model 126 stepping 5 microcode 0xa0, cmov, cx8, fxsr, mmx, sse, sse2, sse3, ssse3, sse4.1, sse4.2, popcnt, vzeroupper, avx, avx2, aes, clmul, erms, 3dnowpref, lzcnt, ht, tsc, tscinvbit, bmi1, bmi2, adx, avx512f, avx512dq, avx512cd, avx512bw, avx512vl, avx512_vpopcntdq, avx512_vpclmulqdq, avx512_vbmi, avx512_vbmi2, avx512_vaes, avx512_vnni, sha, fma, clflush, clflushopt

Memory: 4k page, system-wide physical 16057M (3738M free)
TotalPageFile size 26904M (AvailPageFile size 4338M)
current process WorkingSet (physical memory assigned to process): 131M, peak: 135M
current process commit charge ("private bytes"): 404M, peak: 405M

vm_info: Java HotSpot(TM) 64-Bit Server VM (15.0.2+7-27) for windows-amd64 JRE (15.0.2+7-27), built on Dec  7 2020 20:07:01 by "mach5one" with unknown MS VC++:1925

END.
